Log file open, 07/14/16 20:41:28
LogInit:Display: Running engine for game: steamrumb
LogPlatformFile: Not using cached read wrapper
LogInit:Display: RandInit(1898096767) SRandInit(1898096768).
LogTaskGraph: Started task graph with 4 named threads and 7 total threads with 1 sets of task threads.
LogStats: Stats thread started at 0.069049
LogInit: Version: 4.12.5-3039270+++UE4+Release-4.12
LogInit: API Version: 2992821
LogInit: Net Version: 3039270
LogDevObjectVersion: Number of dev versions registered: 13
LogDevObjectVersion:   Dev-Blueprints (B0D832E4-1F89-4F0D-ACCF-7EB736FD4AA2): 3
LogDevObjectVersion:   Dev-Build (E1C64328-A22C-4D53-A36C-8E866417BD8C): 0
LogDevObjectVersion:   Dev-Core (375EC13C-06E4-48FB-B500-84F0262A717E): 1
LogDevObjectVersion:   Dev-Editor (E4B068ED-F494-42E9-A231-DA0B2E46BB41): 2
LogDevObjectVersion:   Dev-Framework (CFFC743F-43B0-4480-9391-14DF171D2073): 6
LogDevObjectVersion:   Dev-Mobile (B02B49B5-BB20-44E9-A304-32B752E40360): 0
LogDevObjectVersion:   Dev-Networking (A4E4105C-59A1-49B5-A7C5-40C4547EDFEE): 0
LogDevObjectVersion:   Dev-Online (39C831C9-5AE6-47DC-9A44-9C173E1C8E7C): 0
LogDevObjectVersion:   Dev-Physics (78F01B33-EBEA-4F98-B9B4-84EACCB95AA2): 0
LogDevObjectVersion:   Dev-Platform (6631380F-2D4D-43E0-8009-CF276956A95A): 0
LogDevObjectVersion:   Dev-Rendering (12F88B9F-8875-4AFC-A67C-D90C383ABD29): 2
LogDevObjectVersion:   Dev-Sequencer (7B5AE74C-D270-4C10-A958-57980B212A5A): 0
LogDevObjectVersion:   Dev-VR (D7296918-1DD6-4BDD-9DE2-64A83CC13884): 0
LogInit: Compiled (64-bit): Jul  6 2016 09:09:46
LogInit: Compiled with Visual C++: 19.00.23026.00
LogInit: Build Configuration: Development
LogInit: Branch Name: ++UE4+Release-4.12
LogInit: Command line:  
LogInit: Base directory: C:/Program Files (x86)/Epic Games/4.12/Engine/Binaries/Win64/
LogInit: Installed Engine Build: 1
LogInit: Using libcurl 7.41.0
LogInit:  - built for x86_64-pc-win32
LogInit:  - supports SSL with WinSSL
LogInit:  - other features:
LogInit:      CURL_VERSION_SSL
LogInit:      CURL_VERSION_IPV6
LogInit:      CURL_VERSION_ASYNCHDNS
LogInit:      CURL_VERSION_LARGEFILE
LogInit:      CURL_VERSION_IDN
LogInit:  CurlRequestOptions (configurable via config and command line):
LogInit:  - bVerifyPeer = true  - Libcurl will verify peer certificate
LogInit:  - bUseHttpProxy = false  - Libcurl will NOT use HTTP proxy
LogInit:  - bDontReuseConnections = false  - Libcurl will reuse connections
LogInit:  - CertBundlePath = nullptr  - Libcurl will use whatever was configured at build time.
LogInit: Presizing for max 8388607 objects, including 0 objects not considered by GC, pre-allocating 0 bytes for permanent pool.
LogInit: Object subsystem initialized
[2016.07.14-11.41.28:574][  0]LogInit: Selected Device Profile: [Windows]
[2016.07.14-11.41.28:574][  0]LogInit: Applying CVar settings loaded from the selected device profile: [Windows]
[2016.07.14-11.41.28:584][  0]LogInit: Computer: MIYAZEMI-01
[2016.07.14-11.41.28:584][  0]LogInit: User: game
[2016.07.14-11.41.28:584][  0]LogInit: CPU Page size=65536, Cores=4
[2016.07.14-11.41.28:584][  0]LogInit: High frequency timer resolution =3.355286 MHz
[2016.07.14-11.41.28:584][  0]LogMemory: Memory total: Physical=16.0GB (16GB approx)
[2016.07.14-11.41.28:584][  0]LogMemory: Platform Memory Stats for Windows
[2016.07.14-11.41.28:584][  0]LogMemory: Process Physical Memory: 190.40 MB used, 190.40 MB peak
[2016.07.14-11.41.28:584][  0]LogMemory: Process Virtual Memory: 195.13 MB used, 195.13 MB peak
[2016.07.14-11.41.28:584][  0]LogMemory: Physical Memory: 3865.61 MB used, 16365.14 MB total
[2016.07.14-11.41.28:584][  0]LogMemory: Virtual Memory: 553.91 MB used, 134217728.00 MB total
[2016.07.14-11.41.28:611][  0]LogTextLocalizationManager: No specific translations for ('ja-JP') exist, so ('ja') translations will be used.
[2016.07.14-11.41.28:676][  0]LogTextLocalizationManager:Warning: Loaded localization resources contain conflicting entries for (Namespace:K2Node, Key:false):
Localization Resource: (C:/Program Files (x86)/Epic Games/4.12/Engine/Content/Localization/EditorTutorials/ja/EditorTutorials.locres) Source String Hash: (816077464) Localized String: (偽)
Localization Resource: (C:/Program Files (x86)/Epic Games/4.12/Engine/Content/Localization/Engine/ja/Engine.locres) Source String Hash: (816077464) Localized String: (false)
[2016.07.14-11.41.28:676][  0]LogTextLocalizationManager:Warning: Loaded localization resources contain conflicting entries for (Namespace:K2Node, Key:true):
Localization Resource: (C:/Program Files (x86)/Epic Games/4.12/Engine/Content/Localization/EditorTutorials/ja/EditorTutorials.locres) Source String Hash: (-942328987) Localized String: (真)
Localization Resource: (C:/Program Files (x86)/Epic Games/4.12/Engine/Content/Localization/Engine/ja/Engine.locres) Source String Hash: (-942328987) Localized String: (true)
[2016.07.14-11.41.28:676][  0]LogTextLocalizationManager:Warning: Loaded localization resources contain conflicting entries for (Namespace:UObjectToolTips, Key:AnimNode_BlendSpacePlayer:bLoop):
Localization Resource: (C:/Program Files (x86)/Epic Games/4.12/Engine/Content/Localization/EditorTutorials/ja/EditorTutorials.locres) Source String Hash: (2133979316) Localized String: (再生が最後まで終わった後、ロープ再生するようにしますか？)
Localization Resource: (C:/Program Files (x86)/Epic Games/4.12/Engine/Content/Localization/ToolTips/ja/ToolTips.locres) Source String Hash: (2133979316) Localized String: (ループが最後まで到達した時に、アニメーションのループを継続するべきか？)
[2016.07.14-11.41.28:676][  0]LogTextLocalizationManager:Warning: Loaded localization resources contain conflicting entries for (Namespace:UObjectToolTips, Key:AnimNode_BlendSpacePlayer:X):
Localization Resource: (C:/Program Files (x86)/Epic Games/4.12/Engine/Content/Localization/EditorTutorials/ja/EditorTutorials.locres) Source String Hash: (2060772590) Localized String: (ブレンドスペースで値を取得するX座標)
Localization Resource: (C:/Program Files (x86)/Epic Games/4.12/Engine/Content/Localization/ToolTips/ja/ToolTips.locres) Source String Hash: (2060772590) Localized String: (ブレンドスペースでサンプリングするX座標)
[2016.07.14-11.41.28:676][  0]LogTextLocalizationManager:Warning: Loaded localization resources contain conflicting entries for (Namespace:UObjectToolTips, Key:AnimNode_BlendSpacePlayer:Y):
Localization Resource: (C:/Program Files (x86)/Epic Games/4.12/Engine/Content/Localization/EditorTutorials/ja/EditorTutorials.locres) Source String Hash: (-1719607538) Localized String: (ブレンドスペースで値を取得するY座標)
Localization Resource: (C:/Program Files (x86)/Epic Games/4.12/Engine/Content/Localization/ToolTips/ja/ToolTips.locres) Source String Hash: (-1719607538) Localized String: (ブレンドスペースでサンプリングするY座標)
[2016.07.14-11.41.28:676][  0]LogTextLocalizationManager:Warning: Loaded localization resources contain conflicting entries for (Namespace:UObjectToolTips, Key:AnimNode_BlendSpacePlayer:Z):
Localization Resource: (C:/Program Files (x86)/Epic Games/4.12/Engine/Content/Localization/EditorTutorials/ja/EditorTutorials.locres) Source String Hash: (1728943471) Localized String: (ブレンドスペースで値を取得するZ座標)
Localization Resource: (C:/Program Files (x86)/Epic Games/4.12/Engine/Content/Localization/ToolTips/ja/ToolTips.locres) Source String Hash: (1728943471) Localized String: (ブレンドスペースでサンプリングするZ座標)
[2016.07.14-11.41.28:676][  0]LogTextLocalizationManager:Warning: Loaded localization resources contain conflicting entries for (Namespace:UObjectToolTips, Key:AnimNode_BlendSpacePlayer:BlendSpace):
Localization Resource: (C:/Program Files (x86)/Epic Games/4.12/Engine/Content/Localization/EditorTutorials/ja/EditorTutorials.locres) Source String Hash: (1599043277) Localized String: (再生するブレンドスペースのアセット)
Localization Resource: (C:/Program Files (x86)/Epic Games/4.12/Engine/Content/Localization/ToolTips/ja/ToolTips.locres) Source String Hash: (1599043277) Localized String: (再生するブレンド空間アセット)
[2016.07.14-11.41.28:676][  0]LogTextLocalizationManager:Warning: Loaded localization resources contain conflicting entries for (Namespace:UObjectToolTips, Key:AnimNode_StateMachine:MaxTransitionsPerFrame):
Localization Resource: (C:/Program Files (x86)/Epic Games/4.12/Engine/Content/Localization/EditorTutorials/ja/EditorTutorials.locres) Source String Hash: (1567650430) Localized String: (このマシーンで1フレームあたりに同時に処理できるトランジションの最大数)
Localization Resource: (C:/Program Files (x86)/Epic Games/4.12/Engine/Content/Localization/ToolTips/ja/ToolTips.locres) Source String Hash: (1567650430) Localized String: (単一フレームでマシーンが「同時」に受け取れる遷移の最大数)
[2016.07.14-11.41.28:676][  0]LogTextLocalizationManager:Warning: Loaded localization resources contain conflicting entries for (Namespace:UObjectToolTips, Key:AnimNode_BlendSpacePlayer:PlayRate):
Localization Resource: (C:/Program Files (x86)/Epic Games/4.12/Engine/Content/Localization/EditorTutorials/ja/EditorTutorials.locres) Source String Hash: (-1274923958) Localized String: (再生速度の倍率です。負の数値も使う事ができます。その場合逆再生になります。)
Localization Resource: (C:/Program Files (x86)/Epic Games/4.12/Engine/Content/Localization/ToolTips/ja/ToolTips.locres) Source String Hash: (-1274923958) Localized String: (再生レート乗数。アニメーションを逆再生する負の値にすることができます。)
[2016.07.14-11.41.28:797][  0]LogD3D11RHI: D3D11 adapters:
[2016.07.14-11.41.28:812][  0]LogD3D11RHI:    0. 'NVIDIA GeForce GTX 970' (Feature Level 11_0)
[2016.07.14-11.41.28:812][  0]LogD3D11RHI:       4007/0/8182 MB DedicatedVideo/DedicatedSystem/SharedSystem, Outputs:2, VendorId:0x10de
[2016.07.14-11.41.28:813][  0]LogD3D11RHI:    1. 'Microsoft Basic Render Driver' (Feature Level 11_0)
[2016.07.14-11.41.28:813][  0]LogD3D11RHI:       0/0/8182 MB DedicatedVideo/DedicatedSystem/SharedSystem, Outputs:0, VendorId:0x1414
[2016.07.14-11.41.28:813][  0]LogD3D11RHI: Chosen D3D11 Adapter: 0
[2016.07.14-11.41.28:816][  0]LogD3D11RHI: Creating new Direct3DDevice
[2016.07.14-11.41.28:816][  0]LogD3D11RHI:     GPU DeviceId: 0x13c2 (for the marketing name, search the web for "GPU Device Id")
[2016.07.14-11.41.28:816][  0]LogWindows: EnumDisplayDevices:
[2016.07.14-11.41.28:816][  0]LogWindows:    0. 'NVIDIA GeForce GTX 970' (P:0 D:1)
[2016.07.14-11.41.28:816][  0]LogWindows:    1. 'NVIDIA GeForce GTX 970' (P:1 D:1)
[2016.07.14-11.41.28:816][  0]LogWindows:    2. 'NVIDIA GeForce GTX 970' (P:0 D:0)
[2016.07.14-11.41.28:816][  0]LogWindows:    3. 'NVIDIA GeForce GTX 970' (P:0 D:0)
[2016.07.14-11.41.28:817][  0]LogWindows: DebugString: FoundDriverCount:4 
[2016.07.14-11.41.28:817][  0]LogD3D11RHI:     Adapter Name: NVIDIA GeForce GTX 970
[2016.07.14-11.41.28:817][  0]LogD3D11RHI:   Driver Version: 365.10 (internal:10.18.13.6510, unified:365.10)
[2016.07.14-11.41.28:817][  0]LogD3D11RHI:      Driver Date: 4-27-2016
[2016.07.14-11.41.28:817][  0]LogRHI: Texture pool is 1361 MB (70% of 1945 MB)
[2016.07.14-11.41.28:827][  0]LogD3D11RHI: Async texture creation enabled
[2016.07.14-11.41.28:836][  0]LogD3D11RHI: GPU Timing Frequency: 1000.000000 (Debug: 2 1)
[2016.07.14-11.41.28:836][  0]LogShaderCompilers: Guid format shader working directory is -19 characters bigger than the processId version (../../../../../../Users/game/Documents/steamrumb/steamrumb 4.12/Intermediate/Shaders/WorkingDirectory/10492/).
[2016.07.14-11.41.28:836][  0]LogShaderCompilers: Cleaned the shader compiler working directory 'C:/Users/game/AppData/Local/Temp/UnrealShaderWorkingDir/0F92BC604B06383E770C2486159EC773/'.
[2016.07.14-11.41.28:836][  0]LogShaderCompilers:Display: Using Local Shader Compiler.
[2016.07.14-11.41.29:837][  0]LogTemp:Display: Loaded TP AllDesktopTargetPlatform
[2016.07.14-11.41.29:844][  0]LogTemp:Display: Loaded TP WindowsClientTargetPlatform
[2016.07.14-11.41.29:852][  0]LogTemp:Display: Loaded TP WindowsNoEditorTargetPlatform
[2016.07.14-11.41.29:860][  0]LogTemp:Display: Loaded TP WindowsServerTargetPlatform
[2016.07.14-11.41.29:867][  0]LogTemp:Display: Loaded TP WindowsTargetPlatform
[2016.07.14-11.41.29:874][  0]LogTemp:Display: Loaded TP AndroidTargetPlatform
[2016.07.14-11.41.29:880][  0]LogTemp:Display: Loaded TP Android_ASTCTargetPlatform
[2016.07.14-11.41.29:886][  0]LogTemp:Display: Loaded TP Android_ATCTargetPlatform
[2016.07.14-11.41.29:892][  0]LogTemp:Display: Loaded TP Android_DXTTargetPlatform
[2016.07.14-11.41.29:899][  0]LogTemp:Display: Loaded TP Android_ETC1TargetPlatform
[2016.07.14-11.41.29:905][  0]LogTemp:Display: Loaded TP Android_ETC2TargetPlatform
[2016.07.14-11.41.29:917][  0]LogTemp:Display: Loaded TP Android_MultiTargetPlatform
[2016.07.14-11.41.29:917][  0]LogTemp:Display: Loaded TP Android_PVRTCTargetPlatform
[2016.07.14-11.41.29:918][  0]LogTemp:Display: Loaded TP HTML5TargetPlatform
[2016.07.14-11.41.29:937][  0]LogTemp:Display: Loaded TP IOSTargetPlatform
[2016.07.14-11.41.29:943][  0]LogTemp:Display: Loaded TP TVOSTargetPlatform
[2016.07.14-11.41.29:948][  0]LogTemp:Display: Loaded TP LinuxNoEditorTargetPlatform
[2016.07.14-11.41.29:954][  0]LogTemp:Display: Loaded TP LinuxServerTargetPlatform
[2016.07.14-11.41.29:961][  0]LogTemp:Display: Loaded TP LinuxTargetPlatform
[2016.07.14-11.41.29:961][  0]LogTargetPlatformManager:Display: Building Assets For Windows
[2016.07.14-11.41.30:017][  0]LogDerivedDataCache:Display: Max Cache Size: 512 MB
[2016.07.14-11.41.30:059][  0]LogDerivedDataCache: Loaded boot cache 0.04s 48MB C:/Users/game/AppData/Local/UnrealEngine/4.12/DerivedDataCache/Boot.ddc.
[2016.07.14-11.41.30:059][  0]LogDerivedDataCache:Display: Loaded Boot cache: C:/Users/game/AppData/Local/UnrealEngine/4.12/DerivedDataCache/Boot.ddc
[2016.07.14-11.41.30:059][  0]LogDerivedDataCache: FDerivedDataBackendGraph:  Pak pak cache file ../../../../../../Users/game/Documents/steamrumb/steamrumb 4.12/DerivedDataCache/DDC.ddp not found, will not use a pak cache.
[2016.07.14-11.41.30:059][  0]LogDerivedDataCache: Unable to find inner node Pak for hierarchical cache Hierarchy.
[2016.07.14-11.41.30:059][  0]LogDerivedDataCache: FDerivedDataBackendGraph:  CompressedPak pak cache file ../../../../../../Users/game/Documents/steamrumb/steamrumb 4.12/DerivedDataCache/Compressed.ddp not found, will not use a pak cache.
[2016.07.14-11.41.30:059][  0]LogDerivedDataCache: Unable to find inner node CompressedPak for hierarchical cache Hierarchy.
[2016.07.14-11.41.30:074][  0]LogDerivedDataCache:Display: Pak cache opened for reading ../../../Engine/DerivedDataCache/Compressed.ddp.
[2016.07.14-11.41.30:086][  0]LogDerivedDataCache: Using Local data cache path C:/Users/game/AppData/Local/UnrealEngine/Common/DerivedDataCache: Writable
[2016.07.14-11.41.30:242][  0]LogInit: Selected Device Profile: [Windows]
[2016.07.14-11.41.30:243][  0]LogContentStreaming: Texture pool size is 0.00 MB
[2016.07.14-11.41.30:374][  0]LogMeshUtilities: No automatic mesh reduction module available
[2016.07.14-11.41.30:374][  0]LogMeshUtilities: No automatic mesh merging module available
[2016.07.14-11.41.30:374][  0]LogMeshUtilities: No distributed automatic mesh merging module available
[2016.07.14-11.41.30:574][  0]LogAssetRegistry: FAssetRegistry took 0.0224 seconds to start up
[2016.07.14-11.41.30:597][  0]LogPackageLocalizationCache: Processed 3 localized package path(s) for 2 prioritized culture(s) in 0.020598 seconds
[2016.07.14-11.41.30:603][  0]LogUObjectArray: 28739 objects as part of root set at end of initial load.
[2016.07.14-11.41.30:603][  0]LogUObjectAllocator: 5855624 out of 0 bytes used by permanent object pool.
[2016.07.14-11.41.30:603][  0]LogUObjectArray: CloseDisregardForGC: 0/0 objects in disregard for GC pool
[2016.07.14-11.41.30:608][  0]LogInit: WinSock: version 1.1 (2.2), MaxSocks=32767, MaxUdp=65467
[2016.07.14-11.41.30:742][  0]LogSlate: SlateFontCache - WITH_FREETYPE: 1, WITH_HARFBUZZ: 1
[2016.07.14-11.41.30:742][  0]LogSlate: SlateFontCache - WITH_FREETYPE: 1, WITH_HARFBUZZ: 1
[2016.07.14-11.41.31:258][  0]LogUdpMessaging: Initializing bridge on interface 0.0.0.0:0 to multicast group 230.0.0.1:6666.
[2016.07.14-11.41.31:434][  0]SourceControl: 情報 ソースコントロールは無効です
[2016.07.14-11.41.31:458][  0]SourceControl: 情報 ソースコントロールは無効です
[2016.07.14-11.41.31:465][  0]SourceControl: 情報 ソースコントロールは無効です
[2016.07.14-11.41.31:472][  0]SourceControl: 情報 ソースコントロールは無効です
[2016.07.14-11.41.31:629][  0]LogEngine: Initializing Engine...
[2016.07.14-11.41.31:637][  0]LogHMD: SteamVR failed to initialize.  Err: 126
[2016.07.14-11.41.31:642][  0]LogHMD: SteamVR failed to initialize.  Err: 126
[2016.07.14-11.41.31:750][  0]LogAIModule: Creating AISystem for world NewWorld
[2016.07.14-11.41.31:756][  0]LogInit: XAudio2 using 'ASUS MX239-0 (2- NVIDIA High Definition Audio)' : 2 channels at 48 kHz using 16 bits per sample (channel mask 0x3)
[2016.07.14-11.41.31:769][  0]LogInit: FAudioDevice initialized.
[2016.07.14-11.41.31:789][  0]LogDerivedDataCache: Saved boot cache 0.02s 48MB C:/Users/game/AppData/Local/UnrealEngine/4.12/DerivedDataCache/Boot.ddc.
[2016.07.14-11.41.31:799][  0]LogInit: Texture streaming: Enabled
[2016.07.14-11.41.31:818][  0]LogInit: Transaction tracking system initialized
[2016.07.14-11.41.31:835][  0]BlueprintLog: New page: エディタの読み込み
[2016.07.14-11.41.31:894][  0]LocalizationService: 情報 ローカライズのサービスが無効になりました
[2016.07.14-11.41.31:940][  0]LogConsoleResponse:Display: 
[2016.07.14-11.41.32:018][  0]LogCook:Display: Max memory allowance for cook 8192mb
[2016.07.14-11.41.32:018][  0]LogCook:Display: Mobile HDR setting 1
[2016.07.14-11.41.32:092][  0]LogFileCache: Scanning file cache for directory 'C:/Users/game/Documents/steamrumb/steamrumb 4.12/Content/' took 0.03s
[2016.07.14-11.41.32:092][  0]SourceControl: 情報 ソースコントロールは無効です
[2016.07.14-11.41.32:092][  0]Cmd: MAP LOAD FILE="../../../../../../Users/game/Documents/steamrumb/steamrumb 4.12/Content/ThirdPersonBP/Maps/ThirdPersonExampleMap.umap" TEMPLATE=0 SHOWPROGRESS=1 FEATURELEVEL=3
[2016.07.14-11.41.32:092][  0]LightingResults: New page: ライティングのビルド
[2016.07.14-11.41.32:094][  0]MapCheck: New page: マップをチェック
[2016.07.14-11.41.32:094][  0]LightingResults: New page: <何も選択されていません>
[2016.07.14-11.41.32:822][  0]LogAIModule: Creating AISystem for world ThirdPersonExampleMap
[2016.07.14-11.41.32:833][  0]LogEditorServer: Finished looking for orphan Actors (0.000 secs)
[2016.07.14-11.41.32:833][  0]Cmd: MAP CHECKDEP NOCLEARLOG
[2016.07.14-11.41.32:879][  0]MapCheck: 情報 マップチェックが完了: 0 エラー、 0 警告、完了に 46.063ミリ秒かかりました。
[2016.07.14-11.41.32:879][  0]LogFileHelpers: Loading map 'ThirdPersonExampleMap' took 0.788
[2016.07.14-11.41.33:004][  0]LogCollectionManager: Loaded 0 collections in 0.001316 seconds
[2016.07.14-11.41.33:045][  0]LogFileCache: Scanning file cache for directory 'C:/Users/game/Documents/steamrumb/steamrumb 4.12/Saved/Collections/' took 0.01s
[2016.07.14-11.41.33:045][  0]LogFileCache: Scanning file cache for directory 'C:/Users/game/Documents/steamrumb/steamrumb 4.12/Content/Developers/game/Collections/' took 0.01s
[2016.07.14-11.41.33:045][  0]LogFileCache: Scanning file cache for directory 'C:/Users/game/Documents/steamrumb/steamrumb 4.12/Content/Collections/' took 0.01s
[2016.07.14-11.41.33:045][  0]LogCollectionManager: Rebuilt the GUID cache for 0 collections in 0.000003 seconds
[2016.07.14-11.41.33:052][  0]LogContentBrowser: Native class hierarchy populated in 0.0066 seconds. Added 2047 classes and 369 folders.
[2016.07.14-11.41.33:055][  0]LogStats: UGameplayTagsManager::ConstructGameplayTagTree: Construct from data asset -  0.000 s
[2016.07.14-11.41.33:055][  0]LogStats: UGameplayTagsManager::ConstructGameplayTagTree: GameplayTagTreeChangedEvent.Broadcast -  0.000 s
[2016.07.14-11.41.33:055][  0]LogContentBrowser: Native class hierarchy updated for 'GameplayTags' in 0.0003 seconds. Added 12 classes and 0 folders.
[2016.07.14-11.41.33:058][  0]LogContentBrowser: Native class hierarchy updated for 'WidgetCarousel' in 0.0003 seconds. Added 0 classes and 0 folders.
[2016.07.14-11.41.33:090][  0]LogContentBrowser: Native class hierarchy updated for 'AddContentDialog' in 0.0003 seconds. Added 0 classes and 0 folders.
[2016.07.14-11.41.33:093][  0]LogContentBrowser: Native class hierarchy updated for 'SceneOutliner' in 0.0003 seconds. Added 1 classes and 2 folders.
[2016.07.14-11.41.33:140][  0]LogCrashTracker: Crashtracker disabled due to settings.
[2016.07.14-11.41.33:144][  0]LogUObjectGlobals:Warning: オブジェクト 'Class なし.' が見つかりませんでした
[2016.07.14-11.41.33:168][  0]LogContentBrowser: Native class hierarchy updated for 'HierarchicalLODOutliner' in 0.0003 seconds. Added 1 classes and 2 folders.
[2016.07.14-11.41.33:168][  0]LogLoad: Full Startup: 5.21 seconds (BP compile: 0.19 seconds)
[2016.07.14-11.41.33:168][  0]LogExternalProfiler: Found external profiler: VSPerf
[2016.07.14-11.41.33:168][  0]LogExternalProfiler: Using external profiler: VSPerf
[2016.07.14-11.41.33:217][  0]LogWindowsTextInputMethodSystem:Display: IME system now activated using TSF (Microsoft IME).
[2016.07.14-11.41.33:220][  0]LogOcInput: OculusInput pre-init called
[2016.07.14-11.41.33:239][  0]LogContentStreaming: Texture pool size now 1000 MB
[2016.07.14-11.41.33:403][  0]LogRenderer: Reallocating scene render targets to support 1208x576 (Frame:2).
[2016.07.14-11.41.33:513][  2]LogAssetRegistry: Asset discovery search completed in 2.9619 seconds
[2016.07.14-11.41.33:513][  2]LogCollectionManager: Rebuilt the object cache for 0 collections in 0.000001 seconds (found 0 objects)
[2016.07.14-11.41.33:513][  2]LogCollectionManager: Fixed up redirectors for 0 collections in 0.000021 seconds (updated 0 objects)
[2016.07.14-11.41.38:379][572]LogBlueprintUserMessages: Early PlayInEditor Detection: Level '/Game/ThirdPersonBP/Maps/ThirdPersonExampleMap.ThirdPersonExampleMap:PersistentLevel' has LevelScriptBlueprint '/Game/ThirdPersonBP/Maps/ThirdPersonExampleMap.ThirdPersonExampleMap:PersistentLevel.ThirdPersonExampleMap' with GeneratedClass '/Game/ThirdPersonBP/Maps/ThirdPersonExampleMap.ThirdPersonExampleMap_C' with ClassGeneratedBy '/Game/ThirdPersonBP/Maps/ThirdPersonExampleMap.ThirdPersonExampleMap:PersistentLevel.ThirdPersonExampleMap'
[2016.07.14-11.41.38:379][572]LogPlayLevel: PlayLevel: No blueprints needed recompiling
[2016.07.14-11.41.38:379][572]PIE: New page: PIEセッション: ThirdPersonExampleMap (2016/07/15 5:41:38)
[2016.07.14-11.41.38:379][572]LogPlayLevel: Creating play world package: /Game/ThirdPersonBP/Maps/UEDPIE_0_ThirdPersonExampleMap
[2016.07.14-11.41.38:402][572]LogPlayLevel: PIE: StaticDuplicateObject took: (0.022480s)
[2016.07.14-11.41.38:403][572]LogAIModule: Creating AISystem for world ThirdPersonExampleMap
[2016.07.14-11.41.38:403][572]LogPlayLevel: PIE: World Init took: (0.000859s)
[2016.07.14-11.41.38:403][572]LogPlayLevel: PIE: Created PIE world by copying editor world from /Game/ThirdPersonBP/Maps/ThirdPersonExampleMap.ThirdPersonExampleMap to /Game/ThirdPersonBP/Maps/UEDPIE_0_ThirdPersonExampleMap.ThirdPersonExampleMap (0.023608s)
[2016.07.14-11.41.38:432][572]LogInit: XAudio2 using 'ASUS MX239-0 (2- NVIDIA High Definition Audio)' : 2 channels at 48 kHz using 16 bits per sample (channel mask 0x3)
[2016.07.14-11.41.38:436][572]LogInit: FAudioDevice initialized.
[2016.07.14-11.41.38:496][572]LogWorld: Game class is 'BP_stiranGameMode_C'
[2016.07.14-11.41.38:502][572]LogWorld: Bringing World /Game/ThirdPersonBP/Maps/UEDPIE_0_ThirdPersonExampleMap.ThirdPersonExampleMap up for play (max tick rate 0) at 2016.07.14-20.41.38
[2016.07.14-11.41.38:505][572]LogWorld: Bringing up level for play took: 0.007256
[2016.07.14-11.41.38:507][572]LogContentBrowser: Native class hierarchy updated for 'MovieSceneCapture' in 0.0004 seconds. Added 11 classes and 0 folders.
[2016.07.14-11.41.38:511][572]PIE: 情報 /Game/ThirdPersonBP/Maps/UEDPIE_0_ThirdPersonExampleMap 0.949のプレイ イン エディタの開始時間
[2016.07.14-11.41.38:511][572]LogBlueprintUserMessages: Late PlayInEditor Detection: Level '/Game/ThirdPersonBP/Maps/ThirdPersonExampleMap.ThirdPersonExampleMap:PersistentLevel' has LevelScriptBlueprint '/Game/ThirdPersonBP/Maps/ThirdPersonExampleMap.ThirdPersonExampleMap:PersistentLevel.ThirdPersonExampleMap' with GeneratedClass '/Game/ThirdPersonBP/Maps/ThirdPersonExampleMap.ThirdPersonExampleMap_C' with ClassGeneratedBy '/Game/ThirdPersonBP/Maps/ThirdPersonExampleMap.ThirdPersonExampleMap:PersistentLevel.ThirdPersonExampleMap'
[2016.07.14-11.41.41:588][932]LogCharacterMovement: Mixamo_Maria_C_0 is stuck and failed to move! Velocity: X=-10.787 Y=32.163 Z=0.000 Location: X=-646.324 Y=668.067 Z=228.421 Normal: X=0.970 Y=0.242 Z=0.000 PenetrationDepth:9.674 Actor:AIchara2 Component:CharacterMesh0 BoneName:hand_r
[2016.07.14-11.41.41:607][934]LogCharacterMovement: Mixamo_Maria_C_0 is stuck and failed to move! Velocity: X=-10.032 Y=38.422 Z=0.000 Location: X=-646.399 Y=668.438 Z=228.421 Normal: X=0.984 Y=0.179 Z=0.000 PenetrationDepth:10.163 Actor:AIchara2 Component:CharacterMesh0 BoneName:hand_r
[2016.07.14-11.41.41:732][948]LogCharacterMovement: Mixamo_Maria_C_0 is stuck and failed to move! Velocity: X=-7.781 Y=87.328 Z=0.000 Location: X=-647.830 Y=675.776 Z=228.421 Normal: X=0.994 Y=0.110 Z=-0.000 PenetrationDepth:6.264 Actor:AIchara2 Component:CharacterMesh0 BoneName:hand_r
[2016.07.14-11.41.41:741][949]LogCharacterMovement: Mixamo_Maria_C_0 is stuck and failed to move! Velocity: X=-6.024 Y=90.601 Z=0.000 Location: X=-647.830 Y=675.776 Z=228.421 Normal: X=0.993 Y=0.122 Z=-0.000 PenetrationDepth:2.739 Actor:AIchara2 Component:CharacterMesh0 BoneName:hand_r
[2016.07.14-11.41.41:749][950]LogCharacterMovement: Mixamo_Maria_C_0 is stuck and failed to move! Velocity: X=-4.214 Y=93.841 Z=0.000 Location: X=-647.830 Y=675.776 Z=228.421 Normal: X=-0.858 Y=-0.513 Z=0.000 PenetrationDepth:6.952 Actor:AIchara_2 Component:CharacterMesh0 BoneName:hand_l
[2016.07.14-11.41.41:758][951]LogCharacterMovement: Mixamo_Maria_C_0 is stuck and failed to move! Velocity: X=-2.348 Y=97.049 Z=0.000 Location: X=-647.830 Y=675.776 Z=228.421 Normal: X=-0.785 Y=-0.619 Z=0.000 PenetrationDepth:4.907 Actor:AIchara_2 Component:CharacterMesh0 BoneName:hand_l
[2016.07.14-11.41.43:092][111]LogCharacterMovement: AIchara2 is stuck and failed to move! Velocity: X=-33.365 Y=38.619 Z=0.000 Location: X=-599.095 Y=864.695 Z=213.617 Normal: X=0.770 Y=0.638 Z=-0.000 PenetrationDepth:22.630 Actor:AIchara4 Component:CharacterMesh0 BoneName:hand_l
[2016.07.14-11.41.43:117][114]LogCharacterMovement: AIchara2 is stuck and failed to move! Velocity: X=-69.160 Y=75.217 Z=0.000 Location: X=-599.946 Y=865.647 Z=213.617 Normal: X=0.721 Y=0.693 Z=-0.000 PenetrationDepth:18.633 Actor:AIchara4 Component:CharacterMesh0 BoneName:hand_l
[2016.07.14-11.41.43:125][115]LogCharacterMovement: AIchara2 is stuck and failed to move! Velocity: X=-81.233 Y=87.286 Z=0.000 Location: X=-599.946 Y=865.647 Z=213.617 Normal: X=0.711 Y=0.703 Z=-0.000 PenetrationDepth:18.642 Actor:AIchara4 Component:CharacterMesh0 BoneName:hand_l
[2016.07.14-11.41.43:133][116]LogCharacterMovement: AIchara2 is stuck and failed to move! Velocity: X=-93.308 Y=99.351 Z=0.000 Location: X=-599.946 Y=865.647 Z=213.617 Normal: X=0.705 Y=0.709 Z=-0.000 PenetrationDepth:18.863 Actor:AIchara4 Component:CharacterMesh0 BoneName:hand_l
[2016.07.14-11.41.43:142][117]LogCharacterMovement: AIchara2 is stuck and failed to move! Velocity: X=-105.364 Y=111.436 Z=0.000 Location: X=-599.946 Y=865.647 Z=213.617 Normal: X=0.704 Y=0.710 Z=-0.000 PenetrationDepth:19.390 Actor:AIchara4 Component:CharacterMesh0 BoneName:hand_l
[2016.07.14-11.41.43:150][118]LogCharacterMovement: AIchara2 is stuck and failed to move! Velocity: X=-117.400 Y=123.538 Z=0.000 Location: X=-599.946 Y=865.647 Z=213.617 Normal: X=0.707 Y=0.707 Z=-0.000 PenetrationDepth:20.039 Actor:AIchara4 Component:CharacterMesh0 BoneName:hand_l
[2016.07.14-11.41.43:158][119]LogCharacterMovement: AIchara2 is stuck and failed to move! Velocity: X=-129.420 Y=135.656 Z=0.000 Location: X=-599.946 Y=865.647 Z=213.617 Normal: X=0.712 Y=0.702 Z=-0.000 PenetrationDepth:20.811 Actor:AIchara4 Component:CharacterMesh0 BoneName:hand_l
[2016.07.14-11.41.43:167][120]LogCharacterMovement: AIchara2 is stuck and failed to move! Velocity: X=-141.425 Y=147.789 Z=0.000 Location: X=-599.946 Y=865.647 Z=213.617 Normal: X=0.729 Y=0.684 Z=0.000 PenetrationDepth:21.671 Actor:AIchara4 Component:CharacterMesh0 BoneName:hand_l
[2016.07.14-11.41.43:175][121]LogCharacterMovement: AIchara2 is stuck and failed to move! Velocity: X=-153.416 Y=159.935 Z=0.000 Location: X=-599.946 Y=865.647 Z=213.617 Normal: X=0.750 Y=0.662 Z=-0.000 PenetrationDepth:22.567 Actor:AIchara4 Component:CharacterMesh0 BoneName:hand_l
[2016.07.14-11.41.43:183][122]LogCharacterMovement: AIchara2 is stuck and failed to move! Velocity: X=-165.394 Y=172.093 Z=0.000 Location: X=-599.946 Y=865.647 Z=213.617 Normal: X=0.773 Y=0.635 Z=-0.000 PenetrationDepth:23.051 Actor:AIchara4 Component:CharacterMesh0 BoneName:hand_l
[2016.07.14-11.41.43:184][122]LogCharacterMovement: AIchara4 is stuck and failed to move! Velocity: X=-31.005 Y=88.458 Z=0.000 Location: X=-630.038 Y=810.970 Z=213.489 Normal: X=0.687 Y=0.726 Z=-0.024 PenetrationDepth:9.660 Actor:AIchara3 Component:CharacterMesh0 BoneName:hand_l
[2016.07.14-11.41.43:192][123]LogCharacterMovement: AIchara2 is stuck and failed to move! Velocity: X=-177.360 Y=184.262 Z=0.000 Location: X=-599.946 Y=865.647 Z=213.617 Normal: X=0.794 Y=0.608 Z=-0.000 PenetrationDepth:24.022 Actor:AIchara4 Component:CharacterMesh0 BoneName:hand_l
[2016.07.14-11.41.43:192][123]LogCharacterMovement: AIchara4 is stuck and failed to move! Velocity: X=-33.788 Y=105.365 Z=0.000 Location: X=-630.038 Y=810.970 Z=213.489 Normal: X=0.677 Y=0.736 Z=-0.015 PenetrationDepth:11.758 Actor:AIchara3 Component:CharacterMesh0 BoneName:hand_l
[2016.07.14-11.41.43:200][124]LogCharacterMovement: AIchara2 is stuck and failed to move! Velocity: X=-189.316 Y=196.442 Z=0.000 Location: X=-599.946 Y=865.647 Z=213.617 Normal: X=0.818 Y=0.576 Z=-0.000 PenetrationDepth:24.758 Actor:AIchara4 Component:CharacterMesh0 BoneName:hand_l
[2016.07.14-11.41.43:200][124]LogCharacterMovement: AIchara4 is stuck and failed to move! Velocity: X=-36.678 Y=122.235 Z=0.000 Location: X=-630.038 Y=810.970 Z=213.489 Normal: X=0.679 Y=0.734 Z=-0.000 PenetrationDepth:12.894 Actor:AIchara3 Component:CharacterMesh0 BoneName:hand_l
[2016.07.14-11.41.43:208][125]LogCharacterMovement: AIchara2 is stuck and failed to move! Velocity: X=-201.263 Y=208.630 Z=0.000 Location: X=-599.946 Y=865.647 Z=213.617 Normal: X=0.844 Y=0.536 Z=-0.000 PenetrationDepth:25.643 Actor:AIchara4 Component:CharacterMesh0 BoneName:hand_l
[2016.07.14-11.41.43:209][125]LogCharacterMovement: AIchara4 is stuck and failed to move! Velocity: X=-39.666 Y=139.075 Z=0.000 Location: X=-630.038 Y=810.970 Z=213.489 Normal: X=0.706 Y=0.708 Z=-0.000 PenetrationDepth:12.967 Actor:AIchara3 Component:CharacterMesh0 BoneName:hand_l
[2016.07.14-11.41.43:217][126]LogCharacterMovement: AIchara2 is stuck and failed to move! Velocity: X=-213.201 Y=220.827 Z=0.000 Location: X=-599.946 Y=865.647 Z=213.617 Normal: X=0.869 Y=0.495 Z=-0.000 PenetrationDepth:26.625 Actor:AIchara4 Component:CharacterMesh0 BoneName:hand_l
[2016.07.14-11.41.43:217][126]LogCharacterMovement: AIchara4 is stuck and failed to move! Velocity: X=-42.744 Y=155.889 Z=0.000 Location: X=-630.038 Y=810.970 Z=213.489 Normal: X=0.735 Y=0.678 Z=-0.000 PenetrationDepth:12.805 Actor:AIchara3 Component:CharacterMesh0 BoneName:hand_l
[2016.07.14-11.41.43:225][127]LogCharacterMovement: AIchara2 is stuck and failed to move! Velocity: X=-225.131 Y=233.032 Z=0.000 Location: X=-599.946 Y=865.647 Z=213.617 Normal: X=-0.513 Y=-0.859 Z=-0.000 PenetrationDepth:4.777 Actor:AIchara_2 Component:CharacterMesh0 BoneName:hand_r
[2016.07.14-11.41.43:225][127]LogCharacterMovement: AIchara4 is stuck and failed to move! Velocity: X=-45.904 Y=172.681 Z=0.000 Location: X=-630.038 Y=810.970 Z=213.489 Normal: X=0.766 Y=0.643 Z=-0.000 PenetrationDepth:12.475 Actor:AIchara3 Component:CharacterMesh0 BoneName:hand_l
[2016.07.14-11.41.43:233][128]LogCharacterMovement: AIchara2 is stuck and failed to move! Velocity: X=-237.054 Y=245.243 Z=0.000 Location: X=-599.946 Y=865.647 Z=213.617 Normal: X=0.874 Y=0.485 Z=-0.000 PenetrationDepth:26.672 Actor:AIchara4 Component:CharacterMesh0 BoneName:hand_l
[2016.07.14-11.41.43:234][128]LogCharacterMovement: AIchara4 is stuck and failed to move! Velocity: X=-49.140 Y=189.454 Z=0.000 Location: X=-630.038 Y=810.970 Z=213.489 Normal: X=0.799 Y=0.601 Z=-0.000 PenetrationDepth:13.171 Actor:AIchara3 Component:CharacterMesh0 BoneName:hand_l
[2016.07.14-11.41.43:241][129]LogCharacterMovement: AIchara2 is stuck and failed to move! Velocity: X=-248.971 Y=257.461 Z=0.000 Location: X=-599.946 Y=865.647 Z=213.617 Normal: X=0.874 Y=0.485 Z=-0.000 PenetrationDepth:26.672 Actor:AIchara4 Component:CharacterMesh0 BoneName:hand_l
[2016.07.14-11.41.43:241][129]LogCharacterMovement: AIchara4 is stuck and failed to move! Velocity: X=-52.445 Y=206.210 Z=0.000 Location: X=-630.038 Y=810.970 Z=213.489 Normal: X=0.779 Y=0.627 Z=-0.000 PenetrationDepth:13.995 Actor:AIchara3 Component:CharacterMesh0 BoneName:hand_l
[2016.07.14-11.41.43:250][130]LogCharacterMovement: AIchara2 is stuck and failed to move! Velocity: X=-260.882 Y=269.684 Z=0.000 Location: X=-599.946 Y=865.647 Z=213.617 Normal: X=0.827 Y=0.562 Z=-0.000 PenetrationDepth:25.552 Actor:AIchara4 Component:CharacterMesh0 BoneName:hand_l
[2016.07.14-11.41.43:250][130]LogCharacterMovement: AIchara4 is stuck and failed to move! Velocity: X=-55.812 Y=222.950 Z=0.000 Location: X=-630.038 Y=810.970 Z=213.489 Normal: X=0.717 Y=0.698 Z=0.000 PenetrationDepth:12.136 Actor:AIchara3 Component:CharacterMesh0 BoneName:hand_l
[2016.07.14-11.41.43:258][131]LogCharacterMovement: AIchara2 is stuck and failed to move! Velocity: X=-272.788 Y=281.912 Z=0.000 Location: X=-599.946 Y=865.647 Z=213.617 Normal: X=0.821 Y=0.571 Z=-0.000 PenetrationDepth:24.317 Actor:AIchara4 Component:CharacterMesh0 BoneName:hand_l
[2016.07.14-11.41.43:258][131]LogCharacterMovement: AIchara4 is stuck and failed to move! Velocity: X=-59.236 Y=239.676 Z=0.000 Location: X=-630.038 Y=810.970 Z=213.489 Normal: X=0.630 Y=0.777 Z=-0.000 PenetrationDepth:13.974 Actor:AIchara3 Component:CharacterMesh0 BoneName:hand_l
[2016.07.14-11.41.43:266][132]LogCharacterMovement: AIchara2 is stuck and failed to move! Velocity: X=-278.168 Y=287.441 Z=0.000 Location: X=-599.946 Y=865.647 Z=213.617 Normal: X=0.695 Y=0.719 Z=-0.000 PenetrationDepth:22.936 Actor:AIchara4 Component:CharacterMesh0 BoneName:hand_l
[2016.07.14-11.41.43:267][132]LogCharacterMovement: AIchara4 is stuck and failed to move! Velocity: X=-62.712 Y=256.390 Z=0.000 Location: X=-630.051 Y=810.890 Z=213.489 Normal: X=-0.167 Y=-0.986 Z=0.000 PenetrationDepth:1.403 Actor:AIchara2 Component:CharacterMesh0 BoneName:lowerarm_r
[2016.07.14-11.41.43:275][133]LogCharacterMovement: AIchara2 is stuck and failed to move! Velocity: X=-278.168 Y=287.441 Z=0.000 Location: X=-599.946 Y=865.647 Z=213.617 Normal: X=-0.417 Y=-0.909 Z=0.000 PenetrationDepth:3.135 Actor:AIchara_2 Component:CharacterMesh0 BoneName:hand_r
[2016.07.14-11.41.43:742][189]LogCharacterMovement: Mixamo_Maria_C_0 is stuck and failed to move! Velocity: X=10.148 Y=-1.842 Z=0.000 Location: X=-660.538 Y=930.053 Z=226.288 Normal: X=-0.442 Y=0.709 Z=-0.549 PenetrationDepth:3.311 Actor:AIchara2 Component:CharacterMesh0 BoneName:head
[2016.07.14-11.41.50:899][ 46]LogBlueprintUserMessages: Early EndPlayMap Detection: Level '/Game/ThirdPersonBP/Maps/ThirdPersonExampleMap.ThirdPersonExampleMap:PersistentLevel' has LevelScriptBlueprint '/Game/ThirdPersonBP/Maps/ThirdPersonExampleMap.ThirdPersonExampleMap:PersistentLevel.ThirdPersonExampleMap' with GeneratedClass '/Game/ThirdPersonBP/Maps/ThirdPersonExampleMap.ThirdPersonExampleMap_C' with ClassGeneratedBy '/Game/ThirdPersonBP/Maps/ThirdPersonExampleMap.ThirdPersonExampleMap:PersistentLevel.ThirdPersonExampleMap'
[2016.07.14-11.41.50:932][ 46]LogBlueprintUserMessages: Late EndPlayMap Detection: Level '/Game/ThirdPersonBP/Maps/ThirdPersonExampleMap.ThirdPersonExampleMap:PersistentLevel' has LevelScriptBlueprint '/Game/ThirdPersonBP/Maps/ThirdPersonExampleMap.ThirdPersonExampleMap:PersistentLevel.ThirdPersonExampleMap' with GeneratedClass '/Game/ThirdPersonBP/Maps/ThirdPersonExampleMap.ThirdPersonExampleMap_C' with ClassGeneratedBy '/Game/ThirdPersonBP/Maps/ThirdPersonExampleMap.ThirdPersonExampleMap:PersistentLevel.ThirdPersonExampleMap'
[2016.07.14-11.41.52:057][176]LogBlueprintUserMessages: Early PlayInEditor Detection: Level '/Game/ThirdPersonBP/Maps/ThirdPersonExampleMap.ThirdPersonExampleMap:PersistentLevel' has LevelScriptBlueprint '/Game/ThirdPersonBP/Maps/ThirdPersonExampleMap.ThirdPersonExampleMap:PersistentLevel.ThirdPersonExampleMap' with GeneratedClass '/Game/ThirdPersonBP/Maps/ThirdPersonExampleMap.ThirdPersonExampleMap_C' with ClassGeneratedBy '/Game/ThirdPersonBP/Maps/ThirdPersonExampleMap.ThirdPersonExampleMap:PersistentLevel.ThirdPersonExampleMap'
[2016.07.14-11.41.52:057][176]LogPlayLevel: PlayLevel: No blueprints needed recompiling
[2016.07.14-11.41.52:057][176]PIE: New page: PIEセッション: ThirdPersonExampleMap (2016/07/15 5:41:52)
[2016.07.14-11.41.52:057][176]LogPlayLevel: Creating play world package: /Game/ThirdPersonBP/Maps/UEDPIE_0_ThirdPersonExampleMap
[2016.07.14-11.41.52:077][176]LogPlayLevel: PIE: StaticDuplicateObject took: (0.019481s)
[2016.07.14-11.41.52:077][176]LogAIModule: Creating AISystem for world ThirdPersonExampleMap
[2016.07.14-11.41.52:078][176]LogPlayLevel: PIE: World Init took: (0.000905s)
[2016.07.14-11.41.52:078][176]LogPlayLevel: PIE: Created PIE world by copying editor world from /Game/ThirdPersonBP/Maps/ThirdPersonExampleMap.ThirdPersonExampleMap to /Game/ThirdPersonBP/Maps/UEDPIE_0_ThirdPersonExampleMap.ThirdPersonExampleMap (0.020675s)
[2016.07.14-11.41.52:094][176]LogInit: XAudio2 using 'ASUS MX239-0 (2- NVIDIA High Definition Audio)' : 2 channels at 48 kHz using 16 bits per sample (channel mask 0x3)
[2016.07.14-11.41.52:099][176]LogInit: FAudioDevice initialized.
[2016.07.14-11.41.52:146][176]LogWorld: Game class is 'BP_stiranGameMode_C'
[2016.07.14-11.41.52:152][176]LogWorld: Bringing World /Game/ThirdPersonBP/Maps/UEDPIE_0_ThirdPersonExampleMap.ThirdPersonExampleMap up for play (max tick rate 0) at 2016.07.14-20.41.52
[2016.07.14-11.41.52:154][176]LogWorld: Bringing up level for play took: 0.007396
[2016.07.14-11.41.52:157][176]PIE: 情報 /Game/ThirdPersonBP/Maps/UEDPIE_0_ThirdPersonExampleMap 0.596のプレイ イン エディタの開始時間
[2016.07.14-11.41.52:157][176]LogBlueprintUserMessages: Late PlayInEditor Detection: Level '/Game/ThirdPersonBP/Maps/ThirdPersonExampleMap.ThirdPersonExampleMap:PersistentLevel' has LevelScriptBlueprint '/Game/ThirdPersonBP/Maps/ThirdPersonExampleMap.ThirdPersonExampleMap:PersistentLevel.ThirdPersonExampleMap' with GeneratedClass '/Game/ThirdPersonBP/Maps/ThirdPersonExampleMap.ThirdPersonExampleMap_C' with ClassGeneratedBy '/Game/ThirdPersonBP/Maps/ThirdPersonExampleMap.ThirdPersonExampleMap:PersistentLevel.ThirdPersonExampleMap'
[2016.07.14-11.42.03:040][476]LogBlueprintUserMessages: Early EndPlayMap Detection: Level '/Game/ThirdPersonBP/Maps/ThirdPersonExampleMap.ThirdPersonExampleMap:PersistentLevel' has LevelScriptBlueprint '/Game/ThirdPersonBP/Maps/ThirdPersonExampleMap.ThirdPersonExampleMap:PersistentLevel.ThirdPersonExampleMap' with GeneratedClass '/Game/ThirdPersonBP/Maps/ThirdPersonExampleMap.ThirdPersonExampleMap_C' with ClassGeneratedBy '/Game/ThirdPersonBP/Maps/ThirdPersonExampleMap.ThirdPersonExampleMap:PersistentLevel.ThirdPersonExampleMap'
[2016.07.14-11.42.03:068][476]LogBlueprintUserMessages: Late EndPlayMap Detection: Level '/Game/ThirdPersonBP/Maps/ThirdPersonExampleMap.ThirdPersonExampleMap:PersistentLevel' has LevelScriptBlueprint '/Game/ThirdPersonBP/Maps/ThirdPersonExampleMap.ThirdPersonExampleMap:PersistentLevel.ThirdPersonExampleMap' with GeneratedClass '/Game/ThirdPersonBP/Maps/ThirdPersonExampleMap.ThirdPersonExampleMap_C' with ClassGeneratedBy '/Game/ThirdPersonBP/Maps/ThirdPersonExampleMap.ThirdPersonExampleMap:PersistentLevel.ThirdPersonExampleMap'
[2016.07.14-11.42.06:819][917]LogBlueprintUserMessages: Early PlayInEditor Detection: Level '/Game/ThirdPersonBP/Maps/ThirdPersonExampleMap.ThirdPersonExampleMap:PersistentLevel' has LevelScriptBlueprint '/Game/ThirdPersonBP/Maps/ThirdPersonExampleMap.ThirdPersonExampleMap:PersistentLevel.ThirdPersonExampleMap' with GeneratedClass '/Game/ThirdPersonBP/Maps/ThirdPersonExampleMap.ThirdPersonExampleMap_C' with ClassGeneratedBy '/Game/ThirdPersonBP/Maps/ThirdPersonExampleMap.ThirdPersonExampleMap:PersistentLevel.ThirdPersonExampleMap'
[2016.07.14-11.42.06:819][917]LogPlayLevel: PlayLevel: No blueprints needed recompiling
[2016.07.14-11.42.06:819][917]PIE: New page: PIEセッション: ThirdPersonExampleMap (2016/07/15 5:42:06)
[2016.07.14-11.42.06:819][917]LogPlayLevel: Creating play world package: /Game/ThirdPersonBP/Maps/UEDPIE_0_ThirdPersonExampleMap
[2016.07.14-11.42.06:837][917]LogPlayLevel: PIE: StaticDuplicateObject took: (0.017442s)
[2016.07.14-11.42.06:838][917]LogAIModule: Creating AISystem for world ThirdPersonExampleMap
[2016.07.14-11.42.06:838][917]LogPlayLevel: PIE: World Init took: (0.000930s)
[2016.07.14-11.42.06:838][917]LogPlayLevel: PIE: Created PIE world by copying editor world from /Game/ThirdPersonBP/Maps/ThirdPersonExampleMap.ThirdPersonExampleMap to /Game/ThirdPersonBP/Maps/UEDPIE_0_ThirdPersonExampleMap.ThirdPersonExampleMap (0.018651s)
[2016.07.14-11.42.06:854][917]LogInit: XAudio2 using 'ASUS MX239-0 (2- NVIDIA High Definition Audio)' : 2 channels at 48 kHz using 16 bits per sample (channel mask 0x3)
[2016.07.14-11.42.06:858][917]LogInit: FAudioDevice initialized.
[2016.07.14-11.42.06:901][917]LogWorld: Game class is 'BP_stiranGameMode_C'
[2016.07.14-11.42.06:907][917]LogWorld: Bringing World /Game/ThirdPersonBP/Maps/UEDPIE_0_ThirdPersonExampleMap.ThirdPersonExampleMap up for play (max tick rate 0) at 2016.07.14-20.42.06
[2016.07.14-11.42.06:909][917]LogWorld: Bringing up level for play took: 0.007296
[2016.07.14-11.42.06:912][917]PIE: 情報 /Game/ThirdPersonBP/Maps/UEDPIE_0_ThirdPersonExampleMap -0.649のプレイ イン エディタの開始時間
[2016.07.14-11.42.06:912][917]LogBlueprintUserMessages: Late PlayInEditor Detection: Level '/Game/ThirdPersonBP/Maps/ThirdPersonExampleMap.ThirdPersonExampleMap:PersistentLevel' has LevelScriptBlueprint '/Game/ThirdPersonBP/Maps/ThirdPersonExampleMap.ThirdPersonExampleMap:PersistentLevel.ThirdPersonExampleMap' with GeneratedClass '/Game/ThirdPersonBP/Maps/ThirdPersonExampleMap.ThirdPersonExampleMap_C' with ClassGeneratedBy '/Game/ThirdPersonBP/Maps/ThirdPersonExampleMap.ThirdPersonExampleMap:PersistentLevel.ThirdPersonExampleMap'
[2016.07.14-11.42.15:739][970]LogBlueprintUserMessages: Early EndPlayMap Detection: Level '/Game/ThirdPersonBP/Maps/ThirdPersonExampleMap.ThirdPersonExampleMap:PersistentLevel' has LevelScriptBlueprint '/Game/ThirdPersonBP/Maps/ThirdPersonExampleMap.ThirdPersonExampleMap:PersistentLevel.ThirdPersonExampleMap' with GeneratedClass '/Game/ThirdPersonBP/Maps/ThirdPersonExampleMap.ThirdPersonExampleMap_C' with ClassGeneratedBy '/Game/ThirdPersonBP/Maps/ThirdPersonExampleMap.ThirdPersonExampleMap:PersistentLevel.ThirdPersonExampleMap'
[2016.07.14-11.42.15:773][970]LogBlueprintUserMessages: Late EndPlayMap Detection: Level '/Game/ThirdPersonBP/Maps/ThirdPersonExampleMap.ThirdPersonExampleMap:PersistentLevel' has LevelScriptBlueprint '/Game/ThirdPersonBP/Maps/ThirdPersonExampleMap.ThirdPersonExampleMap:PersistentLevel.ThirdPersonExampleMap' with GeneratedClass '/Game/ThirdPersonBP/Maps/ThirdPersonExampleMap.ThirdPersonExampleMap_C' with ClassGeneratedBy '/Game/ThirdPersonBP/Maps/ThirdPersonExampleMap.ThirdPersonExampleMap:PersistentLevel.ThirdPersonExampleMap'
[2016.07.14-11.42.16:576][ 62]LogBlueprintUserMessages: Early PlayInEditor Detection: Level '/Game/ThirdPersonBP/Maps/ThirdPersonExampleMap.ThirdPersonExampleMap:PersistentLevel' has LevelScriptBlueprint '/Game/ThirdPersonBP/Maps/ThirdPersonExampleMap.ThirdPersonExampleMap:PersistentLevel.ThirdPersonExampleMap' with GeneratedClass '/Game/ThirdPersonBP/Maps/ThirdPersonExampleMap.ThirdPersonExampleMap_C' with ClassGeneratedBy '/Game/ThirdPersonBP/Maps/ThirdPersonExampleMap.ThirdPersonExampleMap:PersistentLevel.ThirdPersonExampleMap'
[2016.07.14-11.42.16:576][ 62]LogPlayLevel: PlayLevel: No blueprints needed recompiling
[2016.07.14-11.42.16:576][ 62]PIE: New page: PIEセッション: ThirdPersonExampleMap (2016/07/15 5:42:16)
[2016.07.14-11.42.16:576][ 62]LogPlayLevel: Creating play world package: /Game/ThirdPersonBP/Maps/UEDPIE_0_ThirdPersonExampleMap
[2016.07.14-11.42.16:596][ 62]LogPlayLevel: PIE: StaticDuplicateObject took: (0.019123s)
[2016.07.14-11.42.16:597][ 62]LogAIModule: Creating AISystem for world ThirdPersonExampleMap
[2016.07.14-11.42.16:597][ 62]LogPlayLevel: PIE: World Init took: (0.000873s)
[2016.07.14-11.42.16:597][ 62]LogPlayLevel: PIE: Created PIE world by copying editor world from /Game/ThirdPersonBP/Maps/ThirdPersonExampleMap.ThirdPersonExampleMap to /Game/ThirdPersonBP/Maps/UEDPIE_0_ThirdPersonExampleMap.ThirdPersonExampleMap (0.020261s)
[2016.07.14-11.42.16:612][ 62]LogInit: XAudio2 using 'ASUS MX239-0 (2- NVIDIA High Definition Audio)' : 2 channels at 48 kHz using 16 bits per sample (channel mask 0x3)
[2016.07.14-11.42.16:615][ 62]LogInit: FAudioDevice initialized.
[2016.07.14-11.42.16:663][ 62]LogWorld: Game class is 'BP_stiranGameMode_C'
[2016.07.14-11.42.16:669][ 62]LogWorld: Bringing World /Game/ThirdPersonBP/Maps/UEDPIE_0_ThirdPersonExampleMap.ThirdPersonExampleMap up for play (max tick rate 0) at 2016.07.14-20.42.16
[2016.07.14-11.42.16:671][ 62]LogWorld: Bringing up level for play took: 0.007052
[2016.07.14-11.42.16:674][ 62]PIE: 情報 /Game/ThirdPersonBP/Maps/UEDPIE_0_ThirdPersonExampleMap -0.888のプレイ イン エディタの開始時間
[2016.07.14-11.42.16:674][ 62]LogBlueprintUserMessages: Late PlayInEditor Detection: Level '/Game/ThirdPersonBP/Maps/ThirdPersonExampleMap.ThirdPersonExampleMap:PersistentLevel' has LevelScriptBlueprint '/Game/ThirdPersonBP/Maps/ThirdPersonExampleMap.ThirdPersonExampleMap:PersistentLevel.ThirdPersonExampleMap' with GeneratedClass '/Game/ThirdPersonBP/Maps/ThirdPersonExampleMap.ThirdPersonExampleMap_C' with ClassGeneratedBy '/Game/ThirdPersonBP/Maps/ThirdPersonExampleMap.ThirdPersonExampleMap:PersistentLevel.ThirdPersonExampleMap'
[2016.07.14-11.42.21:786][671]LogCharacterMovement: AIchara2 is stuck and failed to move! Velocity: X=380.625 Y=122.983 Z=0.000 Location: X=43.776 Y=981.895 Z=211.520 Normal: X=-0.611 Y=-0.776 Z=-0.156 PenetrationDepth:2.106 Actor:AIchara5 Component:CharacterMesh0 BoneName:calf_l
[2016.07.14-11.42.21:828][676]LogCharacterMovement: AIchara2 is stuck and failed to move! Velocity: X=378.193 Y=130.270 Z=0.000 Location: X=55.365 Y=984.269 Z=211.618 Normal: X=-0.473 Y=-0.644 Z=-0.601 PenetrationDepth:3.648 Actor:AIchara5 Component:CharacterMesh0 BoneName:hand_r
[2016.07.14-11.42.22:011][698]LogCharacterMovement: Mixamo_Maria_C_0 is stuck and failed to move! Velocity: X=-1.024 Y=2.099 Z=0.000 Location: X=416.249 Y=1109.678 Z=226.786 Normal: X=0.785 Y=0.167 Z=-0.596 PenetrationDepth:9.408 Actor:AIchara_2 Component:CharacterMesh0 BoneName:neck_01
[2016.07.14-11.42.22:019][699]LogCharacterMovement: Mixamo_Maria_C_0 is stuck and failed to move! Velocity: X=-0.920 Y=3.199 Z=0.000 Location: X=416.249 Y=1109.678 Z=226.786 Normal: X=0.805 Y=0.179 Z=-0.566 PenetrationDepth:12.660 Actor:AIchara_2 Component:CharacterMesh0 BoneName:head
[2016.07.14-11.42.25:014][ 54]LogCharacterMovement: AIchara2 is stuck and failed to move! Velocity: X=-348.426 Y=-196.467 Z=0.000 Location: X=205.090 Y=1315.225 Z=213.643 Normal: X=0.978 Y=0.207 Z=-0.000 PenetrationDepth:0.014 Actor:AIchara4 Component:CharacterMesh0 BoneName:foot_l
[2016.07.14-11.42.25:023][ 55]LogCharacterMovement: AIchara2 is stuck and failed to move! Velocity: X=-347.867 Y=-197.455 Z=0.000 Location: X=209.298 Y=1319.755 Z=213.643 Normal: X=0.976 Y=0.217 Z=-0.000 PenetrationDepth:6.458 Actor:AIchara4 Component:CharacterMesh0 BoneName:foot_l
[2016.07.14-11.42.25:051][ 58]LogCharacterMovement: AIchara2 is stuck and failed to move! Velocity: X=-348.392 Y=-196.527 Z=0.000 Location: X=228.785 Y=1327.935 Z=211.554 Normal: X=0.848 Y=0.370 Z=-0.379 PenetrationDepth:1.577 Actor:AIchara4 Component:CharacterMesh0 BoneName:foot_l
[2016.07.14-11.42.37:773][580]LogCharacterMovement: Mixamo_Maria_C_0 is stuck and failed to move! Velocity: X=1.509 Y=2.741 Z=0.000 Location: X=774.418 Y=899.330 Z=228.449 Normal: X=0.865 Y=-0.501 Z=0.000 PenetrationDepth:6.255 Actor:AIchara3 Component:CharacterMesh0 BoneName:hand_r
[2016.07.14-11.42.37:790][582]LogCharacterMovement: Mixamo_Maria_C_0 is stuck and failed to move! Velocity: X=4.328 Y=8.458 Z=0.000 Location: X=774.447 Y=899.374 Z=228.449 Normal: X=0.563 Y=-0.370 Z=0.740 PenetrationDepth:12.753 Actor:AIchara3 Component:CharacterMesh0 BoneName:ball_r
[2016.07.14-11.42.37:798][583]LogCharacterMovement: Mixamo_Maria_C_0 is stuck and failed to move! Velocity: X=4.896 Y=11.659 Z=0.000 Location: X=774.447 Y=899.374 Z=228.449 Normal: X=0.564 Y=-0.372 Z=0.737 PenetrationDepth:10.454 Actor:AIchara3 Component:CharacterMesh0 BoneName:ball_r
[2016.07.14-11.42.37:807][584]LogCharacterMovement: Mixamo_Maria_C_0 is stuck and failed to move! Velocity: X=5.213 Y=14.950 Z=0.000 Location: X=774.447 Y=899.374 Z=228.449 Normal: X=0.575 Y=-0.373 Z=0.728 PenetrationDepth:8.325 Actor:AIchara3 Component:CharacterMesh0 BoneName:ball_r
[2016.07.14-11.42.37:815][585]LogCharacterMovement: Mixamo_Maria_C_0 is stuck and failed to move! Velocity: X=5.487 Y=18.284 Z=0.000 Location: X=774.447 Y=899.374 Z=228.449 Normal: X=0.592 Y=-0.372 Z=0.715 PenetrationDepth:6.290 Actor:AIchara3 Component:CharacterMesh0 BoneName:ball_r
[2016.07.14-11.42.37:857][590]LogCharacterMovement: Mixamo_Maria_C_0 is stuck and failed to move! Velocity: X=14.803 Y=29.941 Z=0.000 Location: X=775.574 Y=900.057 Z=228.449 Normal: X=0.870 Y=-0.494 Z=0.000 PenetrationDepth:1.526 Actor:AIchara3 Component:CharacterMesh0 BoneName:hand_r
[2016.07.14-11.42.39:165][747]LogCharacterMovement: Mixamo_Maria_C_0 is stuck and failed to move! Velocity: X=92.632 Y=72.309 Z=0.000 Location: X=852.234 Y=1224.455 Z=228.449 Normal: X=-0.160 Y=0.054 Z=0.986 PenetrationDepth:28.161 Actor:AIchara3 Component:CharacterMesh0 BoneName:ball_l
[2016.07.14-11.43.04:609][795]LogBlueprintUserMessages: Early EndPlayMap Detection: Level '/Game/ThirdPersonBP/Maps/ThirdPersonExampleMap.ThirdPersonExampleMap:PersistentLevel' has LevelScriptBlueprint '/Game/ThirdPersonBP/Maps/ThirdPersonExampleMap.ThirdPersonExampleMap:PersistentLevel.ThirdPersonExampleMap' with GeneratedClass '/Game/ThirdPersonBP/Maps/ThirdPersonExampleMap.ThirdPersonExampleMap_C' with ClassGeneratedBy '/Game/ThirdPersonBP/Maps/ThirdPersonExampleMap.ThirdPersonExampleMap:PersistentLevel.ThirdPersonExampleMap'
[2016.07.14-11.43.04:643][795]LogBlueprintUserMessages: Late EndPlayMap Detection: Level '/Game/ThirdPersonBP/Maps/ThirdPersonExampleMap.ThirdPersonExampleMap:PersistentLevel' has LevelScriptBlueprint '/Game/ThirdPersonBP/Maps/ThirdPersonExampleMap.ThirdPersonExampleMap:PersistentLevel.ThirdPersonExampleMap' with GeneratedClass '/Game/ThirdPersonBP/Maps/ThirdPersonExampleMap.ThirdPersonExampleMap_C' with ClassGeneratedBy '/Game/ThirdPersonBP/Maps/ThirdPersonExampleMap.ThirdPersonExampleMap:PersistentLevel.ThirdPersonExampleMap'
[2016.07.14-11.43.05:873][938]LogBlueprintUserMessages: Early PlayInEditor Detection: Level '/Game/ThirdPersonBP/Maps/ThirdPersonExampleMap.ThirdPersonExampleMap:PersistentLevel' has LevelScriptBlueprint '/Game/ThirdPersonBP/Maps/ThirdPersonExampleMap.ThirdPersonExampleMap:PersistentLevel.ThirdPersonExampleMap' with GeneratedClass '/Game/ThirdPersonBP/Maps/ThirdPersonExampleMap.ThirdPersonExampleMap_C' with ClassGeneratedBy '/Game/ThirdPersonBP/Maps/Third