Log file open, 07/15/16 15:06:13
LogInit:Display: Running engine for game: steamrumb
LogPlatformFile: Not using cached read wrapper
LogInit:Display: RandInit(1043506367) SRandInit(1043506368).
LogTaskGraph: Started task graph with 4 named threads and 7 total threads with 1 sets of task threads.
LogStats: Stats thread started at 0.068091
LogInit: Version: 4.12.5-3039270+++UE4+Release-4.12
LogInit: API Version: 2992821
LogInit: Net Version: 3039270
LogDevObjectVersion: Number of dev versions registered: 13
LogDevObjectVersion:   Dev-Blueprints (B0D832E4-1F89-4F0D-ACCF-7EB736FD4AA2): 3
LogDevObjectVersion:   Dev-Build (E1C64328-A22C-4D53-A36C-8E866417BD8C): 0
LogDevObjectVersion:   Dev-Core (375EC13C-06E4-48FB-B500-84F0262A717E): 1
LogDevObjectVersion:   Dev-Editor (E4B068ED-F494-42E9-A231-DA0B2E46BB41): 2
LogDevObjectVersion:   Dev-Framework (CFFC743F-43B0-4480-9391-14DF171D2073): 6
LogDevObjectVersion:   Dev-Mobile (B02B49B5-BB20-44E9-A304-32B752E40360): 0
LogDevObjectVersion:   Dev-Networking (A4E4105C-59A1-49B5-A7C5-40C4547EDFEE): 0
LogDevObjectVersion:   Dev-Online (39C831C9-5AE6-47DC-9A44-9C173E1C8E7C): 0
LogDevObjectVersion:   Dev-Physics (78F01B33-EBEA-4F98-B9B4-84EACCB95AA2): 0
LogDevObjectVersion:   Dev-Platform (6631380F-2D4D-43E0-8009-CF276956A95A): 0
LogDevObjectVersion:   Dev-Rendering (12F88B9F-8875-4AFC-A67C-D90C383ABD29): 2
LogDevObjectVersion:   Dev-Sequencer (7B5AE74C-D270-4C10-A958-57980B212A5A): 0
LogDevObjectVersion:   Dev-VR (D7296918-1DD6-4BDD-9DE2-64A83CC13884): 0
LogInit: Compiled (64-bit): Jul  6 2016 09:09:46
LogInit: Compiled with Visual C++: 19.00.23026.00
LogInit: Build Configuration: Development
LogInit: Branch Name: ++UE4+Release-4.12
LogInit: Command line:  
LogInit: Base directory: C:/Program Files (x86)/Epic Games/4.12/Engine/Binaries/Win64/
LogInit: Installed Engine Build: 1
LogInit: Using libcurl 7.41.0
LogInit:  - built for x86_64-pc-win32
LogInit:  - supports SSL with WinSSL
LogInit:  - other features:
LogInit:      CURL_VERSION_SSL
LogInit:      CURL_VERSION_IPV6
LogInit:      CURL_VERSION_ASYNCHDNS
LogInit:      CURL_VERSION_LARGEFILE
LogInit:      CURL_VERSION_IDN
LogInit:  CurlRequestOptions (configurable via config and command line):
LogInit:  - bVerifyPeer = true  - Libcurl will verify peer certificate
LogInit:  - bUseHttpProxy = false  - Libcurl will NOT use HTTP proxy
LogInit:  - bDontReuseConnections = false  - Libcurl will reuse connections
LogInit:  - CertBundlePath = nullptr  - Libcurl will use whatever was configured at build time.
LogInit: Presizing for max 8388607 objects, including 0 objects not considered by GC, pre-allocating 0 bytes for permanent pool.
LogInit: Object subsystem initialized
[2016.07.15-06.06.13:285][  0]LogInit: Selected Device Profile: [Windows]
[2016.07.15-06.06.13:285][  0]LogInit: Applying CVar settings loaded from the selected device profile: [Windows]
[2016.07.15-06.06.13:297][  0]LogInit: Computer: MIYAZEMI-01
[2016.07.15-06.06.13:297][  0]LogInit: User: game
[2016.07.15-06.06.13:297][  0]LogInit: CPU Page size=65536, Cores=4
[2016.07.15-06.06.13:297][  0]LogInit: High frequency timer resolution =3.355283 MHz
[2016.07.15-06.06.13:297][  0]LogMemory: Memory total: Physical=16.0GB (16GB approx)
[2016.07.15-06.06.13:297][  0]LogMemory: Platform Memory Stats for Windows
[2016.07.15-06.06.13:297][  0]LogMemory: Process Physical Memory: 190.36 MB used, 190.36 MB peak
[2016.07.15-06.06.13:297][  0]LogMemory: Process Virtual Memory: 195.09 MB used, 195.09 MB peak
[2016.07.15-06.06.13:297][  0]LogMemory: Physical Memory: 6075.72 MB used, 16365.14 MB total
[2016.07.15-06.06.13:297][  0]LogMemory: Virtual Memory: 554.16 MB used, 134217728.00 MB total
[2016.07.15-06.06.13:324][  0]LogTextLocalizationManager: No specific translations for ('ja-JP') exist, so ('ja') translations will be used.
[2016.07.15-06.06.13:392][  0]LogTextLocalizationManager:Warning: Loaded localization resources contain conflicting entries for (Namespace:K2Node, Key:false):
Localization Resource: (C:/Program Files (x86)/Epic Games/4.12/Engine/Content/Localization/EditorTutorials/ja/EditorTutorials.locres) Source String Hash: (816077464) Localized String: (偽)
Localization Resource: (C:/Program Files (x86)/Epic Games/4.12/Engine/Content/Localization/Engine/ja/Engine.locres) Source String Hash: (816077464) Localized String: (false)
[2016.07.15-06.06.13:392][  0]LogTextLocalizationManager:Warning: Loaded localization resources contain conflicting entries for (Namespace:K2Node, Key:true):
Localization Resource: (C:/Program Files (x86)/Epic Games/4.12/Engine/Content/Localization/EditorTutorials/ja/EditorTutorials.locres) Source String Hash: (-942328987) Localized String: (真)
Localization Resource: (C:/Program Files (x86)/Epic Games/4.12/Engine/Content/Localization/Engine/ja/Engine.locres) Source String Hash: (-942328987) Localized String: (true)
[2016.07.15-06.06.13:392][  0]LogTextLocalizationManager:Warning: Loaded localization resources contain conflicting entries for (Namespace:UObjectToolTips, Key:AnimNode_BlendSpacePlayer:bLoop):
Localization Resource: (C:/Program Files (x86)/Epic Games/4.12/Engine/Content/Localization/EditorTutorials/ja/EditorTutorials.locres) Source String Hash: (2133979316) Localized String: (再生が最後まで終わった後、ロープ再生するようにしますか？)
Localization Resource: (C:/Program Files (x86)/Epic Games/4.12/Engine/Content/Localization/ToolTips/ja/ToolTips.locres) Source String Hash: (2133979316) Localized String: (ループが最後まで到達した時に、アニメーションのループを継続するべきか？)
[2016.07.15-06.06.13:392][  0]LogTextLocalizationManager:Warning: Loaded localization resources contain conflicting entries for (Namespace:UObjectToolTips, Key:AnimNode_BlendSpacePlayer:X):
Localization Resource: (C:/Program Files (x86)/Epic Games/4.12/Engine/Content/Localization/EditorTutorials/ja/EditorTutorials.locres) Source String Hash: (2060772590) Localized String: (ブレンドスペースで値を取得するX座標)
Localization Resource: (C:/Program Files (x86)/Epic Games/4.12/Engine/Content/Localization/ToolTips/ja/ToolTips.locres) Source String Hash: (2060772590) Localized String: (ブレンドスペースでサンプリングするX座標)
[2016.07.15-06.06.13:392][  0]LogTextLocalizationManager:Warning: Loaded localization resources contain conflicting entries for (Namespace:UObjectToolTips, Key:AnimNode_BlendSpacePlayer:Y):
Localization Resource: (C:/Program Files (x86)/Epic Games/4.12/Engine/Content/Localization/EditorTutorials/ja/EditorTutorials.locres) Source String Hash: (-1719607538) Localized String: (ブレンドスペースで値を取得するY座標)
Localization Resource: (C:/Program Files (x86)/Epic Games/4.12/Engine/Content/Localization/ToolTips/ja/ToolTips.locres) Source String Hash: (-1719607538) Localized String: (ブレンドスペースでサンプリングするY座標)
[2016.07.15-06.06.13:392][  0]LogTextLocalizationManager:Warning: Loaded localization resources contain conflicting entries for (Namespace:UObjectToolTips, Key:AnimNode_BlendSpacePlayer:Z):
Localization Resource: (C:/Program Files (x86)/Epic Games/4.12/Engine/Content/Localization/EditorTutorials/ja/EditorTutorials.locres) Source String Hash: (1728943471) Localized String: (ブレンドスペースで値を取得するZ座標)
Localization Resource: (C:/Program Files (x86)/Epic Games/4.12/Engine/Content/Localization/ToolTips/ja/ToolTips.locres) Source String Hash: (1728943471) Localized String: (ブレンドスペースでサンプリングするZ座標)
[2016.07.15-06.06.13:392][  0]LogTextLocalizationManager:Warning: Loaded localization resources contain conflicting entries for (Namespace:UObjectToolTips, Key:AnimNode_BlendSpacePlayer:BlendSpace):
Localization Resource: (C:/Program Files (x86)/Epic Games/4.12/Engine/Content/Localization/EditorTutorials/ja/EditorTutorials.locres) Source String Hash: (1599043277) Localized String: (再生するブレンドスペースのアセット)
Localization Resource: (C:/Program Files (x86)/Epic Games/4.12/Engine/Content/Localization/ToolTips/ja/ToolTips.locres) Source String Hash: (1599043277) Localized String: (再生するブレンド空間アセット)
[2016.07.15-06.06.13:392][  0]LogTextLocalizationManager:Warning: Loaded localization resources contain conflicting entries for (Namespace:UObjectToolTips, Key:AnimNode_StateMachine:MaxTransitionsPerFrame):
Localization Resource: (C:/Program Files (x86)/Epic Games/4.12/Engine/Content/Localization/EditorTutorials/ja/EditorTutorials.locres) Source String Hash: (1567650430) Localized String: (このマシーンで1フレームあたりに同時に処理できるトランジションの最大数)
Localization Resource: (C:/Program Files (x86)/Epic Games/4.12/Engine/Content/Localization/ToolTips/ja/ToolTips.locres) Source String Hash: (1567650430) Localized String: (単一フレームでマシーンが「同時」に受け取れる遷移の最大数)
[2016.07.15-06.06.13:392][  0]LogTextLocalizationManager:Warning: Loaded localization resources contain conflicting entries for (Namespace:UObjectToolTips, Key:AnimNode_BlendSpacePlayer:PlayRate):
Localization Resource: (C:/Program Files (x86)/Epic Games/4.12/Engine/Content/Localization/EditorTutorials/ja/EditorTutorials.locres) Source String Hash: (-1274923958) Localized String: (再生速度の倍率です。負の数値も使う事ができます。その場合逆再生になります。)
Localization Resource: (C:/Program Files (x86)/Epic Games/4.12/Engine/Content/Localization/ToolTips/ja/ToolTips.locres) Source String Hash: (-1274923958) Localized String: (再生レート乗数。アニメーションを逆再生する負の値にすることができます。)
[2016.07.15-06.06.13:517][  0]LogD3D11RHI: D3D11 adapters:
[2016.07.15-06.06.13:535][  0]LogD3D11RHI:    0. 'NVIDIA GeForce GTX 970' (Feature Level 11_0)
[2016.07.15-06.06.13:535][  0]LogD3D11RHI:       4007/0/8182 MB DedicatedVideo/DedicatedSystem/SharedSystem, Outputs:1, VendorId:0x10de
[2016.07.15-06.06.13:536][  0]LogD3D11RHI:    1. 'Microsoft Basic Render Driver' (Feature Level 11_0)
[2016.07.15-06.06.13:536][  0]LogD3D11RHI:       0/0/8182 MB DedicatedVideo/DedicatedSystem/SharedSystem, Outputs:0, VendorId:0x1414
[2016.07.15-06.06.13:536][  0]LogD3D11RHI: Chosen D3D11 Adapter: 0
[2016.07.15-06.06.13:540][  0]LogD3D11RHI: Creating new Direct3DDevice
[2016.07.15-06.06.13:540][  0]LogD3D11RHI:     GPU DeviceId: 0x13c2 (for the marketing name, search the web for "GPU Device Id")
[2016.07.15-06.06.13:540][  0]LogWindows: EnumDisplayDevices:
[2016.07.15-06.06.13:540][  0]LogWindows:    0. 'NVIDIA GeForce GTX 970' (P:0 D:0)
[2016.07.15-06.06.13:540][  0]LogWindows:    1. 'NVIDIA GeForce GTX 970' (P:1 D:1)
[2016.07.15-06.06.13:540][  0]LogWindows:    2. 'NVIDIA GeForce GTX 970' (P:0 D:0)
[2016.07.15-06.06.13:540][  0]LogWindows:    3. 'NVIDIA GeForce GTX 970' (P:0 D:0)
[2016.07.15-06.06.13:541][  0]LogWindows: DebugString: FoundDriverCount:4 
[2016.07.15-06.06.13:541][  0]LogD3D11RHI:     Adapter Name: NVIDIA GeForce GTX 970
[2016.07.15-06.06.13:541][  0]LogD3D11RHI:   Driver Version: 365.10 (internal:10.18.13.6510, unified:365.10)
[2016.07.15-06.06.13:541][  0]LogD3D11RHI:      Driver Date: 4-27-2016
[2016.07.15-06.06.13:541][  0]LogRHI: Texture pool is 1361 MB (70% of 1945 MB)
[2016.07.15-06.06.13:551][  0]LogD3D11RHI: Async texture creation enabled
[2016.07.15-06.06.13:560][  0]LogD3D11RHI: GPU Timing Frequency: 1000.000000 (Debug: 2 1)
[2016.07.15-06.06.13:561][  0]LogShaderCompilers: Guid format shader working directory is -19 characters bigger than the processId version (../../../../../../Users/game/Documents/steamrumb/steamrumb 4.12/Intermediate/Shaders/WorkingDirectory/10064/).
[2016.07.15-06.06.13:561][  0]LogShaderCompilers: Cleaned the shader compiler working directory 'C:/Users/game/AppData/Local/Temp/UnrealShaderWorkingDir/3F3A2651495AC06B31128183A6F9A182/'.
[2016.07.15-06.06.13:561][  0]LogShaderCompilers:Display: Using Local Shader Compiler.
[2016.07.15-06.06.14:504][  0]LogTemp:Display: Loaded TP AllDesktopTargetPlatform
[2016.07.15-06.06.14:511][  0]LogTemp:Display: Loaded TP WindowsClientTargetPlatform
[2016.07.15-06.06.14:519][  0]LogTemp:Display: Loaded TP WindowsNoEditorTargetPlatform
[2016.07.15-06.06.14:527][  0]LogTemp:Display: Loaded TP WindowsServerTargetPlatform
[2016.07.15-06.06.14:534][  0]LogTemp:Display: Loaded TP WindowsTargetPlatform
[2016.07.15-06.06.14:541][  0]LogTemp:Display: Loaded TP AndroidTargetPlatform
[2016.07.15-06.06.14:548][  0]LogTemp:Display: Loaded TP Android_ASTCTargetPlatform
[2016.07.15-06.06.14:554][  0]LogTemp:Display: Loaded TP Android_ATCTargetPlatform
[2016.07.15-06.06.14:560][  0]LogTemp:Display: Loaded TP Android_DXTTargetPlatform
[2016.07.15-06.06.14:567][  0]LogTemp:Display: Loaded TP Android_ETC1TargetPlatform
[2016.07.15-06.06.14:573][  0]LogTemp:Display: Loaded TP Android_ETC2TargetPlatform
[2016.07.15-06.06.14:586][  0]LogTemp:Display: Loaded TP Android_MultiTargetPlatform
[2016.07.15-06.06.14:586][  0]LogTemp:Display: Loaded TP Android_PVRTCTargetPlatform
[2016.07.15-06.06.14:587][  0]LogTemp:Display: Loaded TP HTML5TargetPlatform
[2016.07.15-06.06.14:607][  0]LogTemp:Display: Loaded TP IOSTargetPlatform
[2016.07.15-06.06.14:614][  0]LogTemp:Display: Loaded TP TVOSTargetPlatform
[2016.07.15-06.06.14:620][  0]LogTemp:Display: Loaded TP LinuxNoEditorTargetPlatform
[2016.07.15-06.06.14:626][  0]LogTemp:Display: Loaded TP LinuxServerTargetPlatform
[2016.07.15-06.06.14:632][  0]LogTemp:Display: Loaded TP LinuxTargetPlatform
[2016.07.15-06.06.14:632][  0]LogTargetPlatformManager:Display: Building Assets For Windows
[2016.07.15-06.06.14:694][  0]LogDerivedDataCache:Display: Max Cache Size: 512 MB
[2016.07.15-06.06.14:742][  0]LogDerivedDataCache: Loaded boot cache 0.05s 53MB C:/Users/game/AppData/Local/UnrealEngine/4.12/DerivedDataCache/Boot.ddc.
[2016.07.15-06.06.14:743][  0]LogDerivedDataCache:Display: Loaded Boot cache: C:/Users/game/AppData/Local/UnrealEngine/4.12/DerivedDataCache/Boot.ddc
[2016.07.15-06.06.14:743][  0]LogDerivedDataCache: FDerivedDataBackendGraph:  Pak pak cache file ../../../../../../Users/game/Documents/steamrumb/steamrumb 4.12/DerivedDataCache/DDC.ddp not found, will not use a pak cache.
[2016.07.15-06.06.14:743][  0]LogDerivedDataCache: Unable to find inner node Pak for hierarchical cache Hierarchy.
[2016.07.15-06.06.14:743][  0]LogDerivedDataCache: FDerivedDataBackendGraph:  CompressedPak pak cache file ../../../../../../Users/game/Documents/steamrumb/steamrumb 4.12/DerivedDataCache/Compressed.ddp not found, will not use a pak cache.
[2016.07.15-06.06.14:743][  0]LogDerivedDataCache: Unable to find inner node CompressedPak for hierarchical cache Hierarchy.
[2016.07.15-06.06.14:757][  0]LogDerivedDataCache:Display: Pak cache opened for reading ../../../Engine/DerivedDataCache/Compressed.ddp.
[2016.07.15-06.06.14:769][  0]LogDerivedDataCache: Using Local data cache path C:/Users/game/AppData/Local/UnrealEngine/Common/DerivedDataCache: Writable
[2016.07.15-06.06.14:930][  0]LogInit: Selected Device Profile: [Windows]
[2016.07.15-06.06.14:931][  0]LogContentStreaming: Texture pool size is 0.00 MB
[2016.07.15-06.06.15:070][  0]LogMeshUtilities: No automatic mesh reduction module available
[2016.07.15-06.06.15:070][  0]LogMeshUtilities: No automatic mesh merging module available
[2016.07.15-06.06.15:070][  0]LogMeshUtilities: No distributed automatic mesh merging module available
[2016.07.15-06.06.15:277][  0]LogAssetRegistry: FAssetRegistry took 0.0209 seconds to start up
[2016.07.15-06.06.15:305][  0]LogPackageLocalizationCache: Processed 3 localized package path(s) for 2 prioritized culture(s) in 0.025966 seconds
[2016.07.15-06.06.15:311][  0]LogUObjectArray: 28739 objects as part of root set at end of initial load.
[2016.07.15-06.06.15:311][  0]LogUObjectAllocator: 5855632 out of 0 bytes used by permanent object pool.
[2016.07.15-06.06.15:311][  0]LogUObjectArray: CloseDisregardForGC: 0/0 objects in disregard for GC pool
[2016.07.15-06.06.15:319][  0]LogInit: WinSock: version 1.1 (2.2), MaxSocks=32767, MaxUdp=65467
[2016.07.15-06.06.15:475][  0]LogSlate: SlateFontCache - WITH_FREETYPE: 1, WITH_HARFBUZZ: 1
[2016.07.15-06.06.15:475][  0]LogSlate: SlateFontCache - WITH_FREETYPE: 1, WITH_HARFBUZZ: 1
[2016.07.15-06.06.16:021][  0]LogUdpMessaging: Initializing bridge on interface 0.0.0.0:0 to multicast group 230.0.0.1:6666.
[2016.07.15-06.06.16:209][  0]SourceControl: 情報 ソースコントロールは無効です
[2016.07.15-06.06.16:237][  0]SourceControl: 情報 ソースコントロールは無効です
[2016.07.15-06.06.16:244][  0]SourceControl: 情報 ソースコントロールは無効です
[2016.07.15-06.06.16:251][  0]SourceControl: 情報 ソースコントロールは無効です
[2016.07.15-06.06.16:430][  0]LogEngine: Initializing Engine...
[2016.07.15-06.06.20:458][  0]LogHMD: SteamVR initialized.  Driver: lighthouse  Display: LHR-8F83D948
[2016.07.15-06.06.20:471][  0]LogHMD: SteamVR initialized.  Driver: lighthouse  Display: LHR-8F83D948
[2016.07.15-06.06.20:587][  0]LogAIModule: Creating AISystem for world NewWorld
[2016.07.15-06.06.20:600][  0]LogInit: XAudio2 using 'スピーカー (3- USB Audio Device)' : 2 channels at 44.1 kHz using 16 bits per sample (channel mask 0x3)
[2016.07.15-06.06.20:608][  0]LogInit: FAudioDevice initialized.
[2016.07.15-06.06.20:638][  0]LogDerivedDataCache: Saved boot cache 0.03s 53MB C:/Users/game/AppData/Local/UnrealEngine/4.12/DerivedDataCache/Boot.ddc.
[2016.07.15-06.06.20:649][  0]LogInit: Texture streaming: Enabled
[2016.07.15-06.06.20:673][  0]LogInit: Transaction tracking system initialized
[2016.07.15-06.06.20:696][  0]BlueprintLog: New page: エディタの読み込み
[2016.07.15-06.06.20:765][  0]LocalizationService: 情報 ローカライズのサービスが無効になりました
[2016.07.15-06.06.20:818][  0]LogConsoleResponse:Display: 
[2016.07.15-06.06.20:908][  0]LogCook:Display: Max memory allowance for cook 8192mb
[2016.07.15-06.06.20:908][  0]LogCook:Display: Mobile HDR setting 1
[2016.07.15-06.06.20:990][  0]LogFileCache: Scanning file cache for directory 'C:/Users/game/Documents/steamrumb/steamrumb 4.12/Content/' took 0.03s
[2016.07.15-06.06.20:990][  0]SourceControl: 情報 ソースコントロールは無効です
[2016.07.15-06.06.20:990][  0]Cmd: MAP LOAD FILE="../../../../../../Users/game/Documents/steamrumb/steamrumb 4.12/Content/ThirdPersonBP/Maps/ThirdPersonExampleMap.umap" TEMPLATE=0 SHOWPROGRESS=1 FEATURELEVEL=3
[2016.07.15-06.06.21:001][  0]LightingResults: New page: ライティングのビルド
[2016.07.15-06.06.21:003][  0]MapCheck: New page: マップをチェック
[2016.07.15-06.06.21:003][  0]LightingResults: New page: <何も選択されていません>
[2016.07.15-06.06.22:485][  0]LogAIModule: Creating AISystem for world ThirdPersonExampleMap
[2016.07.15-06.06.22:496][  0]LogEditorServer: Finished looking for orphan Actors (0.000 secs)
[2016.07.15-06.06.22:497][  0]Cmd: MAP CHECKDEP NOCLEARLOG
[2016.07.15-06.06.22:544][  0]MapCheck: 情報 マップチェックが完了: 0 エラー、 0 警告、完了に 47.158ミリ秒かかりました。
[2016.07.15-06.06.22:544][  0]LogFileHelpers: Loading map 'ThirdPersonExampleMap' took 1.554
[2016.07.15-06.06.22:673][  0]LogCollectionManager: Loaded 0 collections in 0.001440 seconds
[2016.07.15-06.06.22:710][  0]LogFileCache: Scanning file cache for directory 'C:/Users/game/Documents/steamrumb/steamrumb 4.12/Saved/Collections/' took 0.01s
[2016.07.15-06.06.22:710][  0]LogFileCache: Scanning file cache for directory 'C:/Users/game/Documents/steamrumb/steamrumb 4.12/Content/Developers/game/Collections/' took 0.01s
[2016.07.15-06.06.22:710][  0]LogFileCache: Scanning file cache for directory 'C:/Users/game/Documents/steamrumb/steamrumb 4.12/Content/Collections/' took 0.01s
[2016.07.15-06.06.22:710][  0]LogCollectionManager: Rebuilt the GUID cache for 0 collections in 0.000003 seconds
[2016.07.15-06.06.22:717][  0]LogContentBrowser: Native class hierarchy populated in 0.0065 seconds. Added 2047 classes and 369 folders.
[2016.07.15-06.06.22:720][  0]LogStats: UGameplayTagsManager::ConstructGameplayTagTree: Construct from data asset -  0.000 s
[2016.07.15-06.06.22:720][  0]LogStats: UGameplayTagsManager::ConstructGameplayTagTree: GameplayTagTreeChangedEvent.Broadcast -  0.000 s
[2016.07.15-06.06.22:720][  0]LogContentBrowser: Native class hierarchy updated for 'GameplayTags' in 0.0004 seconds. Added 12 classes and 0 folders.
[2016.07.15-06.06.22:724][  0]LogContentBrowser: Native class hierarchy updated for 'WidgetCarousel' in 0.0003 seconds. Added 0 classes and 0 folders.
[2016.07.15-06.06.22:760][  0]LogContentBrowser: Native class hierarchy updated for 'AddContentDialog' in 0.0005 seconds. Added 0 classes and 0 folders.
[2016.07.15-06.06.22:765][  0]LogContentBrowser: Native class hierarchy updated for 'SceneOutliner' in 0.0005 seconds. Added 1 classes and 2 folders.
[2016.07.15-06.06.22:827][  0]LogCrashTracker: Crashtracker disabled due to settings.
[2016.07.15-06.06.22:874][  0]LogWindowsTextInputMethodSystem:Display: IME system now activated using TSF (Microsoft IME).
[2016.07.15-06.06.22:887][  0]LogUObjectGlobals:Warning: オブジェクト 'Class なし.' が見つかりませんでした
[2016.07.15-06.06.22:912][  0]LogContentBrowser: Native class hierarchy updated for 'HierarchicalLODOutliner' in 0.0003 seconds. Added 1 classes and 2 folders.
[2016.07.15-06.06.22:912][  0]LogLoad: Full Startup: 10.31 seconds (BP compile: 0.21 seconds)
[2016.07.15-06.06.22:912][  0]LogExternalProfiler: Found external profiler: VSPerf
[2016.07.15-06.06.22:912][  0]LogExternalProfiler: Using external profiler: VSPerf
[2016.07.15-06.06.22:925][  0]LogOcInput: OculusInput pre-init called
[2016.07.15-06.06.22:945][  0]LogContentStreaming: Texture pool size now 1000 MB
[2016.07.15-06.06.23:114][  0]LogRenderer: Reallocating scene render targets to support 1208x576 (Frame:2).
[2016.07.15-06.06.23:198][  2]LogCollectionManager: Rebuilt the object cache for 0 collections in 0.000001 seconds (found 0 objects)
[2016.07.15-06.06.23:217][  2]LogAssetRegistry: Asset discovery search completed in 7.9615 seconds
[2016.07.15-06.06.23:217][  2]LogCollectionManager: Fixed up redirectors for 0 collections in 0.000005 seconds (updated 0 objects)
[2016.07.15-06.06.29:560][718]LogBlueprintUserMessages: Early PlayInEditor Detection: Level '/Game/ThirdPersonBP/Maps/ThirdPersonExampleMap.ThirdPersonExampleMap:PersistentLevel' has LevelScriptBlueprint '/Game/ThirdPersonBP/Maps/ThirdPersonExampleMap.ThirdPersonExampleMap:PersistentLevel.ThirdPersonExampleMap' with GeneratedClass '/Game/ThirdPersonBP/Maps/ThirdPersonExampleMap.ThirdPersonExampleMap_C' with ClassGeneratedBy '/Game/ThirdPersonBP/Maps/ThirdPersonExampleMap.ThirdPersonExampleMap:PersistentLevel.ThirdPersonExampleMap'
[2016.07.15-06.06.29:561][718]LogPlayLevel: PlayLevel: No blueprints needed recompiling
[2016.07.15-06.06.29:561][718]PIE: New page: PIEセッション: ThirdPersonExampleMap (2016/07/16 0:06:29)
[2016.07.15-06.06.29:561][718]LogPlayLevel: Creating play world package: /Game/ThirdPersonBP/Maps/UEDPIE_0_ThirdPersonExampleMap
[2016.07.15-06.06.29:585][718]LogPlayLevel: PIE: StaticDuplicateObject took: (0.023118s)
[2016.07.15-06.06.29:585][718]LogAIModule: Creating AISystem for world ThirdPersonExampleMap
[2016.07.15-06.06.29:585][718]LogPlayLevel: PIE: World Init took: (0.000911s)
[2016.07.15-06.06.29:586][718]LogPlayLevel: PIE: Created PIE world by copying editor world from /Game/ThirdPersonBP/Maps/ThirdPersonExampleMap.ThirdPersonExampleMap to /Game/ThirdPersonBP/Maps/UEDPIE_0_ThirdPersonExampleMap.ThirdPersonExampleMap (0.024256s)
[2016.07.15-06.06.29:626][718]LogInit: XAudio2 using 'スピーカー (3- USB Audio Device)' : 2 channels at 44.1 kHz using 16 bits per sample (channel mask 0x3)
[2016.07.15-06.06.29:632][718]LogInit: FAudioDevice initialized.
[2016.07.15-06.06.29:692][718]LogWorld: Game class is 'BP_stiranGameMode_C'
[2016.07.15-06.06.29:699][718]LogWorld: Bringing World /Game/ThirdPersonBP/Maps/UEDPIE_0_ThirdPersonExampleMap.ThirdPersonExampleMap up for play (max tick rate 0) at 2016.07.15-15.06.29
[2016.07.15-06.06.29:701][718]LogWorld: Bringing up level for play took: 0.007741
[2016.07.15-06.06.29:705][718]LogContentBrowser: Native class hierarchy updated for 'MovieSceneCapture' in 0.0004 seconds. Added 11 classes and 0 folders.
[2016.07.15-06.06.29:708][718]PIE: 情報 /Game/ThirdPersonBP/Maps/UEDPIE_0_ThirdPersonExampleMap 0.631のプレイ イン エディタの開始時間
[2016.07.15-06.06.29:708][718]LogBlueprintUserMessages: Late PlayInEditor Detection: Level '/Game/ThirdPersonBP/Maps/ThirdPersonExampleMap.ThirdPersonExampleMap:PersistentLevel' has LevelScriptBlueprint '/Game/ThirdPersonBP/Maps/ThirdPersonExampleMap.ThirdPersonExampleMap:PersistentLevel.ThirdPersonExampleMap' with GeneratedClass '/Game/ThirdPersonBP/Maps/ThirdPersonExampleMap.ThirdPersonExampleMap_C' with ClassGeneratedBy '/Game/ThirdPersonBP/Maps/ThirdPersonExampleMap.ThirdPersonExampleMap:PersistentLevel.ThirdPersonExampleMap'
[2016.07.15-06.06.29:775][719]LogRenderer: Reallocating scene render targets to support 1692x804 (Frame:720).
[2016.07.15-06.06.32:380][ 26]LogCharacterMovement: Mixamo_Maria_C_0 is stuck and failed to move! Velocity: X=-0.014 Y=-4.682 Z=0.000 Location: X=-721.753 Y=547.179 Z=226.344 Normal: X=-0.365 Y=0.860 Z=-0.356 PenetrationDepth:1.968 Actor:AIchara_2 Component:CharacterMesh0 BoneName:head
[2016.07.15-06.06.32:439][ 33]LogCharacterMovement: Mixamo_Maria_C_0 is stuck and failed to move! Velocity: X=-0.135 Y=-28.173 Z=0.000 Location: X=-722.069 Y=547.079 Z=226.332 Normal: X=-0.367 Y=0.859 Z=-0.356 PenetrationDepth:1.638 Actor:AIchara_2 Component:CharacterMesh0 BoneName:head
[2016.07.15-06.06.32:471][ 36]LogCharacterMovement: Mixamo_Maria_C_0 is stuck and failed to move! Velocity: X=-5.468 Y=-40.001 Z=0.000 Location: X=-722.381 Y=546.965 Z=226.325 Normal: X=-0.370 Y=0.858 Z=-0.356 PenetrationDepth:1.444 Actor:AIchara_2 Component:CharacterMesh0 BoneName:head
[2016.07.15-06.06.32:498][ 39]LogCharacterMovement: Mixamo_Maria_C_0 is stuck and failed to move! Velocity: X=-12.443 Y=-48.275 Z=0.000 Location: X=-722.816 Y=546.797 Z=226.318 Normal: X=-0.377 Y=0.855 Z=-0.357 PenetrationDepth:1.247 Actor:AIchara_2 Component:CharacterMesh0 BoneName:head
[2016.07.15-06.06.32:514][ 40]LogCharacterMovement: Mixamo_Maria_C_0 is stuck and failed to move! Velocity: X=-18.061 Y=-52.493 Z=0.000 Location: X=-722.818 Y=546.803 Z=226.315 Normal: X=-0.376 Y=0.855 Z=-0.357 PenetrationDepth:1.177 Actor:AIchara_2 Component:CharacterMesh0 BoneName:head
[2016.07.15-06.06.32:526][ 41]LogCharacterMovement: Mixamo_Maria_C_0 is stuck and failed to move! Velocity: X=-22.635 Y=-55.105 Z=0.000 Location: X=-722.823 Y=546.812 Z=226.311 Normal: X=-0.375 Y=0.856 Z=-0.357 PenetrationDepth:1.069 Actor:AIchara_2 Component:CharacterMesh0 BoneName:head
[2016.07.15-06.06.32:537][ 42]LogCharacterMovement: Mixamo_Maria_C_0 is stuck and failed to move! Velocity: X=-26.972 Y=-57.088 Z=0.000 Location: X=-722.826 Y=546.819 Z=226.309 Normal: X=-0.375 Y=0.856 Z=-0.357 PenetrationDepth:0.988 Actor:AIchara_2 Component:CharacterMesh0 BoneName:head
[2016.07.15-06.06.32:548][ 43]LogCharacterMovement: Mixamo_Maria_C_0 is stuck and failed to move! Velocity: X=-31.471 Y=-58.834 Z=0.000 Location: X=-722.828 Y=546.826 Z=226.306 Normal: X=-0.375 Y=0.856 Z=-0.356 PenetrationDepth:0.913 Actor:AIchara_2 Component:CharacterMesh0 BoneName:head
[2016.07.15-06.06.33:610][168]LogCharacterMovement: Mixamo_Maria_C_0 is stuck and failed to move! Velocity: X=-449.480 Y=-21.625 Z=0.000 Location: X=-1059.312 Y=320.074 Z=226.332 Normal: X=0.228 Y=-0.397 Z=-0.889 PenetrationDepth:0.000 Actor:AIchara_2 Component:CharacterMesh0 BoneName:hand_l
[2016.07.15-06.06.39:368][856]LogCharacterMovement: AIchara4 is stuck and failed to move! Velocity: X=-115.135 Y=356.446 Z=0.000 Location: X=-703.056 Y=-905.000 Z=213.580 Normal: X=-0.869 Y=-0.495 Z=-0.000 PenetrationDepth:0.000 Actor:AIchara3 Component:CharacterMesh0 BoneName:hand_r
[2016.07.15-06.06.39:569][880]LogCharacterMovement: AIchara4 is stuck and failed to move! Velocity: X=-196.502 Y=292.489 Z=0.000 Location: X=-750.831 Y=-862.680 Z=213.565 Normal: X=-0.811 Y=-0.585 Z=0.000 PenetrationDepth:0.000 Actor:AIchara3 Component:CharacterMesh0 BoneName:hand_r
[2016.07.15-06.06.40:247][961]LogCharacterMovement: Mixamo_Maria_C_0 is stuck and failed to move! Velocity: X=-123.233 Y=242.778 Z=0.000 Location: X=-1057.245 Y=-742.443 Z=228.409 Normal: X=-0.888 Y=-0.460 Z=0.000 PenetrationDepth:0.000 Actor:AIchara4 Component:CharacterMesh0 BoneName:hand_l
[2016.07.15-06.06.40:255][962]LogCharacterMovement: Mixamo_Maria_C_0 is stuck and failed to move! Velocity: X=-115.768 Y=248.021 Z=0.000 Location: X=-1060.569 Y=-744.632 Z=228.409 Normal: X=-0.846 Y=-0.533 Z=0.000 PenetrationDepth:0.000 Actor:AIchara4 Component:CharacterMesh0 BoneName:hand_l
[2016.07.15-06.06.40:372][976]LogCharacterMovement: Mixamo_Maria_C_0 is stuck and failed to move! Velocity: X=0.974 Y=295.525 Z=0.000 Location: X=-1080.487 Y=-720.213 Z=228.288 Normal: X=-1.000 Y=-0.031 Z=0.000 PenetrationDepth:0.000 Actor:AIchara4 Component:CharacterMesh0 BoneName:hand_l
[2016.07.15-06.06.42:648][249]LogCharacterMovement: Mixamo_Maria_C_0 is stuck and failed to move! Velocity: X=-0.160 Y=3.354 Z=0.000 Location: X=-432.001 Y=-436.986 Z=228.426 Normal: X=0.979 Y=0.197 Z=-0.048 PenetrationDepth:41.340 Actor:AIchara4 Component:CharacterMesh0 BoneName:upperarm_r
[2016.07.15-06.06.42:656][250]LogCharacterMovement: Mixamo_Maria_C_0 is stuck and failed to move! Velocity: X=-0.391 Y=6.684 Z=0.000 Location: X=-432.001 Y=-436.986 Z=228.426 Normal: X=0.884 Y=0.074 Z=-0.462 PenetrationDepth:40.167 Actor:AIchara4 Component:CharacterMesh0 BoneName:upperarm_r
[2016.07.15-06.06.42:665][251]LogCharacterMovement: Mixamo_Maria_C_0 is stuck and failed to move! Velocity: X=-0.620 Y=10.010 Z=0.000 Location: X=-432.001 Y=-436.986 Z=228.426 Normal: X=0.906 Y=-0.421 Z=-0.040 PenetrationDepth:11.740 Actor:AIchara4 Component:CharacterMesh0 BoneName:hand_r
[2016.07.15-06.06.42:673][252]LogCharacterMovement: Mixamo_Maria_C_0 is stuck and failed to move! Velocity: X=-1.064 Y=13.315 Z=0.000 Location: X=-432.001 Y=-436.986 Z=228.426 Normal: X=0.862 Y=-0.429 Z=-0.272 PenetrationDepth:10.252 Actor:AIchara4 Component:CharacterMesh0 BoneName:hand_r
[2016.07.15-06.06.42:681][253]LogCharacterMovement: Mixamo_Maria_C_0 is stuck and failed to move! Velocity: X=-1.651 Y=16.600 Z=0.000 Location: X=-432.001 Y=-436.986 Z=228.426 Normal: X=0.780 Y=-0.428 Z=-0.456 PenetrationDepth:8.022 Actor:AIchara4 Component:CharacterMesh0 BoneName:hand_r
[2016.07.15-06.06.42:690][254]LogCharacterMovement: Mixamo_Maria_C_0 is stuck and failed to move! Velocity: X=-2.359 Y=19.863 Z=0.000 Location: X=-432.001 Y=-436.986 Z=228.426 Normal: X=0.690 Y=-0.410 Z=-0.596 PenetrationDepth:4.952 Actor:AIchara4 Component:CharacterMesh0 BoneName:hand_r
[2016.07.15-06.06.42:698][255]LogCharacterMovement: Mixamo_Maria_C_0 is stuck and failed to move! Velocity: X=-3.129 Y=23.112 Z=0.000 Location: X=-432.001 Y=-436.986 Z=228.426 Normal: X=0.960 Y=0.278 Z=0.000 PenetrationDepth:32.554 Actor:AIchara4 Component:CharacterMesh0 BoneName:calf_r
[2016.07.15-06.06.42:706][256]LogCharacterMovement: Mixamo_Maria_C_0 is stuck and failed to move! Velocity: X=-3.892 Y=26.362 Z=0.000 Location: X=-432.001 Y=-436.986 Z=228.426 Normal: X=0.965 Y=0.261 Z=-0.000 PenetrationDepth:33.208 Actor:AIchara4 Component:CharacterMesh0 BoneName:calf_r
[2016.07.15-06.06.42:715][257]LogCharacterMovement: Mixamo_Maria_C_0 is stuck and failed to move! Velocity: X=-4.757 Y=29.589 Z=0.000 Location: X=-432.001 Y=-436.986 Z=228.426 Normal: X=0.968 Y=0.250 Z=0.000 PenetrationDepth:33.702 Actor:AIchara4 Component:CharacterMesh0 BoneName:calf_r
[2016.07.15-06.06.42:723][258]LogCharacterMovement: Mixamo_Maria_C_0 is stuck and failed to move! Velocity: X=-5.723 Y=32.785 Z=0.000 Location: X=-432.001 Y=-436.986 Z=228.426 Normal: X=0.743 Y=-0.035 Z=-0.669 PenetrationDepth:11.742 Actor:AIchara4 Component:CharacterMesh0 BoneName:lowerarm_r
[2016.07.15-06.06.42:731][259]LogCharacterMovement: Mixamo_Maria_C_0 is stuck and failed to move! Velocity: X=-6.761 Y=35.958 Z=0.000 Location: X=-432.001 Y=-436.986 Z=228.426 Normal: X=0.730 Y=-0.036 Z=-0.682 PenetrationDepth:11.156 Actor:AIchara4 Component:CharacterMesh0 BoneName:lowerarm_r
[2016.07.15-06.06.42:740][260]LogCharacterMovement: Mixamo_Maria_C_0 is stuck and failed to move! Velocity: X=-7.787 Y=39.133 Z=0.000 Location: X=-432.001 Y=-436.986 Z=228.426 Normal: X=0.723 Y=-0.035 Z=-0.690 PenetrationDepth:10.784 Actor:AIchara4 Component:CharacterMesh0 BoneName:lowerarm_r
[2016.07.15-06.06.42:748][261]LogCharacterMovement: Mixamo_Maria_C_0 is stuck and failed to move! Velocity: X=-8.801 Y=42.310 Z=0.000 Location: X=-432.001 Y=-436.986 Z=228.426 Normal: X=0.732 Y=-0.028 Z=-0.680 PenetrationDepth:11.038 Actor:AIchara4 Component:CharacterMesh0 BoneName:lowerarm_r
[2016.07.15-06.06.42:756][262]LogCharacterMovement: Mixamo_Maria_C_0 is stuck and failed to move! Velocity: X=-9.804 Y=45.488 Z=0.000 Location: X=-432.001 Y=-436.986 Z=228.426 Normal: X=0.741 Y=-0.021 Z=-0.671 PenetrationDepth:11.284 Actor:AIchara4 Component:CharacterMesh0 BoneName:lowerarm_r
[2016.07.15-06.06.42:765][263]LogCharacterMovement: Mixamo_Maria_C_0 is stuck and failed to move! Velocity: X=-10.797 Y=48.669 Z=0.000 Location: X=-432.001 Y=-436.986 Z=228.426 Normal: X=0.749 Y=-0.014 Z=-0.662 PenetrationDepth:11.523 Actor:AIchara4 Component:CharacterMesh0 BoneName:lowerarm_r
[2016.07.15-06.06.42:773][264]LogCharacterMovement: Mixamo_Maria_C_0 is stuck and failed to move! Velocity: X=-11.780 Y=51.851 Z=0.000 Location: X=-432.001 Y=-436.986 Z=228.426 Normal: X=0.979 Y=0.202 Z=0.000 PenetrationDepth:35.547 Actor:AIchara4 Component:CharacterMesh0 BoneName:calf_r
[2016.07.15-06.06.42:781][265]LogCharacterMovement: Mixamo_Maria_C_0 is stuck and failed to move! Velocity: X=-12.778 Y=55.004 Z=0.000 Location: X=-432.001 Y=-436.986 Z=228.426 Normal: X=0.980 Y=0.200 Z=0.000 PenetrationDepth:35.625 Actor:AIchara4 Component:CharacterMesh0 BoneName:calf_r
[2016.07.15-06.06.42:790][266]LogCharacterMovement: Mixamo_Maria_C_0 is stuck and failed to move! Velocity: X=-13.873 Y=58.128 Z=0.000 Location: X=-432.001 Y=-436.986 Z=228.426 Normal: X=-0.958 Y=-0.285 Z=0.000 PenetrationDepth:40.812 Actor:AIchara4 Component:CharacterMesh0 BoneName:calf_l
[2016.07.15-06.06.42:798][267]LogCharacterMovement: Mixamo_Maria_C_0 is stuck and failed to move! Velocity: X=-15.094 Y=61.221 Z=0.000 Location: X=-432.001 Y=-436.986 Z=228.426 Normal: X=-0.582 Y=-0.529 Z=-0.618 PenetrationDepth:14.677 Actor:AIchara4 Component:CharacterMesh0 BoneName:lowerarm_l
[2016.07.15-06.06.42:806][268]LogCharacterMovement: Mixamo_Maria_C_0 is stuck and failed to move! Velocity: X=-16.546 Y=64.265 Z=0.000 Location: X=-432.001 Y=-436.986 Z=228.426 Normal: X=0.981 Y=0.194 Z=0.000 PenetrationDepth:35.842 Actor:AIchara4 Component:CharacterMesh0 BoneName:calf_r
[2016.07.15-06.06.42:815][269]LogCharacterMovement: Mixamo_Maria_C_0 is stuck and failed to move! Velocity: X=-18.173 Y=67.242 Z=0.000 Location: X=-432.001 Y=-436.986 Z=228.426 Normal: X=0.981 Y=0.196 Z=0.000 PenetrationDepth:35.854 Actor:AIchara4 Component:CharacterMesh0 BoneName:calf_r
[2016.07.15-06.06.42:823][270]LogCharacterMovement: Mixamo_Maria_C_0 is stuck and failed to move! Velocity: X=-19.890 Y=70.179 Z=0.000 Location: X=-432.001 Y=-436.986 Z=228.426 Normal: X=0.980 Y=0.200 Z=0.000 PenetrationDepth:35.834 Actor:AIchara4 Component:CharacterMesh0 BoneName:calf_r
[2016.07.15-06.06.42:831][271]LogCharacterMovement: Mixamo_Maria_C_0 is stuck and failed to move! Velocity: X=-21.573 Y=73.124 Z=0.000 Location: X=-432.001 Y=-436.986 Z=228.426 Normal: X=0.979 Y=0.204 Z=0.000 PenetrationDepth:35.812 Actor:AIchara4 Component:CharacterMesh0 BoneName:calf_r
[2016.07.15-06.06.42:840][272]LogCharacterMovement: Mixamo_Maria_C_0 is stuck and failed to move! Velocity: X=-23.298 Y=76.049 Z=0.000 Location: X=-432.001 Y=-436.986 Z=228.426 Normal: X=0.978 Y=0.208 Z=0.000 PenetrationDepth:35.790 Actor:AIchara4 Component:CharacterMesh0 BoneName:calf_r
[2016.07.15-06.06.42:848][273]LogCharacterMovement: Mixamo_Maria_C_0 is stuck and failed to move! Velocity: X=-24.990 Y=78.981 Z=0.000 Location: X=-432.001 Y=-436.986 Z=228.426 Normal: X=0.977 Y=0.214 Z=0.000 PenetrationDepth:35.665 Actor:AIchara4 Component:CharacterMesh0 BoneName:calf_r
[2016.07.15-06.06.42:856][274]LogCharacterMovement: Mixamo_Maria_C_0 is stuck and failed to move! Velocity: X=-26.883 Y=81.825 Z=0.000 Location: X=-432.001 Y=-436.986 Z=228.426 Normal: X=0.974 Y=0.226 Z=0.000 PenetrationDepth:35.324 Actor:AIchara4 Component:CharacterMesh0 BoneName:calf_r
[2016.07.15-06.06.42:865][275]LogCharacterMovement: Mixamo_Maria_C_0 is stuck and failed to move! Velocity: X=-28.814 Y=84.647 Z=0.000 Location: X=-432.001 Y=-436.986 Z=228.426 Normal: X=0.971 Y=0.237 Z=0.000 PenetrationDepth:34.961 Actor:AIchara4 Component:CharacterMesh0 BoneName:calf_r
[2016.07.15-06.06.42:873][276]LogCharacterMovement: Mixamo_Maria_C_0 is stuck and failed to move! Velocity: X=-30.706 Y=87.480 Z=0.000 Location: X=-432.001 Y=-436.986 Z=228.426 Normal: X=0.969 Y=0.248 Z=0.000 PenetrationDepth:34.576 Actor:AIchara4 Component:CharacterMesh0 BoneName:calf_r
[2016.07.15-06.06.42:881][277]LogCharacterMovement: Mixamo_Maria_C_0 is stuck and failed to move! Velocity: X=-32.563 Y=90.327 Z=0.000 Location: X=-432.001 Y=-436.986 Z=228.426 Normal: X=0.966 Y=0.259 Z=0.000 PenetrationDepth:34.165 Actor:AIchara4 Component:CharacterMesh0 BoneName:calf_r
[2016.07.15-06.06.42:890][278]LogCharacterMovement: Mixamo_Maria_C_0 is stuck and failed to move! Velocity: X=-34.410 Y=93.172 Z=0.000 Location: X=-432.001 Y=-436.986 Z=228.426 Normal: X=0.961 Y=0.275 Z=0.000 PenetrationDepth:33.574 Actor:AIchara4 Component:CharacterMesh0 BoneName:calf_r
[2016.07.15-06.06.42:898][279]LogCharacterMovement: Mixamo_Maria_C_0 is stuck and failed to move! Velocity: X=-36.225 Y=96.028 Z=0.000 Location: X=-432.001 Y=-436.986 Z=228.426 Normal: X=0.778 Y=-0.222 Z=-0.588 PenetrationDepth:11.716 Actor:AIchara4 Component:CharacterMesh0 BoneName:hand_r
[2016.07.15-06.06.42:906][280]LogCharacterMovement: Mixamo_Maria_C_0 is stuck and failed to move! Velocity: X=-38.094 Y=98.856 Z=0.000 Location: X=-432.001 Y=-436.986 Z=228.426 Normal: X=0.812 Y=-0.200 Z=-0.548 PenetrationDepth:12.633 Actor:AIchara4 Component:CharacterMesh0 BoneName:hand_r
[2016.07.15-06.06.42:915][281]LogCharacterMovement: Mixamo_Maria_C_0 is stuck and failed to move! Velocity: X=-40.319 Y=101.457 Z=0.000 Location: X=-432.001 Y=-436.986 Z=228.426 Normal: X=0.846 Y=-0.175 Z=-0.503 PenetrationDepth:13.422 Actor:AIchara4 Component:CharacterMesh0 BoneName:hand_r
[2016.07.15-06.06.42:923][282]LogCharacterMovement: Mixamo_Maria_C_0 is stuck and failed to move! Velocity: X=-42.518 Y=104.052 Z=0.000 Location: X=-432.001 Y=-436.986 Z=228.426 Normal: X=0.884 Y=-0.145 Z=-0.445 PenetrationDepth:14.298 Actor:AIchara4 Component:CharacterMesh0 BoneName:hand_r
[2016.07.15-06.06.42:931][283]LogCharacterMovement: Mixamo_Maria_C_0 is stuck and failed to move! Velocity: X=-44.754 Y=106.610 Z=0.000 Location: X=-432.001 Y=-436.986 Z=228.426 Normal: X=0.919 Y=-0.124 Z=-0.375 PenetrationDepth:15.048 Actor:AIchara4 Component:CharacterMesh0 BoneName:hand_r
[2016.07.15-06.06.42:940][284]LogCharacterMovement: Mixamo_Maria_C_0 is stuck and failed to move! Velocity: X=-47.028 Y=109.128 Z=0.000 Location: X=-432.001 Y=-436.986 Z=228.426 Normal: X=-0.654 Y=-0.744 Z=-0.137 PenetrationDepth:18.012 Actor:AIchara4 Component:CharacterMesh0 BoneName:hand_l
[2016.07.15-06.06.42:948][285]LogCharacterMovement: Mixamo_Maria_C_0 is stuck and failed to move! Velocity: X=-49.401 Y=111.573 Z=0.000 Location: X=-432.001 Y=-436.986 Z=228.426 Normal: X=-0.711 Y=-0.701 Z=-0.064 PenetrationDepth:18.025 Actor:AIchara4 Component:CharacterMesh0 BoneName:hand_l
[2016.07.15-06.06.42:956][286]LogCharacterMovement: Mixamo_Maria_C_0 is stuck and failed to move! Velocity: X=-52.253 Y=113.767 Z=0.000 Location: X=-432.001 Y=-436.986 Z=228.426 Normal: X=-0.757 Y=-0.653 Z=-0.020 PenetrationDepth:17.739 Actor:AIchara4 Component:CharacterMesh0 BoneName:hand_l
[2016.07.15-06.06.42:965][287]LogCharacterMovement: Mixamo_Maria_C_0 is stuck and failed to move! Velocity: X=-55.388 Y=115.744 Z=0.000 Location: X=-432.001 Y=-436.986 Z=228.426 Normal: X=-0.780 Y=-0.626 Z=0.000 PenetrationDepth:17.257 Actor:AIchara4 Component:CharacterMesh0 BoneName:hand_l
[2016.07.15-06.06.42:973][288]LogCharacterMovement: Mixamo_Maria_C_0 is stuck and failed to move! Velocity: X=-58.675 Y=117.602 Z=0.000 Location: X=-432.001 Y=-436.986 Z=228.426 Normal: X=-0.799 Y=-0.601 Z=0.000 PenetrationDepth:16.671 Actor:AIchara4 Component:CharacterMesh0 BoneName:hand_l
[2016.07.15-06.06.42:981][289]LogCharacterMovement: Mixamo_Maria_C_0 is stuck and failed to move! Velocity: X=-61.926 Y=119.436 Z=0.000 Location: X=-432.001 Y=-436.986 Z=228.426 Normal: X=-0.821 Y=-0.571 Z=0.000 PenetrationDepth:15.980 Actor:AIchara4 Component:CharacterMesh0 BoneName:hand_l
[2016.07.15-06.06.42:990][290]LogCharacterMovement: Mixamo_Maria_C_0 is stuck and failed to move! Velocity: X=-65.089 Y=121.322 Z=0.000 Location: X=-432.001 Y=-436.986 Z=228.426 Normal: X=-0.842 Y=-0.539 Z=0.000 PenetrationDepth:15.236 Actor:AIchara4 Component:CharacterMesh0 BoneName:hand_l
[2016.07.15-06.06.42:998][291]LogCharacterMovement: Mixamo_Maria_C_0 is stuck and failed to move! Velocity: X=-68.221 Y=123.209 Z=0.000 Location: X=-432.001 Y=-436.986 Z=228.426 Normal: X=-0.855 Y=-0.519 Z=0.000 PenetrationDepth:14.889 Actor:AIchara4 Component:CharacterMesh0 BoneName:hand_l
[2016.07.15-06.06.43:006][292]LogCharacterMovement: Mixamo_Maria_C_0 is stuck and failed to move! Velocity: X=-71.346 Y=125.082 Z=0.000 Location: X=-432.001 Y=-436.986 Z=228.426 Normal: X=-0.869 Y=-0.495 Z=0.000 PenetrationDepth:14.424 Actor:AIchara4 Component:CharacterMesh0 BoneName:hand_l
[2016.07.15-06.06.43:015][293]LogCharacterMovement: Mixamo_Maria_C_0 is stuck and failed to move! Velocity: X=-74.478 Y=126.931 Z=0.000 Location: X=-432.001 Y=-436.986 Z=228.426 Normal: X=-0.885 Y=-0.466 Z=0.000 PenetrationDepth:13.864 Actor:AIchara4 Component:CharacterMesh0 BoneName:hand_l
[2016.07.15-06.06.43:023][294]LogCharacterMovement: Mixamo_Maria_C_0 is stuck and failed to move! Velocity: X=-77.636 Y=128.741 Z=0.000 Location: X=-432.001 Y=-436.986 Z=228.426 Normal: X=-0.901 Y=-0.435 Z=-0.000 PenetrationDepth:13.271 Actor:AIchara4 Component:CharacterMesh0 BoneName:hand_l
[2016.07.15-06.06.43:031][295]LogCharacterMovement: Mixamo_Maria_C_0 is stuck and failed to move! Velocity: X=-80.869 Y=130.460 Z=0.000 Location: X=-432.001 Y=-436.986 Z=228.426 Normal: X=-0.916 Y=-0.402 Z=0.000 PenetrationDepth:12.638 Actor:AIchara4 Component:CharacterMesh0 BoneName:hand_l
[2016.07.15-06.06.43:190][314]LogCharacterMovement: Mixamo_Maria_C_0 is stuck and failed to move! Velocity: X=-2.968 Y=1.517 Z=0.000 Location: X=-432.001 Y=-436.986 Z=228.426 Normal: X=0.486 Y=0.874 Z=0.000 PenetrationDepth:14.553 Actor:AIchara4 Component:CharacterMesh0 BoneName:calf_r
[2016.07.15-06.06.43:198][315]LogCharacterMovement: Mixamo_Maria_C_0 is stuck and failed to move! Velocity: X=-5.962 Y=2.983 Z=0.000 Location: X=-432.001 Y=-436.986 Z=228.426 Normal: X=0.467 Y=0.884 Z=0.000 PenetrationDepth:14.166 Actor:AIchara4 Component:CharacterMesh0 BoneName:calf_r
[2016.07.15-06.07.00:226][358]LogBlueprintUserMessages: Early EndPlayMap Detection: Level '/Game/ThirdPersonBP/Maps/ThirdPersonExampleMap.ThirdPersonExampleMap:PersistentLevel' has LevelScriptBlueprint '/Game/ThirdPersonBP/Maps/ThirdPersonExampleMap.ThirdPersonExampleMap:PersistentLevel.ThirdPersonExampleMap' with GeneratedClass '/Game/ThirdPersonBP/Maps/ThirdPersonExampleMap.ThirdPersonExampleMap_C' with ClassGeneratedBy '/Game/ThirdPersonBP/Maps/ThirdPersonExampleMap.ThirdPersonExampleMap:PersistentLevel.ThirdPersonExampleMap'
[2016.07.15-06.07.00:259][358]LogBlueprintUserMessages: Late EndPlayMap Detection: Level '/Game/ThirdPersonBP/Maps/ThirdPersonExampleMap.ThirdPersonExampleMap:PersistentLevel' has LevelScriptBlueprint '/Game/ThirdPersonBP/Maps/ThirdPersonExampleMap.ThirdPersonExampleMap:PersistentLevel.ThirdPersonExampleMap' with GeneratedClass '/Game/ThirdPersonBP/Maps/ThirdPersonExampleMap.ThirdPersonExampleMap_C' with ClassGeneratedBy '/Game/ThirdPersonBP/Maps/ThirdPersonExampleMap.ThirdPersonExampleMap:PersistentLevel.ThirdPersonExampleMap'
[2016.07.15-06.08.33:134][217]LogContentBrowser: Native class hierarchy updated for 'BlueprintGraph' in 0.0007 seconds. Added 111 classes and 0 folders.
[2016.07.15-06.08.38:541][507]LogSkeletalMesh: InitArticulated: Bodies already created (/Engine/Transient.DebugSkelMeshComponent_0) - call TermArticulated first.
[2016.07.15-06.08.38:735][508]LogRenderer: Reallocating scene render targets to support 1692x852 (Frame:9612).
[2016.07.15-06.08.42:379][747]LogRenderer: Reallocating scene render targets to support 1692x888 (Frame:10136).
[2016.07.15-06.08.42:379][747]LogContentBrowser:Verbose: The majority of assets in the view are of type: AnimSequence
[2016.07.15-06.09.07:427][533]LogTexture:Display: テクスチャをビルド中: T_Blade_HeroSword172_D (AutoDXT)
[2016.07.15-06.09.07:489][533]LogTexture:Display: テクスチャをビルド中: T_Blade_HeroSword172_M (AutoDXT)
[2016.07.15-06.09.07:498][533]LogTexture:Display: テクスチャをビルド中: T_Blade_HeroSword171_D (AutoDXT)
[2016.07.15-06.09.07:551][533]LogTexture:Display: テクスチャをビルド中: T_Blade_HeroSword171_N (BC5)
[2016.07.15-06.09.07:560][533]LogTexture:Display: テクスチャをビルド中: T_Blade_HeroSword172_N (BC5)
[2016.07.15-06.09.07:567][533]LogTexture:Display: テクスチャをビルド中: T_Blade_HeroSword171_M (AutoDXT)
[2016.07.15-06.09.07:575][533]LogMaterial: Missing cached shader map for material M_Blade_HeroSword17, compiling. 
[2016.07.15-06.16.54:112][522]LogFileHelpers: Editor autosave (incl. sublevels) for '/Game/ThirdPersonBP/Maps/ThirdPersonExampleMap' took 0.028
[2016.07.15-06.16.54:114][522]OBJ SavePackage: Generating thumbnails for [0] asset(s) in package [/Game/MixamoAnimPack/Mixamo_Maria/Anims/Maria_J_J_Ong_Skeleton] ([1] browsable assets)...
[2016.07.15-06.16.54:114][522]OBJ SavePackage: Finished generating thumbnails for package [/Game/MixamoAnimPack/Mixamo_Maria/Anims/Maria_J_J_Ong_Skeleton]
[2016.07.15-06.16.54:130][522]LogSavePackage: Save=4.61ms
[2016.07.15-06.16.54:130][522]LogSavePackage: Moving '../../../../../../Users/game/Documents/steamrumb/steamrumb 4.12/Saved/Maria_J_J_Ong_Skeleton_Auto1D8D9DBD946699CFE54664CB5E8C688D3.tmp' to '../../../../../../Users/game/Documents/steamrumb/steamrumb 4.12/Saved/Autosaves/Game/MixamoAnimPack/Mixamo_Maria/Anims/Maria_J_J_Ong_Skeleton_Auto1.uasset'
[2016.07.15-06.16.54:131][522]LogSavePackage:Display: Finished SavePackage ../../../../../../Users/game/Documents/steamrumb/steamrumb 4.12/Saved/Autosaves/Game/MixamoAnimPack/Mixamo_Maria/Anims/Maria_J_J_Ong_Skeleton_Auto1.uasset
[2016.07.15-06.16.54:131][522]OBJ SavePackage: Generating thumbnails for [1] asset(s) in package [/Game/MixamoAnimPack/Mixamo_Maria/Mesh/Maximo_Maria] ([1] browsable assets)...
[2016.07.15-06.16.54:145][522]OBJ SavePackage:     Rendered thumbnail for [SkeletalMesh /Game/MixamoAnimPack/Mixamo_Maria/Mesh/Maximo_Maria.Maximo_Maria]
[2016.07.15-06.16.54:145][522]OBJ SavePackage: Finished generating thumbnails for package [/Game/MixamoAnimPack/Mixamo_Maria/Mesh/Maximo_Maria]
[2016.07.15-06.16.54:208][522]LogSavePackage: Save=51.76ms
[2016.07.15-06.16.54:208][522]LogSavePackage: Moving '../../../../../../Users/game/Documents/steamrumb/steamrumb 4.12/Saved/Maximo_Maria_Auto1465C4C1A42BC09EFDAEAF281ADBE855F.tmp' to '../../../../../../Users/game/Documents/steamrumb/steamrumb 4.12/Saved/Autosaves/Game/MixamoAnimPack/Mixamo_Maria/Mesh/Maximo_Maria_Auto1.uasset'
[2016.07.15-06.16.54:209][522]LogSavePackage:Display: Finished SavePackage ../../../../../../Users/game/Documents/steamrumb/steamrumb 4.12/Saved/Autosaves/Game/MixamoAnimPack/Mixamo_Maria/Mesh/Maximo_Maria_Auto1.uasset
[2016.07.15-06.16.54:209][522]LogFileHelpers: Auto-saving content packages took 0.096
[2016.07.15-06.23.53:891][963]Cmd: QUIT_EDITOR
[2016.07.15-06.23.54:386][963]LogWindowsTextInputMethodSystem:Display: IME system now activated using TSF (Microsoft IME).
[2016.07.15-06.23.54:408][963]LogExit: Preparing to exit.
[2016.07.15-06.23.55:349][963]LogExit: Editor shut down
[2016.07.15-06.23.55:349][963]LogExit: Transaction tracking system shut down
[2016.07.15-06.23.55:475][963]LogObj: Freed 0b from 0 cluster array pools.
[2016.07.15-06.23.55:475][963]LogExit: Object subsystem successfully closed.
[2016.07.15-06.23.55:492][963]LogD3D11RHI: Shutdown
[2016.07.15-06.23.55:492][963]LogD3D11RHI: CleanupD3DDevice
[2016.07.15-06.23.55:550][963]LogD3D11RHI: ~FD3D11DynamicRHI
[2016.07.15-06.23.55:562][963]LogModuleManager: Shutting down and abandoning module BlueprintGraph (215)
[2016.07.15-06.23.55:562][963]LogModuleManager: Shutting down and abandoning module MovieSceneCapture (214)
[2016.07.15-06.23.55:562][963]LogModuleManager: Shutting down and abandoning module HierarchicalLODOutliner (213)
[2016.07.15-06.23.55:562][963]LogModuleManager: Shutting down and abandoning module CrashTracker (212)
[2016.07.15-06.23.55:562][963]LogModuleManager: Shutting down and abandoning module SceneOutliner (211)
[2016.07.15-06.23.55:562][963]LogModuleManager: Shutting down and abandoning module WidgetCarousel (210)
[2016.07.15-06.23.55:562][963]LogModuleManager: Shutting down and abandoning module AddContentDialog (209)
[2016.07.15-06.23.55:563][963]LogModuleManager: Shutting down and abandoning module GameplayTags (208)
[2016.07.15-06.23.55:563][963]LogModuleManager: Shutting down and abandoning module EditorWidgets (207)
[2016.07.15-06.23.55:563][963]LogModuleManager: Shutting down and abandoning module CollectionManager (206)
[2016.07.15-06.23.55:563][963]LogModuleManager: Shutting down and abandoning module StatsViewer (205)
[2016.07.15-06.23.55:563][963]LogModuleManager: Shutting down and abandoning module FoliageEdit (204)
[2016.07.15-06.23.55:563][963]LogModuleManager: Shutting down and abandoning module LandscapeEditor (203)
[2016.07.15-06.23.55:563][963]LogModuleManager: Shutting down and abandoning module SceneDepthPickerMode (202)
[2016.07.15-06.23.55:563][963]LogModuleManager: Shutting down and abandoning module ActorPickerMode (201)
[2016.07.15-06.23.55:563][963]LogModuleManager: Shutting down and abandoning module GeometryMode (200)
[2016.07.15-06.23.55:563][963]LogModuleManager: Shutting down and abandoning module TextureAlignMode (199)
[2016.07.15-06.23.55:563][963]LogModuleManager: Shutting down and abandoning module BspMode (198)
[2016.07.15-06.23.55:563][963]LogModuleManager: Shutting down and abandoning module HardwareSurvey (197)
[2016.07.15-06.23.55:563][963]LogModuleManager: Shutting down and abandoning module SequenceRecorderSections (196)
[2016.07.15-06.23.55:563][963]LogModuleManager: Shutting down and abandoning module SequenceRecorder (195)
[2016.07.15-06.23.55:563][963]LogModuleManager: Shutting down and abandoning module AutomationWorker (194)
[2016.07.15-06.23.55:563][963]LogModuleManager: Shutting down and abandoning module MatineeToLevelSequence (193)
[2016.07.15-06.23.55:563][963]LogModuleManager: Shutting down and abandoning module PlacementMode (192)
[2016.07.15-06.23.55:563][963]LogModuleManager: Shutting down and abandoning module LevelSequenceEditor (191)
[2016.07.15-06.23.55:564][963]LogModuleManager: Shutting down and abandoning module CharacterAI (190)
[2016.07.15-06.23.55:564][963]LogModuleManager: Shutting down and abandoning module SmartSnapping (189)
[2016.07.15-06.23.55:564][963]LogModuleManager: Shutting down and abandoning module SessionServices (188)
[2016.07.15-06.23.55:564][963]LogModuleManager: Shutting down and abandoning module ViewportSnapping (187)
[2016.07.15-06.23.55:564][963]LogModuleManager: Shutting down and abandoning module LogVisualizer (186)
[2016.07.15-06.23.55:564][963]LogModuleManager: Shutting down and abandoning module GameProjectGeneration (185)
[2016.07.15-06.23.55:564][963]LogModuleManager: Shutting down and abandoning module IntroTutorials (184)
[2016.07.15-06.23.55:564][963]LogModuleManager: Shutting down and abandoning module EditorLiveStreaming (183)
[2016.07.15-06.23.55:564][963]LogModuleManager: Shutting down and abandoning module IOSPlatformEditor (182)
[2016.07.15-06.23.55:564][963]LogModuleManager: Shutting down and abandoning module HTML5PlatformEditor (181)
[2016.07.15-06.23.55:564][963]LogModuleManager: Shutting down and abandoning module AndroidDeviceDetection (180)
[2016.07.15-06.23.56:023][963]LogModuleManager: Shutting down and abandoning module AndroidPlatformEditor (179)
[2016.07.15-06.23.56:023][963]LogModuleManager: Shutting down and abandoning module IOSRuntimeSettings (178)
[2016.07.15-06.23.56:023][963]LogModuleManager: Shutting down and abandoning module AndroidRuntimeSettings (177)
[2016.07.15-06.23.56:023][963]LogModuleManager: Shutting down and abandoning module MergeActors (176)
[2016.07.15-06.23.56:023][963]LogModuleManager: Shutting down and abandoning module SizeMap (175)
[2016.07.15-06.23.56:023][963]LogModuleManager: Shutting down and abandoning module TreeMap (174)
[2016.07.15-06.23.56:023][963]LogModuleManager: Shutting down and abandoning module ReferenceViewer (173)
[2016.07.15-06.23.56:023][963]LogModuleManager: Shutting down and abandoning module LocalizationService (172)
[2016.07.15-06.23.56:023][963]LogModuleManager: Shutting down and abandoning module LocalizationDashboard (171)
[2016.07.15-06.23.56:023][963]LogModuleManager: Shutting down and abandoning module HardwareTargeting (170)
[2016.07.15-06.23.56:023][963]LogModuleManager: Shutting down and abandoning module DeviceProfileEditor (169)
[2016.07.15-06.23.56:023][963]LogModuleManager: Shutting down and abandoning module UndoHistory (168)
[2016.07.15-06.23.56:023][963]LogModuleManager: Shutting down and abandoning module UserFeedback (167)
[2016.07.15-06.23.56:023][963]LogModuleManager: Shutting down and abandoning module XmlParser (166)
[2016.07.15-06.23.56:023][963]LogModuleManager: Shutting down and abandoning module Blutility (165)
[2016.07.15-06.23.56:023][963]LogModuleManager: Shutting down and abandoning module ProjectTargetPlatformEditor (164)
[2016.07.15-06.23.56:023][963]LogModuleManager: Shutting down and abandoning module ProjectSettingsViewer (163)
[2016.07.15-06.23.56:023][963]LogModuleManager: Shutting down and abandoning module InputBindingEditor (162)
[2016.07.15-06.23.56:023][963]LogModuleManager: Shutting down and abandoning module EditorSettingsViewer (161)
[2016.07.15-06.23.56:024][963]LogModuleManager: Shutting down and abandoning module SettingsEditor (160)
[2016.07.15-06.23.56:024][963]LogModuleManager: Shutting down and abandoning module ProjectLauncher (159)
[2016.07.15-06.23.56:024][963]LogModuleManager: Shutting down and abandoning module SessionFrontend (158)
[2016.07.15-06.23.56:024][963]LogModuleManager: Shutting down and abandoning module ProfilerClient (157)
[2016.07.15-06.23.56:024][963]LogModuleManager: Shutting down and abandoning module TargetDeviceServices (156)
[2016.07.15-06.23.56:024][963]LogModuleManager: Shutting down and abandoning module DeviceManager (155)
[2016.07.15-06.23.56:075][963]LogModuleManager: Shutting down and abandoning module AutomationController (154)
[2016.07.15-06.23.56:075][963]LogModuleManager: Shutting down and abandoning module AutomationWindow (153)
[2016.07.15-06.23.56:075][963]LogModuleManager: Shutting down and abandoning module Layers (152)
[2016.07.15-06.23.56:075][963]LogModuleManager: Shutting down and abandoning module ComponentVisualizers (151)
[2016.07.15-06.23.56:075][963]LogModuleManager: Shutting down and abandoning module DetailCustomizations (150)
[2016.07.15-06.23.56:075][963]LogModuleManager: Shutting down and abandoning module PackagesDialog (149)
[2016.07.15-06.23.56:076][963]LogModuleManager: Shutting down and abandoning module Persona (148)
[2016.07.15-06.23.56:076][963]LogModuleManager: Shutting down and abandoning module Kismet (147)
[2016.07.15-06.23.56:076][963]LogModuleManager: Shutting down and abandoning module GraphEditor (146)
[2016.07.15-06.23.56:076][963]LogModuleManager: Shutting down and abandoning module ClassViewer (145)
[2016.07.15-06.23.56:076][963]LogModuleManager: Shutting down and abandoning module Toolbox (144)
[2016.07.15-06.23.56:076][963]LogModuleManager: Shutting down and abandoning module ModuleUI (143)
[2016.07.15-06.23.56:076][963]LogModuleManager: Shutting down and abandoning module MovieSceneTools (142)
[2016.07.15-06.23.56:076][963]LogModuleManager: Shutting down and abandoning module OutputLog (141)
[2016.07.15-06.23.56:076][963]LogModuleManager: Shutting down and abandoning module GammaUI (140)
[2016.07.15-06.23.56:076][963]LogModuleManager: Shutting down and abandoning module Documentation (139)
[2016.07.15-06.23.56:076][963]LogModuleManager: Shutting down and abandoning module StreamingPauseRendering (138)
[2016.07.15-06.23.56:076][963]LogModuleManager: Shutting down and abandoning module AnalyticsET (137)
[2016.07.15-06.23.56:076][963]LogModuleManager: Shutting down and abandoning module Analytics (136)
[2016.07.15-06.23.56:076][963]LogModuleManager: Shutting down and abandoning module PortalServices (135)
[2016.07.15-06.23.56:076][963]LogModuleManager: Shutting down and abandoning module PortalRpc (134)
[2016.07.15-06.23.56:076][963]LogModuleManager: Shutting down and abandoning module MessagingRpc (133)
[2016.07.15-06.23.56:076][963]LogModuleManager: Shutting down and abandoning module GameplayDebugger (132)
[2016.07.15-06.23.56:076][963]LogModuleManager: Shutting down and abandoning module AITestSuite (131)
[2016.07.15-06.23.56:076][963]LogModuleManager: Shutting down and abandoning module AIModule (130)
[2016.07.15-06.23.56:076][963]LogModuleManager: Shutting down and abandoning module ProfilerService (129)
[2016.07.15-06.23.56:085][963]LogModuleManager: Shutting down and abandoning module TaskGraph (128)
[2016.07.15-06.23.56:085][963]LogModuleManager: Shutting down and abandoning module SlateRemote (127)
[2016.07.15-06.23.56:085][963]LogModuleManager: Shutting down and abandoning module SteamVRController (126)
[2016.07.15-06.23.56:085][963]LogModuleManager: Shutting down and abandoning module SteamVR (125)
[2016.07.15-06.23.56:085][963]LogModuleManager: Shutting down and abandoning module ProceduralMeshComponent (124)
[2016.07.15-06.23.56:085][963]LogModuleManager: Shutting down and abandoning module OculusLibrary (123)
[2016.07.15-06.23.56:085][963]LogModuleManager: Shutting down and abandoning module OculusInput (122)
[2016.07.15-06.23.56:085][963]LogModuleManager: Shutting down and abandoning module CustomMeshComponent (121)
[2016.07.15-06.23.56:085][963]LogModuleManager: Shutting down and abandoning module CableComponent (120)
[2016.07.15-06.23.56:085][963]LogModuleManager: Shutting down and abandoning module ArchVisCharacter (119)
[2016.07.15-06.23.56:085][963]LogModuleManager: Shutting down and abandoning module MediaPlayerEditor (118)
[2016.07.15-06.23.56:085][963]LogModuleManager: Shutting down and abandoning module HTML5Networking (117)
[2016.07.15-06.23.56:085][963]LogModuleManager: Shutting down and abandoning module SuperSearch (116)
[2016.07.15-06.23.56:085][963]LogModuleManager: Shutting down and abandoning module SuperSearchEditor (115)
[2016.07.15-06.23.56:085][963]LogModuleManager: Shutting down and abandoning module SpeedTreeImporter (114)
[2016.07.15-06.23.56:085][963]LogModuleManager: Shutting down and abandoning module PluginBrowser (113)
[2016.07.15-06.23.56:085][963]LogModuleManager: Shutting down and abandoning module EpicSurvey (112)
[2016.07.15-06.23.56:085][963]LogModuleManager: Shutting down and abandoning module DesktopPlatform (111)
[2016.07.15-06.23.56:085][963]LogModuleManager: Shutting down and abandoning module VisualStudioSourceCodeAccess (110)
[2016.07.15-06.23.56:085][963]LogModuleManager: Shutting down and abandoning module UObjectPlugin (109)
[2016.07.15-06.23.56:085][963]LogModuleManager: Shutting down and abandoning module SubversionSourceControl (108)
[2016.07.15-06.23.56:085][963]LogModuleManager: Shutting down and abandoning module PerforceSourceControl (107)
[2016.07.15-06.23.56:085][963]LogModuleManager: Shutting down and abandoning module SourceControl (106)
[2016.07.15-06.23.56:085][963]LogModuleManager: Shutting down and abandoning module GitSourceControl (105)
[2016.07.15-06.23.56:085][963]LogModuleManager: Shutting down and abandoning module LightPropagationVolumeEditor (104)
[2016.07.15-06.23.56:085][963]LogModuleManager: Shutting down and abandoning module PaperTiledImporter (103)
[2016.07.15-06.23.56:085][963]LogModuleManager: Shutting down and abandoning module PaperSpriteSheetImporter (102)
[2016.07.15-06.23.56:085][963]LogModuleManager: Shutting down and abandoning module MeshPaint (101)
[2016.07.15-06.23.56:086][963]LogModuleManager: Shutting down and abandoning module PixelInspectorModule (100)
[2016.07.15-06.23.56:086][963]LogModuleManager: Shutting down and abandoning module HotReload (99)
[2016.07.15-06.23.56:086][963]LogModuleManager: Shutting down and abandoning module MainFrame (98)
[2016.07.15-06.23.56:086][963]LogModuleManager: Shutting down and abandoning module LevelEditor (97)
[2016.07.15-06.23.56:086][963]LogModuleManager: Shutting down and abandoning module ContentBrowser (96)
[2016.07.15-06.23.56:087][963]LogModuleManager: Shutting down and abandoning module Paper2DEditor (95)
[2016.07.15-06.23.56:088][963]LogModuleManager: Shutting down and abandoning module UdpMessaging (94)
[2016.07.15-06.23.56:188][963]LogModuleManager: Shutting down and abandoning module LightPropagationVolumeRuntime (93)
[2016.07.15-06.23.56:188][963]LogModuleManager: Shutting down and abandoning module Paper2D (92)
[2016.07.15-06.23.56:188][963]LogModuleManager: Shutting down and abandoning module WindowsMoviePlayer (91)
[2016.07.15-06.23.56:188][963]LogModuleManager: Shutting down and abandoning module Media (90)
[2016.07.15-06.23.56:188][963]LogModuleManager: Shutting down and abandoning module WmfMedia (89)
[2016.07.15-06.23.56:188][963]LogModuleManager: Shutting down and abandoning module MediaAssets (88)
[2016.07.15-06.23.56:188][963]LogModuleManager: Shutting down and abandoning module GameLiveStreaming (87)
[2016.07.15-06.23.56:188][963]LogModuleManager: Shutting down and abandoning module GameplayTagsEditor (86)
[2016.07.15-06.23.56:188][963]LogModuleManager: Shutting down and abandoning module OnlineBlueprintSupport (85)
[2016.07.15-06.23.56:188][963]LogModuleManager: Shutting down and abandoning module VREditor (84)
[2016.07.15-06.23.56:189][963]LogModuleManager: Shutting down and abandoning module GameplayTasksEditor (83)
[2016.07.15-06.23.56:189][963]LogModuleManager: Shutting down and abandoning module PropertyEditor (82)
[2016.07.15-06.23.56:189][963]LogModuleManager: Shutting down and abandoning module BehaviorTreeEditor (81)
[2016.07.15-06.23.56:189][963]LogModuleManager: Shutting down and abandoning module FunctionalTesting (80)
[2016.07.15-06.23.56:189][963]LogModuleManager: Shutting down and abandoning module CollisionAnalyzer (79)
[2016.07.15-06.23.56:189][963]LogModuleManager: Shutting down and abandoning module Sequencer (78)
[2016.07.15-06.23.56:189][963]LogModuleManager: Shutting down and abandoning module WorkspaceMenuStructure (77)
[2016.07.15-06.23.56:189][963]LogModuleManager: Shutting down and abandoning module MessageLog (76)
[2016.07.15-06.23.56:189][963]LogModuleManager: Shutting down and abandoning module AssetTools (75)
[2016.07.15-06.23.56:189][963]LogModuleManager: Shutting down and abandoning module UMGEditor (74)
[2016.07.15-06.23.56:189][963]LogModuleManager: Shutting down and abandoning module UMG (73)
[2016.07.15-06.23.56:189][963]LogModuleManager: Shutting down and abandoning module SlateReflector (72)
[2016.07.15-06.23.56:189][963]LogModuleManager: Shutting down and abandoning module Slate (71)
[2016.07.15-06.23.56:189][963]LogModuleManager: Shutting down and abandoning module EditorStyle (70)
[2016.07.15-06.23.56:191][963]LogModuleManager: Shutting down and abandoning module SourceCodeAccess (69)
[2016.07.15-06.23.56:191][963]LogModuleManager: Shutting down and abandoning module HeadMountedDisplay (68)
[2016.07.15-06.23.56:191][963]LogModuleManager: Shutting down and abandoning module XAudio2 (67)
[2016.07.15-06.23.56:191][963]LogModuleManager: Shutting down and abandoning module Networking (65)
[2016.07.15-06.23.56:191][963]LogModuleManager: Shutting down and abandoning module Core (64)
[2016.07.15-06.23.56:191][963]LogModuleManager: Shutting down and abandoning module DirectoryWatcher (63)
[2016.07.15-06.23.56:192][963]LogModuleManager: Shutting down and abandoning module AssetRegistry (62)
[2016.07.15-06.23.56:347][963]LogModuleManager: Shutting down and abandoning module KismetCompiler (61)
[2016.07.15-06.23.56:347][963]LogModuleManager: Shutting down and abandoning module PhysXFormats (60)
[2016.07.15-06.23.56:347][963]LogModuleManager: Shutting down and abandoning module MeshUtilities (59)
[2016.07.15-06.23.56:347][963]LogModuleManager: Shutting down and abandoning module DerivedDataCache (58)
[2016.07.15-06.23.56:392][963]LogDerivedDataCache: Shutdown
[2016.07.15-06.23.56:393][963]LogModuleManager: Shutting down and abandoning module VulkanShaderFormat (57)
[2016.07.15-06.23.56:393][963]LogModuleManager: Shutting down and abandoning module ShaderFormatOpenGL (56)
[2016.07.15-06.23.56:393][963]LogModuleManager: Shutting down and abandoning module ShaderFormatD3D (55)
[2016.07.15-06.23.56:393][963]LogModuleManager: Shutting down and abandoning module MetalShaderFormat (54)
[2016.07.15-06.23.56:393][963]LogModuleManager: Shutting down and abandoning module TextureFormatUncompressed (53)
[2016.07.15-06.23.56:393][963]LogModuleManager: Shutting down and abandoning module TextureFormatPVR (52)
[2016.07.15-06.23.56:393][963]LogModuleManager: Shutting down and abandoning module TextureFormatIntelISPCTexComp (51)
[2016.07.15-06.23.56:393][963]LogModuleManager: Shutting down and abandoning module TextureFormatDXT (50)
[2016.07.15-06.23.56:393][963]LogModuleManager: Shutting down and abandoning module ImageWrapper (49)
[2016.07.15-06.23.56:393][963]LogModuleManager: Shutting down and abandoning module TextureFormatASTC (48)
[2016.07.15-06.23.56:393][963]LogModuleManager: Shutting down and abandoning module TextureFormatAndroid (47)
[2016.07.15-06.23.56:393][963]LogModuleManager: Shutting down and abandoning module AudioFormatOpus (46)
[2016.07.15-06.23.56:393][963]LogModuleManager: Shutting down and abandoning module AudioFormatOgg (45)
[2016.07.15-06.23.56:393][963]LogModuleManager: Shutting down and abandoning module AudioFormatADPCM (44)
[2016.07.15-06.23.56:393][963]LogModuleManager: Shutting down and abandoning module LinuxTargetPlatform (43)
[2016.07.15-06.23.56:393][963]LogModuleManager: Shutting down and abandoning module LinuxServerTargetPlatform (42)
[2016.07.15-06.23.56:393][963]LogModuleManager: Shutting down and abandoning module LinuxNoEditorTargetPlatform (41)
[2016.07.15-06.23.56:393][963]LogModuleManager: Shutting down and abandoning module TVOSTargetPlatform (40)
[2016.07.15-06.23.56:393][963]LogModuleManager: Shutting down and abandoning module Messaging (39)
[2016.07.15-06.23.56:393][963]LogModuleManager: Shutting down and abandoning module IOSTargetPlatform (38)
[2016.07.15-06.23.56:393][963]LogModuleManager: Shutting down and abandoning module HTML5TargetPlatform (37)
[2016.07.15-06.23.56:393][963]LogModuleManager: Shutting down and abandoning module Android_PVRTCTargetPlatform (36)
[2016.07.15-06.23.56:393][963]LogModuleManager: Shutting down and abandoning module Android_MultiTargetPlatform (35)
[2016.07.15-06.23.56:393][963]LogModuleManager: Shutting down and abandoning module Android_ETC2TargetPlatform (34)
[2016.07.15-06.23.56:393][963]LogModuleManager: Shutting down and abandoning module Android_ETC1TargetPlatform (33)
[2016.07.15-06.23.56:393][963]LogModuleManager: Shutting down and abandoning module Android_DXTTargetPlatform (32)
[2016.07.15-06.23.56:393][963]LogModuleManager: Shutting down and abandoning module Android_ATCTargetPlatform (31)
[2016.07.15-06.23.56:393][963]LogModuleManager: Shutting down and abandoning module Android_ASTCTargetPlatform (30)
[2016.07.15-06.23.56:393][963]LogModuleManager: Shutting down and abandoning module AndroidTargetPlatform (29)
[2016.07.15-06.23.56:393][963]LogModuleManager: Shutting down and abandoning module WindowsTargetPlatform (28)
[2016.07.15-06.23.56:393][963]LogModuleManager: Shutting down and abandoning module WindowsServerTargetPlatform (27)
[2016.07.15-06.23.56:393][963]LogModuleManager: Shutting down and abandoning module WindowsNoEditorTargetPlatform (26)
[2016.07.15-06.23.56:393][963]LogModuleManager: Shutting down and abandoning module WindowsClientTargetPlatform (25)
[2016.07.15-06.23.56:393][963]LogModuleManager: Shutting down and abandoning module AllDesktopTargetPlatform (24)
[2016.07.15-06.23.56:393][963]LogModuleManager: Shutting down and abandoning module TargetPlatform (23)
[2016.07.15-06.23.56:393][963]LogModuleManager: Shutting down and abandoning module InputCore (22)
[2016.07.15-06.23.56:393][963]LogModuleManager: Shutting down and abandoning module Settings (21)
[2016.07.15-06.23.56:393][963]LogModuleManager: Shutting down and abandoning module OnlineSubsystem (19)
[2016.07.15-06.23.56:393][963]LogModuleManager: Shutting down and abandoning module HTTP (18)
[2016.07.15-06.23.59:899][963]LogModuleManager: Shutting down and abandoning module XMPP (17)
[2016.07.15-06.23.59:899][963]LogModuleManager: Shutting down and abandoning module OculusRift (16)
[2016.07.15-06.23.59:899][963]LogModuleManager: Shutting down and abandoning module ExampleDeviceProfileSelector (15)
[2016.07.15-06.23.59:899][963]LogModuleManager: Shutting down and abandoning module TextureCompressor (14)
[2016.07.15-06.23.59:899][963]LogModuleManager: Shutting down and abandoning module ShaderCore (13)
[2016.07.15-06.23.59:899][963]LogModuleManager: Shutting down and abandoning module Landscape (12)
[2016.07.15-06.23.59:899][963]LogModuleManager: Shutting down and abandoning module SlateRHIRenderer (11)
[2016.07.15-06.23.59:903][963]LogModuleManager: Shutting down and abandoning module OpenGLDrv (10)
[2016.07.15-06.23.59:903][963]LogModuleManager: Shutting down and abandoning module D3D11RHI (9)
[2016.07.15-06.23.59:903][963]LogModuleManager: Shutting down and abandoning module AnimGraphRuntime (8)
[2016.07.15-06.23.59:903][963]LogModuleManager: Shutting down and abandoning module Renderer (7)
[2016.07.15-06.23.59:903][963]LogModuleManager: Shutting down and abandoning module Engine (6)
[2016.07.15-06.23.59:903][963]LogModuleManager: Shutting down and abandoning module CoreUObject (5)
[2016.07.15-06.23.59:903][963]LogModuleManager: Shutting down and abandoning module NetworkFile (4)
[2016.07.15-06.23.59:903][963]LogModuleManager: Shutting down and abandoning module StreamingFile (3)
[2016.07.15-06.23.59:903][963]LogModuleManager: Shutting down and abandoning module SandboxFile (2)
[2016.07.15-06.23.59:903][963]LogModuleManager: Shutting down and abandoning module PakFile (1)
[2016.07.15-06.23.59:904][963]LogExit: Exiting.
[2016.07.15-06.23.59:905][963]Log file closed, 07/15/16 15:23:59
