Log file open, 07/16/16 19:15:07
LogInit:Display: Running engine for game: steamrumb
LogPlatformFile: Not using cached read wrapper
LogInit:Display: RandInit(1768600249) SRandInit(1768600250).
LogTaskGraph: Started task graph with 4 named threads and 7 total threads with 1 sets of task threads.
LogStats: Stats thread started at 0.069295
LogInit: Version: 4.12.5-3039270+++UE4+Release-4.12
LogInit: API Version: 2992821
LogInit: Net Version: 3039270
LogDevObjectVersion: Number of dev versions registered: 13
LogDevObjectVersion:   Dev-Blueprints (B0D832E4-1F89-4F0D-ACCF-7EB736FD4AA2): 3
LogDevObjectVersion:   Dev-Build (E1C64328-A22C-4D53-A36C-8E866417BD8C): 0
LogDevObjectVersion:   Dev-Core (375EC13C-06E4-48FB-B500-84F0262A717E): 1
LogDevObjectVersion:   Dev-Editor (E4B068ED-F494-42E9-A231-DA0B2E46BB41): 2
LogDevObjectVersion:   Dev-Framework (CFFC743F-43B0-4480-9391-14DF171D2073): 6
LogDevObjectVersion:   Dev-Mobile (B02B49B5-BB20-44E9-A304-32B752E40360): 0
LogDevObjectVersion:   Dev-Networking (A4E4105C-59A1-49B5-A7C5-40C4547EDFEE): 0
LogDevObjectVersion:   Dev-Online (39C831C9-5AE6-47DC-9A44-9C173E1C8E7C): 0
LogDevObjectVersion:   Dev-Physics (78F01B33-EBEA-4F98-B9B4-84EACCB95AA2): 0
LogDevObjectVersion:   Dev-Platform (6631380F-2D4D-43E0-8009-CF276956A95A): 0
LogDevObjectVersion:   Dev-Rendering (12F88B9F-8875-4AFC-A67C-D90C383ABD29): 2
LogDevObjectVersion:   Dev-Sequencer (7B5AE74C-D270-4C10-A958-57980B212A5A): 0
LogDevObjectVersion:   Dev-VR (D7296918-1DD6-4BDD-9DE2-64A83CC13884): 0
LogInit: Compiled (64-bit): Jul  6 2016 09:09:46
LogInit: Compiled with Visual C++: 19.00.23026.00
LogInit: Build Configuration: Development
LogInit: Branch Name: ++UE4+Release-4.12
LogInit: Command line:  
LogInit: Base directory: C:/Program Files (x86)/Epic Games/4.12/Engine/Binaries/Win64/
LogInit: Installed Engine Build: 1
LogInit: Using libcurl 7.41.0
LogInit:  - built for x86_64-pc-win32
LogInit:  - supports SSL with WinSSL
LogInit:  - other features:
LogInit:      CURL_VERSION_SSL
LogInit:      CURL_VERSION_IPV6
LogInit:      CURL_VERSION_ASYNCHDNS
LogInit:      CURL_VERSION_LARGEFILE
LogInit:      CURL_VERSION_IDN
LogInit:  CurlRequestOptions (configurable via config and command line):
LogInit:  - bVerifyPeer = true  - Libcurl will verify peer certificate
LogInit:  - bUseHttpProxy = false  - Libcurl will NOT use HTTP proxy
LogInit:  - bDontReuseConnections = false  - Libcurl will reuse connections
LogInit:  - CertBundlePath = nullptr  - Libcurl will use whatever was configured at build time.
LogInit: Presizing for max 8388607 objects, including 0 objects not considered by GC, pre-allocating 0 bytes for permanent pool.
LogInit: Object subsystem initialized
[2016.07.16-10.15.07:644][  0]LogInit: Selected Device Profile: [Windows]
[2016.07.16-10.15.07:644][  0]LogInit: Applying CVar settings loaded from the selected device profile: [Windows]
[2016.07.16-10.15.07:654][  0]LogInit: Computer: MIYAZEMI-01
[2016.07.16-10.15.07:654][  0]LogInit: User: game
[2016.07.16-10.15.07:654][  0]LogInit: CPU Page size=65536, Cores=4
[2016.07.16-10.15.07:654][  0]LogInit: High frequency timer resolution =3.355283 MHz
[2016.07.16-10.15.07:654][  0]LogMemory: Memory total: Physical=16.0GB (16GB approx)
[2016.07.16-10.15.07:654][  0]LogMemory: Platform Memory Stats for Windows
[2016.07.16-10.15.07:654][  0]LogMemory: Process Physical Memory: 190.71 MB used, 190.71 MB peak
[2016.07.16-10.15.07:654][  0]LogMemory: Process Virtual Memory: 195.15 MB used, 195.15 MB peak
[2016.07.16-10.15.07:654][  0]LogMemory: Physical Memory: 4771.23 MB used, 16365.14 MB total
[2016.07.16-10.15.07:654][  0]LogMemory: Virtual Memory: 554.16 MB used, 134217728.00 MB total
[2016.07.16-10.15.07:681][  0]LogTextLocalizationManager: No specific translations for ('ja-JP') exist, so ('ja') translations will be used.
[2016.07.16-10.15.07:746][  0]LogTextLocalizationManager:Warning: Loaded localization resources contain conflicting entries for (Namespace:K2Node, Key:false):
Localization Resource: (C:/Program Files (x86)/Epic Games/4.12/Engine/Content/Localization/EditorTutorials/ja/EditorTutorials.locres) Source String Hash: (816077464) Localized String: (偽)
Localization Resource: (C:/Program Files (x86)/Epic Games/4.12/Engine/Content/Localization/Engine/ja/Engine.locres) Source String Hash: (816077464) Localized String: (false)
[2016.07.16-10.15.07:746][  0]LogTextLocalizationManager:Warning: Loaded localization resources contain conflicting entries for (Namespace:K2Node, Key:true):
Localization Resource: (C:/Program Files (x86)/Epic Games/4.12/Engine/Content/Localization/EditorTutorials/ja/EditorTutorials.locres) Source String Hash: (-942328987) Localized String: (真)
Localization Resource: (C:/Program Files (x86)/Epic Games/4.12/Engine/Content/Localization/Engine/ja/Engine.locres) Source String Hash: (-942328987) Localized String: (true)
[2016.07.16-10.15.07:746][  0]LogTextLocalizationManager:Warning: Loaded localization resources contain conflicting entries for (Namespace:UObjectToolTips, Key:AnimNode_BlendSpacePlayer:bLoop):
Localization Resource: (C:/Program Files (x86)/Epic Games/4.12/Engine/Content/Localization/EditorTutorials/ja/EditorTutorials.locres) Source String Hash: (2133979316) Localized String: (再生が最後まで終わった後、ロープ再生するようにしますか？)
Localization Resource: (C:/Program Files (x86)/Epic Games/4.12/Engine/Content/Localization/ToolTips/ja/ToolTips.locres) Source String Hash: (2133979316) Localized String: (ループが最後まで到達した時に、アニメーションのループを継続するべきか？)
[2016.07.16-10.15.07:746][  0]LogTextLocalizationManager:Warning: Loaded localization resources contain conflicting entries for (Namespace:UObjectToolTips, Key:AnimNode_BlendSpacePlayer:X):
Localization Resource: (C:/Program Files (x86)/Epic Games/4.12/Engine/Content/Localization/EditorTutorials/ja/EditorTutorials.locres) Source String Hash: (2060772590) Localized String: (ブレンドスペースで値を取得するX座標)
Localization Resource: (C:/Program Files (x86)/Epic Games/4.12/Engine/Content/Localization/ToolTips/ja/ToolTips.locres) Source String Hash: (2060772590) Localized String: (ブレンドスペースでサンプリングするX座標)
[2016.07.16-10.15.07:746][  0]LogTextLocalizationManager:Warning: Loaded localization resources contain conflicting entries for (Namespace:UObjectToolTips, Key:AnimNode_BlendSpacePlayer:Y):
Localization Resource: (C:/Program Files (x86)/Epic Games/4.12/Engine/Content/Localization/EditorTutorials/ja/EditorTutorials.locres) Source String Hash: (-1719607538) Localized String: (ブレンドスペースで値を取得するY座標)
Localization Resource: (C:/Program Files (x86)/Epic Games/4.12/Engine/Content/Localization/ToolTips/ja/ToolTips.locres) Source String Hash: (-1719607538) Localized String: (ブレンドスペースでサンプリングするY座標)
[2016.07.16-10.15.07:746][  0]LogTextLocalizationManager:Warning: Loaded localization resources contain conflicting entries for (Namespace:UObjectToolTips, Key:AnimNode_BlendSpacePlayer:Z):
Localization Resource: (C:/Program Files (x86)/Epic Games/4.12/Engine/Content/Localization/EditorTutorials/ja/EditorTutorials.locres) Source String Hash: (1728943471) Localized String: (ブレンドスペースで値を取得するZ座標)
Localization Resource: (C:/Program Files (x86)/Epic Games/4.12/Engine/Content/Localization/ToolTips/ja/ToolTips.locres) Source String Hash: (1728943471) Localized String: (ブレンドスペースでサンプリングするZ座標)
[2016.07.16-10.15.07:746][  0]LogTextLocalizationManager:Warning: Loaded localization resources contain conflicting entries for (Namespace:UObjectToolTips, Key:AnimNode_BlendSpacePlayer:BlendSpace):
Localization Resource: (C:/Program Files (x86)/Epic Games/4.12/Engine/Content/Localization/EditorTutorials/ja/EditorTutorials.locres) Source String Hash: (1599043277) Localized String: (再生するブレンドスペースのアセット)
Localization Resource: (C:/Program Files (x86)/Epic Games/4.12/Engine/Content/Localization/ToolTips/ja/ToolTips.locres) Source String Hash: (1599043277) Localized String: (再生するブレンド空間アセット)
[2016.07.16-10.15.07:746][  0]LogTextLocalizationManager:Warning: Loaded localization resources contain conflicting entries for (Namespace:UObjectToolTips, Key:AnimNode_StateMachine:MaxTransitionsPerFrame):
Localization Resource: (C:/Program Files (x86)/Epic Games/4.12/Engine/Content/Localization/EditorTutorials/ja/EditorTutorials.locres) Source String Hash: (1567650430) Localized String: (このマシーンで1フレームあたりに同時に処理できるトランジションの最大数)
Localization Resource: (C:/Program Files (x86)/Epic Games/4.12/Engine/Content/Localization/ToolTips/ja/ToolTips.locres) Source String Hash: (1567650430) Localized String: (単一フレームでマシーンが「同時」に受け取れる遷移の最大数)
[2016.07.16-10.15.07:746][  0]LogTextLocalizationManager:Warning: Loaded localization resources contain conflicting entries for (Namespace:UObjectToolTips, Key:AnimNode_BlendSpacePlayer:PlayRate):
Localization Resource: (C:/Program Files (x86)/Epic Games/4.12/Engine/Content/Localization/EditorTutorials/ja/EditorTutorials.locres) Source String Hash: (-1274923958) Localized String: (再生速度の倍率です。負の数値も使う事ができます。その場合逆再生になります。)
Localization Resource: (C:/Program Files (x86)/Epic Games/4.12/Engine/Content/Localization/ToolTips/ja/ToolTips.locres) Source String Hash: (-1274923958) Localized String: (再生レート乗数。アニメーションを逆再生する負の値にすることができます。)
[2016.07.16-10.15.07:868][  0]LogD3D11RHI: D3D11 adapters:
[2016.07.16-10.15.07:884][  0]LogD3D11RHI:    0. 'NVIDIA GeForce GTX 970' (Feature Level 11_0)
[2016.07.16-10.15.07:884][  0]LogD3D11RHI:       4007/0/8182 MB DedicatedVideo/DedicatedSystem/SharedSystem, Outputs:1, VendorId:0x10de
[2016.07.16-10.15.07:886][  0]LogD3D11RHI:    1. 'Microsoft Basic Render Driver' (Feature Level 11_0)
[2016.07.16-10.15.07:886][  0]LogD3D11RHI:       0/0/8182 MB DedicatedVideo/DedicatedSystem/SharedSystem, Outputs:0, VendorId:0x1414
[2016.07.16-10.15.07:886][  0]LogD3D11RHI: Chosen D3D11 Adapter: 0
[2016.07.16-10.15.07:889][  0]LogD3D11RHI: Creating new Direct3DDevice
[2016.07.16-10.15.07:889][  0]LogD3D11RHI:     GPU DeviceId: 0x13c2 (for the marketing name, search the web for "GPU Device Id")
[2016.07.16-10.15.07:889][  0]LogWindows: EnumDisplayDevices:
[2016.07.16-10.15.07:889][  0]LogWindows:    0. 'NVIDIA GeForce GTX 970' (P:1 D:1)
[2016.07.16-10.15.07:889][  0]LogWindows:    1. 'NVIDIA GeForce GTX 970' (P:0 D:0)
[2016.07.16-10.15.07:889][  0]LogWindows:    2. 'NVIDIA GeForce GTX 970' (P:0 D:0)
[2016.07.16-10.15.07:889][  0]LogWindows:    3. 'NVIDIA GeForce GTX 970' (P:0 D:0)
[2016.07.16-10.15.07:890][  0]LogWindows: DebugString: FoundDriverCount:4 
[2016.07.16-10.15.07:890][  0]LogD3D11RHI:     Adapter Name: NVIDIA GeForce GTX 970
[2016.07.16-10.15.07:890][  0]LogD3D11RHI:   Driver Version: 365.10 (internal:10.18.13.6510, unified:365.10)
[2016.07.16-10.15.07:890][  0]LogD3D11RHI:      Driver Date: 4-27-2016
[2016.07.16-10.15.07:890][  0]LogRHI: Texture pool is 1361 MB (70% of 1945 MB)
[2016.07.16-10.15.07:900][  0]LogD3D11RHI: Async texture creation enabled
[2016.07.16-10.15.07:915][  0]LogD3D11RHI: GPU Timing Frequency: 1000.000000 (Debug: 2 2)
[2016.07.16-10.15.07:915][  0]LogShaderCompilers: Guid format shader working directory is -18 characters bigger than the processId version (../../../../../../Users/game/Documents/steamrumb/steamrumb 4.12/Intermediate/Shaders/WorkingDirectory/1620/).
[2016.07.16-10.15.07:916][  0]LogShaderCompilers: Cleaned the shader compiler working directory 'C:/Users/game/AppData/Local/Temp/UnrealShaderWorkingDir/B8AA562A4C040D32E37CEEA193F6EB22/'.
[2016.07.16-10.15.07:916][  0]LogShaderCompilers:Display: Using Local Shader Compiler.
[2016.07.16-10.15.08:822][  0]LogTemp:Display: Loaded TP AllDesktopTargetPlatform
[2016.07.16-10.15.08:830][  0]LogTemp:Display: Loaded TP WindowsClientTargetPlatform
[2016.07.16-10.15.08:838][  0]LogTemp:Display: Loaded TP WindowsNoEditorTargetPlatform
[2016.07.16-10.15.08:846][  0]LogTemp:Display: Loaded TP WindowsServerTargetPlatform
[2016.07.16-10.15.08:853][  0]LogTemp:Display: Loaded TP WindowsTargetPlatform
[2016.07.16-10.15.08:860][  0]LogTemp:Display: Loaded TP AndroidTargetPlatform
[2016.07.16-10.15.08:866][  0]LogTemp:Display: Loaded TP Android_ASTCTargetPlatform
[2016.07.16-10.15.08:873][  0]LogTemp:Display: Loaded TP Android_ATCTargetPlatform
[2016.07.16-10.15.08:879][  0]LogTemp:Display: Loaded TP Android_DXTTargetPlatform
[2016.07.16-10.15.08:885][  0]LogTemp:Display: Loaded TP Android_ETC1TargetPlatform
[2016.07.16-10.15.08:891][  0]LogTemp:Display: Loaded TP Android_ETC2TargetPlatform
[2016.07.16-10.15.08:904][  0]LogTemp:Display: Loaded TP Android_MultiTargetPlatform
[2016.07.16-10.15.08:904][  0]LogTemp:Display: Loaded TP Android_PVRTCTargetPlatform
[2016.07.16-10.15.08:905][  0]LogTemp:Display: Loaded TP HTML5TargetPlatform
[2016.07.16-10.15.08:925][  0]LogTemp:Display: Loaded TP IOSTargetPlatform
[2016.07.16-10.15.08:931][  0]LogTemp:Display: Loaded TP TVOSTargetPlatform
[2016.07.16-10.15.08:937][  0]LogTemp:Display: Loaded TP LinuxNoEditorTargetPlatform
[2016.07.16-10.15.08:943][  0]LogTemp:Display: Loaded TP LinuxServerTargetPlatform
[2016.07.16-10.15.08:950][  0]LogTemp:Display: Loaded TP LinuxTargetPlatform
[2016.07.16-10.15.08:950][  0]LogTargetPlatformManager:Display: Building Assets For Windows
[2016.07.16-10.15.09:010][  0]LogDerivedDataCache:Display: Max Cache Size: 512 MB
[2016.07.16-10.15.09:053][  0]LogDerivedDataCache: Loaded boot cache 0.04s 48MB C:/Users/game/AppData/Local/UnrealEngine/4.12/DerivedDataCache/Boot.ddc.
[2016.07.16-10.15.09:053][  0]LogDerivedDataCache:Display: Loaded Boot cache: C:/Users/game/AppData/Local/UnrealEngine/4.12/DerivedDataCache/Boot.ddc
[2016.07.16-10.15.09:053][  0]LogDerivedDataCache: FDerivedDataBackendGraph:  Pak pak cache file ../../../../../../Users/game/Documents/steamrumb/steamrumb 4.12/DerivedDataCache/DDC.ddp not found, will not use a pak cache.
[2016.07.16-10.15.09:053][  0]LogDerivedDataCache: Unable to find inner node Pak for hierarchical cache Hierarchy.
[2016.07.16-10.15.09:053][  0]LogDerivedDataCache: FDerivedDataBackendGraph:  CompressedPak pak cache file ../../../../../../Users/game/Documents/steamrumb/steamrumb 4.12/DerivedDataCache/Compressed.ddp not found, will not use a pak cache.
[2016.07.16-10.15.09:053][  0]LogDerivedDataCache: Unable to find inner node CompressedPak for hierarchical cache Hierarchy.
[2016.07.16-10.15.09:068][  0]LogDerivedDataCache:Display: Pak cache opened for reading ../../../Engine/DerivedDataCache/Compressed.ddp.
[2016.07.16-10.15.09:080][  0]LogDerivedDataCache: Using Local data cache path C:/Users/game/AppData/Local/UnrealEngine/Common/DerivedDataCache: Writable
[2016.07.16-10.15.09:238][  0]LogInit: Selected Device Profile: [Windows]
[2016.07.16-10.15.09:238][  0]LogContentStreaming: Texture pool size is 0.00 MB
[2016.07.16-10.15.09:376][  0]LogMeshUtilities: No automatic mesh reduction module available
[2016.07.16-10.15.09:376][  0]LogMeshUtilities: No automatic mesh merging module available
[2016.07.16-10.15.09:376][  0]LogMeshUtilities: No distributed automatic mesh merging module available
[2016.07.16-10.15.09:580][  0]LogAssetRegistry: FAssetRegistry took 0.0212 seconds to start up
[2016.07.16-10.15.09:603][  0]LogPackageLocalizationCache: Processed 3 localized package path(s) for 2 prioritized culture(s) in 0.020401 seconds
[2016.07.16-10.15.09:609][  0]LogUObjectArray: 28739 objects as part of root set at end of initial load.
[2016.07.16-10.15.09:609][  0]LogUObjectAllocator: 5855632 out of 0 bytes used by permanent object pool.
[2016.07.16-10.15.09:609][  0]LogUObjectArray: CloseDisregardForGC: 0/0 objects in disregard for GC pool
[2016.07.16-10.15.09:615][  0]LogInit: WinSock: version 1.1 (2.2), MaxSocks=32767, MaxUdp=65467
[2016.07.16-10.15.09:759][  0]LogSlate: SlateFontCache - WITH_FREETYPE: 1, WITH_HARFBUZZ: 1
[2016.07.16-10.15.09:759][  0]LogSlate: SlateFontCache - WITH_FREETYPE: 1, WITH_HARFBUZZ: 1
[2016.07.16-10.15.10:293][  0]LogUdpMessaging: Initializing bridge on interface 0.0.0.0:0 to multicast group 230.0.0.1:6666.
[2016.07.16-10.15.10:472][  0]SourceControl: 情報 ソースコントロールは無効です
[2016.07.16-10.15.10:499][  0]SourceControl: 情報 ソースコントロールは無効です
[2016.07.16-10.15.10:506][  0]SourceControl: 情報 ソースコントロールは無効です
[2016.07.16-10.15.10:512][  0]SourceControl: 情報 ソースコントロールは無効です
[2016.07.16-10.15.10:681][  0]LogEngine: Initializing Engine...
[2016.07.16-10.15.10:691][  0]LogHMD: SteamVR initialized.  Driver: lighthouse  Display: LHR-8F83D948
[2016.07.16-10.15.10:706][  0]LogHMD: SteamVR initialized.  Driver: lighthouse  Display: LHR-8F83D948
[2016.07.16-10.15.10:818][  0]LogAIModule: Creating AISystem for world NewWorld
[2016.07.16-10.15.10:829][  0]LogInit: XAudio2 using 'スピーカー (3- USB Audio Device)' : 2 channels at 44.1 kHz using 16 bits per sample (channel mask 0x3)
[2016.07.16-10.15.10:837][  0]LogInit: FAudioDevice initialized.
[2016.07.16-10.15.10:857][  0]LogDerivedDataCache: Saved boot cache 0.02s 48MB C:/Users/game/AppData/Local/UnrealEngine/4.12/DerivedDataCache/Boot.ddc.
[2016.07.16-10.15.10:865][  0]LogInit: Texture streaming: Enabled
[2016.07.16-10.15.10:887][  0]LogInit: Transaction tracking system initialized
[2016.07.16-10.15.10:905][  0]BlueprintLog: New page: エディタの読み込み
[2016.07.16-10.15.10:967][  0]LocalizationService: 情報 ローカライズのサービスが無効になりました
[2016.07.16-10.15.11:018][  0]LogConsoleResponse:Display: 
[2016.07.16-10.15.11:101][  0]LogCook:Display: Max memory allowance for cook 8192mb
[2016.07.16-10.15.11:101][  0]LogCook:Display: Mobile HDR setting 1
[2016.07.16-10.15.11:184][  0]LogFileCache: Scanning file cache for directory 'C:/Users/game/Documents/steamrumb/steamrumb 4.12/Content/' took 0.03s
[2016.07.16-10.15.11:184][  0]SourceControl: 情報 ソースコントロールは無効です
[2016.07.16-10.15.11:184][  0]Cmd: MAP LOAD FILE="../../../../../../Users/game/Documents/steamrumb/steamrumb 4.12/Content/ThirdPersonBP/Maps/ThirdPersonExampleMap.umap" TEMPLATE=0 SHOWPROGRESS=1 FEATURELEVEL=3
[2016.07.16-10.15.11:184][  0]LightingResults: New page: ライティングのビルド
[2016.07.16-10.15.11:187][  0]MapCheck: New page: マップをチェック
[2016.07.16-10.15.11:187][  0]LightingResults: New page: <何も選択されていません>
[2016.07.16-10.15.11:962][  0]LogAIModule: Creating AISystem for world ThirdPersonExampleMap
[2016.07.16-10.15.11:974][  0]LogEditorServer: Finished looking for orphan Actors (0.000 secs)
[2016.07.16-10.15.11:974][  0]Cmd: MAP CHECKDEP NOCLEARLOG
[2016.07.16-10.15.12:020][  0]MapCheck: 情報 マップチェックが完了: 0 エラー、 0 警告、完了に 45.172ミリ秒かかりました。
[2016.07.16-10.15.12:020][  0]LogFileHelpers: Loading map 'ThirdPersonExampleMap' took 0.836
[2016.07.16-10.15.12:136][  0]LogCollectionManager: Loaded 0 collections in 0.001440 seconds
[2016.07.16-10.15.12:174][  0]LogFileCache: Scanning file cache for directory 'C:/Users/game/Documents/steamrumb/steamrumb 4.12/Saved/Collections/' took 0.01s
[2016.07.16-10.15.12:174][  0]LogFileCache: Scanning file cache for directory 'C:/Users/game/Documents/steamrumb/steamrumb 4.12/Content/Developers/game/Collections/' took 0.01s
[2016.07.16-10.15.12:174][  0]LogFileCache: Scanning file cache for directory 'C:/Users/game/Documents/steamrumb/steamrumb 4.12/Content/Collections/' took 0.01s
[2016.07.16-10.15.12:174][  0]LogCollectionManager: Rebuilt the GUID cache for 0 collections in 0.000002 seconds
[2016.07.16-10.15.12:181][  0]LogContentBrowser: Native class hierarchy populated in 0.0069 seconds. Added 2047 classes and 369 folders.
[2016.07.16-10.15.12:184][  0]LogStats: UGameplayTagsManager::ConstructGameplayTagTree: Construct from data asset -  0.000 s
[2016.07.16-10.15.12:184][  0]LogStats: UGameplayTagsManager::ConstructGameplayTagTree: GameplayTagTreeChangedEvent.Broadcast -  0.000 s
[2016.07.16-10.15.12:185][  0]LogContentBrowser: Native class hierarchy updated for 'GameplayTags' in 0.0004 seconds. Added 12 classes and 0 folders.
[2016.07.16-10.15.12:188][  0]LogContentBrowser: Native class hierarchy updated for 'WidgetCarousel' in 0.0003 seconds. Added 0 classes and 0 folders.
[2016.07.16-10.15.12:226][  0]LogContentBrowser: Native class hierarchy updated for 'AddContentDialog' in 0.0003 seconds. Added 0 classes and 0 folders.
[2016.07.16-10.15.12:229][  0]LogContentBrowser: Native class hierarchy updated for 'SceneOutliner' in 0.0003 seconds. Added 1 classes and 2 folders.
[2016.07.16-10.15.12:278][  0]LogCrashTracker: Crashtracker disabled due to settings.
[2016.07.16-10.15.12:282][  0]LogUObjectGlobals:Warning: オブジェクト 'Class なし.' が見つかりませんでした
[2016.07.16-10.15.12:307][  0]LogContentBrowser: Native class hierarchy updated for 'HierarchicalLODOutliner' in 0.0003 seconds. Added 1 classes and 2 folders.
[2016.07.16-10.15.12:307][  0]LogLoad: Full Startup: 5.32 seconds (BP compile: 0.20 seconds)
[2016.07.16-10.15.12:307][  0]LogExternalProfiler: Found external profiler: VSPerf
[2016.07.16-10.15.12:307][  0]LogExternalProfiler: Using external profiler: VSPerf
[2016.07.16-10.15.12:361][  0]LogWindowsTextInputMethodSystem:Display: IME system now activated using TSF (Microsoft IME).
[2016.07.16-10.15.12:364][  0]LogOcInput: OculusInput pre-init called
[2016.07.16-10.15.12:383][  0]LogContentStreaming: Texture pool size now 700 MB
[2016.07.16-10.15.12:533][  0]LogRenderer: Reallocating scene render targets to support 1208x576 (Frame:2).
[2016.07.16-10.15.12:641][  2]LogAssetRegistry: Asset discovery search completed in 3.0824 seconds
[2016.07.16-10.15.12:641][  2]LogCollectionManager: Rebuilt the object cache for 0 collections in 0.000001 seconds (found 0 objects)
[2016.07.16-10.15.12:641][  2]LogCollectionManager: Fixed up redirectors for 0 collections in 0.000047 seconds (updated 0 objects)
[2016.07.16-10.15.17:820][590]LogBlueprintUserMessages: Early PlayInEditor Detection: Level '/Game/ThirdPersonBP/Maps/ThirdPersonExampleMap.ThirdPersonExampleMap:PersistentLevel' has LevelScriptBlueprint '/Game/ThirdPersonBP/Maps/ThirdPersonExampleMap.ThirdPersonExampleMap:PersistentLevel.ThirdPersonExampleMap' with GeneratedClass '/Game/ThirdPersonBP/Maps/ThirdPersonExampleMap.ThirdPersonExampleMap_C' with ClassGeneratedBy '/Game/ThirdPersonBP/Maps/ThirdPersonExampleMap.ThirdPersonExampleMap:PersistentLevel.ThirdPersonExampleMap'
[2016.07.16-10.15.17:820][590]LogPlayLevel: PlayLevel: No blueprints needed recompiling
[2016.07.16-10.15.17:820][590]PIE: New page: PIEセッション: ThirdPersonExampleMap (2016/07/17 4:15:17)
[2016.07.16-10.15.17:821][590]LogPlayLevel: Creating play world package: /Game/ThirdPersonBP/Maps/UEDPIE_0_ThirdPersonExampleMap
[2016.07.16-10.15.17:847][590]LogPlayLevel: PIE: StaticDuplicateObject took: (0.026246s)
[2016.07.16-10.15.17:848][590]LogAIModule: Creating AISystem for world ThirdPersonExampleMap
[2016.07.16-10.15.17:848][590]LogPlayLevel: PIE: World Init took: (0.001074s)
[2016.07.16-10.15.17:848][590]LogPlayLevel: PIE: Created PIE world by copying editor world from /Game/ThirdPersonBP/Maps/ThirdPersonExampleMap.ThirdPersonExampleMap to /Game/ThirdPersonBP/Maps/UEDPIE_0_ThirdPersonExampleMap.ThirdPersonExampleMap (0.027682s)
[2016.07.16-10.15.17:883][590]LogInit: XAudio2 using 'スピーカー (3- USB Audio Device)' : 2 channels at 44.1 kHz using 16 bits per sample (channel mask 0x3)
[2016.07.16-10.15.17:891][590]LogInit: FAudioDevice initialized.
[2016.07.16-10.15.17:949][590]LogWorld: Game class is 'BP_stiranGameMode_C'
[2016.07.16-10.15.17:956][590]LogWorld: Bringing World /Game/ThirdPersonBP/Maps/UEDPIE_0_ThirdPersonExampleMap.ThirdPersonExampleMap up for play (max tick rate 0) at 2016.07.16-19.15.17
[2016.07.16-10.15.17:958][590]LogWorld: Bringing up level for play took: 0.007750
[2016.07.16-10.15.17:961][590]LogContentBrowser: Native class hierarchy updated for 'MovieSceneCapture' in 0.0004 seconds. Added 11 classes and 0 folders.
[2016.07.16-10.15.17:964][590]PIE: 情報 /Game/ThirdPersonBP/Maps/UEDPIE_0_ThirdPersonExampleMap -0.564のプレイ イン エディタの開始時間
[2016.07.16-10.15.17:964][590]LogBlueprintUserMessages: Late PlayInEditor Detection: Level '/Game/ThirdPersonBP/Maps/ThirdPersonExampleMap.ThirdPersonExampleMap:PersistentLevel' has LevelScriptBlueprint '/Game/ThirdPersonBP/Maps/ThirdPersonExampleMap.ThirdPersonExampleMap:PersistentLevel.ThirdPersonExampleMap' with GeneratedClass '/Game/ThirdPersonBP/Maps/ThirdPersonExampleMap.ThirdPersonExampleMap_C' with ClassGeneratedBy '/Game/ThirdPersonBP/Maps/ThirdPersonExampleMap.ThirdPersonExampleMap:PersistentLevel.ThirdPersonExampleMap'
[2016.07.16-10.15.18:028][591]LogRenderer: Reallocating scene render targets to support 1692x804 (Frame:601).
[2016.07.16-10.15.37:012][867]LogBlueprintUserMessages: Early EndPlayMap Detection: Level '/Game/ThirdPersonBP/Maps/ThirdPersonExampleMap.ThirdPersonExampleMap:PersistentLevel' has LevelScriptBlueprint '/Game/ThirdPersonBP/Maps/ThirdPersonExampleMap.ThirdPersonExampleMap:PersistentLevel.ThirdPersonExampleMap' with GeneratedClass '/Game/ThirdPersonBP/Maps/ThirdPersonExampleMap.ThirdPersonExampleMap_C' with ClassGeneratedBy '/Game/ThirdPersonBP/Maps/ThirdPersonExampleMap.ThirdPersonExampleMap:PersistentLevel.ThirdPersonExampleMap'
[2016.07.16-10.15.37:042][867]LogBlueprintUserMessages: Late EndPlayMap Detection: Level '/Game/ThirdPersonBP/Maps/ThirdPersonExampleMap.ThirdPersonExampleMap:PersistentLevel' has LevelScriptBlueprint '/Game/ThirdPersonBP/Maps/ThirdPersonExampleMap.ThirdPersonExampleMap:PersistentLevel.ThirdPersonExampleMap' with GeneratedClass '/Game/ThirdPersonBP/Maps/ThirdPersonExampleMap.ThirdPersonExampleMap_C' with ClassGeneratedBy '/Game/ThirdPersonBP/Maps/ThirdPersonExampleMap.ThirdPersonExampleMap:PersistentLevel.ThirdPersonExampleMap'
[2016.07.16-10.15.48:228][191]LogWindowsTextInputMethodSystem:Display: IME system now activated using TSF (Microsoft IME).
[2016.07.16-10.15.48:911][192]Cmd: QUIT_EDITOR
[2016.07.16-10.15.49:894][192]LogExit: Preparing to exit.
[2016.07.16-10.15.50:433][192]LogExit: Editor shut down
[2016.07.16-10.15.50:433][192]LogExit: Transaction tracking system shut down
[2016.07.16-10.15.50:523][192]LogObj: Freed 0b from 0 cluster array pools.
[2016.07.16-10.15.50:523][192]LogExit: Object subsystem successfully closed.
[2016.07.16-10.15.50:539][192]LogD3D11RHI: Shutdown
[2016.07.16-10.15.50:539][192]LogD3D11RHI: CleanupD3DDevice
[2016.07.16-10.15.50:586][192]LogD3D11RHI: ~FD3D11DynamicRHI
[2016.07.16-10.15.50:598][192]LogModuleManager: Shutting down and abandoning module MovieSceneCapture (214)
[2016.07.16-10.15.50:598][192]LogModuleManager: Shutting down and abandoning module HierarchicalLODOutliner (213)
[2016.07.16-10.15.50:598][192]LogModuleManager: Shutting down and abandoning module CrashTracker (212)
[2016.07.16-10.15.50:598][192]LogModuleManager: Shutting down and abandoning module SceneOutliner (211)
[2016.07.16-10.15.50:598][192]LogModuleManager: Shutting down and abandoning module WidgetCarousel (210)
[2016.07.16-10.15.50:598][192]LogModuleManager: Shutting down and abandoning module AddContentDialog (209)
[2016.07.16-10.15.50:599][192]LogModuleManager: Shutting down and abandoning module GameplayTags (208)
[2016.07.16-10.15.50:599][192]LogModuleManager: Shutting down and abandoning module EditorWidgets (207)
[2016.07.16-10.15.50:599][192]LogModuleManager: Shutting down and abandoning module CollectionManager (206)
[2016.07.16-10.15.50:599][192]LogModuleManager: Shutting down and abandoning module StatsViewer (205)
[2016.07.16-10.15.50:599][192]LogModuleManager: Shutting down and abandoning module FoliageEdit (204)
[2016.07.16-10.15.50:599][192]LogModuleManager: Shutting down and abandoning module LandscapeEditor (203)
[2016.07.16-10.15.50:599][192]LogModuleManager: Shutting down and abandoning module SceneDepthPickerMode (202)
[2016.07.16-10.15.50:599][192]LogModuleManager: Shutting down and abandoning module ActorPickerMode (201)
[2016.07.16-10.15.50:599][192]LogModuleManager: Shutting down and abandoning module GeometryMode (200)
[2016.07.16-10.15.50:599][192]LogModuleManager: Shutting down and abandoning module TextureAlignMode (199)
[2016.07.16-10.15.50:599][192]LogModuleManager: Shutting down and abandoning module BspMode (198)
[2016.07.16-10.15.50:599][192]LogModuleManager: Shutting down and abandoning module HardwareSurvey (197)
[2016.07.16-10.15.50:599][192]LogModuleManager: Shutting down and abandoning module SequenceRecorderSections (196)
[2016.07.16-10.15.50:599][192]LogModuleManager: Shutting down and abandoning module SequenceRecorder (195)
[2016.07.16-10.15.50:599][192]LogModuleManager: Shutting down and abandoning module AutomationWorker (194)
[2016.07.16-10.15.50:599][192]LogModuleManager: Shutting down and abandoning module MatineeToLevelSequence (193)
[2016.07.16-10.15.50:599][192]LogModuleManager: Shutting down and abandoning module PlacementMode (192)
[2016.07.16-10.15.50:599][192]LogModuleManager: Shutting down and abandoning module LevelSequenceEditor (191)
[2016.07.16-10.15.50:600][192]LogModuleManager: Shutting down and abandoning module CharacterAI (190)
[2016.07.16-10.15.50:600][192]LogModuleManager: Shutting down and abandoning module SmartSnapping (189)
[2016.07.16-10.15.50:600][192]LogModuleManager: Shutting down and abandoning module SessionServices (188)
[2016.07.16-10.15.50:600][192]LogModuleManager: Shutting down and abandoning module ViewportSnapping (187)
[2016.07.16-10.15.50:600][192]LogModuleManager: Shutting down and abandoning module LogVisualizer (186)
[2016.07.16-10.15.50:600][192]LogModuleManager: Shutting down and abandoning module GameProjectGeneration (185)
[2016.07.16-10.15.50:600][192]LogModuleManager: Shutting down and abandoning module IntroTutorials (184)
[2016.07.16-10.15.50:600][192]LogModuleManager: Shutting down and abandoning module EditorLiveStreaming (183)
[2016.07.16-10.15.50:600][192]LogModuleManager: Shutting down and abandoning module IOSPlatformEditor (182)
[2016.07.16-10.15.50:600][192]LogModuleManager: Shutting down and abandoning module HTML5PlatformEditor (181)
[2016.07.16-10.15.50:600][192]LogModuleManager: Shutting down and abandoning module AndroidDeviceDetection (180)
[2016.07.16-10.15.51:001][192]LogModuleManager: Shutting down and abandoning module AndroidPlatformEditor (179)
[2016.07.16-10.15.51:001][192]LogModuleManager: Shutting down and abandoning module IOSRuntimeSettings (178)
[2016.07.16-10.15.51:001][192]LogModuleManager: Shutting down and abandoning module AndroidRuntimeSettings (177)
[2016.07.16-10.15.51:001][192]LogModuleManager: Shutting down and abandoning module MergeActors (176)
[2016.07.16-10.15.51:001][192]LogModuleManager: Shutting down and abandoning module SizeMap (175)
[2016.07.16-10.15.51:001][192]LogModuleManager: Shutting down and abandoning module TreeMap (174)
[2016.07.16-10.15.51:001][192]LogModuleManager: Shutting down and abandoning module ReferenceViewer (173)
[2016.07.16-10.15.51:001][192]LogModuleManager: Shutting down and abandoning module LocalizationService (172)
[2016.07.16-10.15.51:001][192]LogModuleManager: Shutting down and abandoning module LocalizationDashboard (171)
[2016.07.16-10.15.51:001][192]LogModuleManager: Shutting down and abandoning module HardwareTargeting (170)
[2016.07.16-10.15.51:001][192]LogModuleManager: Shutting down and abandoning module DeviceProfileEditor (169)
[2016.07.16-10.15.51:001][192]LogModuleManager: Shutting down and abandoning module UndoHistory (168)
[2016.07.16-10.15.51:001][192]LogModuleManager: Shutting down and abandoning module UserFeedback (167)
[2016.07.16-10.15.51:001][192]LogModuleManager: Shutting down and abandoning module XmlParser (166)
[2016.07.16-10.15.51:001][192]LogModuleManager: Shutting down and abandoning module Blutility (165)
[2016.07.16-10.15.51:001][192]LogModuleManager: Shutting down and abandoning module ProjectTargetPlatformEditor (164)
[2016.07.16-10.15.51:001][192]LogModuleManager: Shutting down and abandoning module ProjectSettingsViewer (163)
[2016.07.16-10.15.51:001][192]LogModuleManager: Shutting down and abandoning module InputBindingEditor (162)
[2016.07.16-10.15.51:001][192]LogModuleManager: Shutting down and abandoning module EditorSettingsViewer (161)
[2016.07.16-10.15.51:001][192]LogModuleManager: Shutting down and abandoning module SettingsEditor (160)
[2016.07.16-10.15.51:001][192]LogModuleManager: Shutting down and abandoning module ProjectLauncher (159)
[2016.07.16-10.15.51:001][192]LogModuleManager: Shutting down and abandoning module SessionFrontend (158)
[2016.07.16-10.15.51:002][192]LogModuleManager: Shutting down and abandoning module ProfilerClient (157)
[2016.07.16-10.15.51:002][192]LogModuleManager: Shutting down and abandoning module TargetDeviceServices (156)
[2016.07.16-10.15.51:002][192]LogModuleManager: Shutting down and abandoning module DeviceManager (155)
[2016.07.16-10.15.51:054][192]LogModuleManager: Shutting down and abandoning module AutomationController (154)
[2016.07.16-10.15.51:054][192]LogModuleManager: Shutting down and abandoning module AutomationWindow (153)
[2016.07.16-10.15.51:054][192]LogModuleManager: Shutting down and abandoning module Layers (152)
[2016.07.16-10.15.51:054][192]LogModuleManager: Shutting down and abandoning module ComponentVisualizers (151)
[2016.07.16-10.15.51:054][192]LogModuleManager: Shutting down and abandoning module DetailCustomizations (150)
[2016.07.16-10.15.51:054][192]LogModuleManager: Shutting down and abandoning module PackagesDialog (149)
[2016.07.16-10.15.51:054][192]LogModuleManager: Shutting down and abandoning module Persona (148)
[2016.07.16-10.15.51:054][192]LogModuleManager: Shutting down and abandoning module Kismet (147)
[2016.07.16-10.15.51:054][192]LogModuleManager: Shutting down and abandoning module GraphEditor (146)
[2016.07.16-10.15.51:054][192]LogModuleManager: Shutting down and abandoning module ClassViewer (145)
[2016.07.16-10.15.51:054][192]LogModuleManager: Shutting down and abandoning module Toolbox (144)
[2016.07.16-10.15.51:054][192]LogModuleManager: Shutting down and abandoning module ModuleUI (143)
[2016.07.16-10.15.51:054][192]LogModuleManager: Shutting down and abandoning module MovieSceneTools (142)
[2016.07.16-10.15.51:054][192]LogModuleManager: Shutting down and abandoning module OutputLog (141)
[2016.07.16-10.15.51:054][192]LogModuleManager: Shutting down and abandoning module GammaUI (140)
[2016.07.16-10.15.51:054][192]LogModuleManager: Shutting down and abandoning module Documentation (139)
[2016.07.16-10.15.51:054][192]LogModuleManager: Shutting down and abandoning module StreamingPauseRendering (138)
[2016.07.16-10.15.51:054][192]LogModuleManager: Shutting down and abandoning module AnalyticsET (137)
[2016.07.16-10.15.51:054][192]LogModuleManager: Shutting down and abandoning module Analytics (136)
[2016.07.16-10.15.51:054][192]LogModuleManager: Shutting down and abandoning module PortalServices (135)
[2016.07.16-10.15.51:054][192]LogModuleManager: Shutting down and abandoning module PortalRpc (134)
[2016.07.16-10.15.51:054][192]LogModuleManager: Shutting down and abandoning module MessagingRpc (133)
[2016.07.16-10.15.51:054][192]LogModuleManager: Shutting down and abandoning module GameplayDebugger (132)
[2016.07.16-10.15.51:054][192]LogModuleManager: Shutting down and abandoning module AITestSuite (131)
[2016.07.16-10.15.51:054][192]LogModuleManager: Shutting down and abandoning module AIModule (130)
[2016.07.16-10.15.51:054][192]LogModuleManager: Shutting down and abandoning module ProfilerService (129)
[2016.07.16-10.15.51:173][192]LogModuleManager: Shutting down and abandoning module TaskGraph (128)
[2016.07.16-10.15.51:173][192]LogModuleManager: Shutting down and abandoning module SlateRemote (127)
[2016.07.16-10.15.51:173][192]LogModuleManager: Shutting down and abandoning module SteamVRController (126)
[2016.07.16-10.15.51:173][192]LogModuleManager: Shutting down and abandoning module SteamVR (125)
[2016.07.16-10.15.51:173][192]LogModuleManager: Shutting down and abandoning module ProceduralMeshComponent (124)
[2016.07.16-10.15.51:173][192]LogModuleManager: Shutting down and abandoning module OculusLibrary (123)
[2016.07.16-10.15.51:173][192]LogModuleManager: Shutting down and abandoning module OculusInput (122)
[2016.07.16-10.15.51:173][192]LogModuleManager: Shutting down and abandoning module CustomMeshComponent (121)
[2016.07.16-10.15.51:173][192]LogModuleManager: Shutting down and abandoning module CableComponent (120)
[2016.07.16-10.15.51:173][192]LogModuleManager: Shutting down and abandoning module ArchVisCharacter (119)
[2016.07.16-10.15.51:173][192]LogModuleManager: Shutting down and abandoning module MediaPlayerEditor (118)
[2016.07.16-10.15.51:173][192]LogModuleManager: Shutting down and abandoning module HTML5Networking (117)
[2016.07.16-10.15.51:173][192]LogModuleManager: Shutting down and abandoning module SuperSearch (116)
[2016.07.16-10.15.51:173][192]LogModuleManager: Shutting down and abandoning module SuperSearchEditor (115)
[2016.07.16-10.15.51:173][192]LogModuleManager: Shutting down and abandoning module SpeedTreeImporter (114)
[2016.07.16-10.15.51:173][192]LogModuleManager: Shutting down and abandoning module PluginBrowser (113)
[2016.07.16-10.15.51:173][192]LogModuleManager: Shutting down and abandoning module EpicSurvey (112)
[2016.07.16-10.15.51:173][192]LogModuleManager: Shutting down and abandoning module DesktopPlatform (111)
[2016.07.16-10.15.51:173][192]LogModuleManager: Shutting down and abandoning module VisualStudioSourceCodeAccess (110)
[2016.07.16-10.15.51:173][192]LogModuleManager: Shutting down and abandoning module UObjectPlugin (109)
[2016.07.16-10.15.51:173][192]LogModuleManager: Shutting down and abandoning module SubversionSourceControl (108)
[2016.07.16-10.15.51:173][192]LogModuleManager: Shutting down and abandoning module PerforceSourceControl (107)
[2016.07.16-10.15.51:173][192]LogModuleManager: Shutting down and abandoning module SourceControl (106)
[2016.07.16-10.15.51:173][192]LogModuleManager: Shutting down and abandoning module GitSourceControl (105)
[2016.07.16-10.15.51:173][192]LogModuleManager: Shutting down and abandoning module LightPropagationVolumeEditor (104)
[2016.07.16-10.15.51:173][192]LogModuleManager: Shutting down and abandoning module PaperTiledImporter (103)
[2016.07.16-10.15.51:173][192]LogModuleManager: Shutting down and abandoning module PaperSpriteSheetImporter (102)
[2016.07.16-10.15.51:173][192]LogModuleManager: Shutting down and abandoning module MeshPaint (101)
[2016.07.16-10.15.51:173][192]LogModuleManager: Shutting down and abandoning module PixelInspectorModule (100)
[2016.07.16-10.15.51:173][192]LogModuleManager: Shutting down and abandoning module HotReload (99)
[2016.07.16-10.15.51:174][192]LogModuleManager: Shutting down and abandoning module MainFrame (98)
[2016.07.16-10.15.51:174][192]LogModuleManager: Shutting down and abandoning module LevelEditor (97)
[2016.07.16-10.15.51:174][192]LogModuleManager: Shutting down and abandoning module ContentBrowser (96)
[2016.07.16-10.15.51:175][192]LogModuleManager: Shutting down and abandoning module Paper2DEditor (95)
[2016.07.16-10.15.51:175][192]LogModuleManager: Shutting down and abandoning module UdpMessaging (94)
[2016.07.16-10.15.51:275][192]LogModuleManager: Shutting down and abandoning module LightPropagationVolumeRuntime (93)
[2016.07.16-10.15.51:275][192]LogModuleManager: Shutting down and abandoning module Paper2D (92)
[2016.07.16-10.15.51:275][192]LogModuleManager: Shutting down and abandoning module WindowsMoviePlayer (91)
[2016.07.16-10.15.51:275][192]LogModuleManager: Shutting down and abandoning module Media (90)
[2016.07.16-10.15.51:275][192]LogModuleManager: Shutting down and abandoning module WmfMedia (89)
[2016.07.16-10.15.51:275][192]LogModuleManager: Shutting down and abandoning module MediaAssets (88)
[2016.07.16-10.15.51:275][192]LogModuleManager: Shutting down and abandoning module GameLiveStreaming (87)
[2016.07.16-10.15.51:275][192]LogModuleManager: Shutting down and abandoning module GameplayTagsEditor (86)
[2016.07.16-10.15.51:275][192]LogModuleManager: Shutting down and abandoning module OnlineBlueprintSupport (85)
[2016.07.16-10.15.51:275][192]LogModuleManager: Shutting down and abandoning module VREditor (84)
[2016.07.16-10.15.51:275][192]LogModuleManager: Shutting down and abandoning module GameplayTasksEditor (83)
[2016.07.16-10.15.51:275][192]LogModuleManager: Shutting down and abandoning module PropertyEditor (82)
[2016.07.16-10.15.51:275][192]LogModuleManager: Shutting down and abandoning module BehaviorTreeEditor (81)
[2016.07.16-10.15.51:275][192]LogModuleManager: Shutting down and abandoning module FunctionalTesting (80)
[2016.07.16-10.15.51:275][192]LogModuleManager: Shutting down and abandoning module CollisionAnalyzer (79)
[2016.07.16-10.15.51:275][192]LogModuleManager: Shutting down and abandoning module Sequencer (78)
[2016.07.16-10.15.51:276][192]LogModuleManager: Shutting down and abandoning module WorkspaceMenuStructure (77)
[2016.07.16-10.15.51:276][192]LogModuleManager: Shutting down and abandoning module MessageLog (76)
[2016.07.16-10.15.51:276][192]LogModuleManager: Shutting down and abandoning module AssetTools (75)
[2016.07.16-10.15.51:276][192]LogModuleManager: Shutting down and abandoning module UMGEditor (74)
[2016.07.16-10.15.51:276][192]LogModuleManager: Shutting down and abandoning module UMG (73)
[2016.07.16-10.15.51:276][192]LogModuleManager: Shutting down and abandoning module SlateReflector (72)
[2016.07.16-10.15.51:276][192]LogModuleManager: Shutting down and abandoning module Slate (71)
[2016.07.16-10.15.51:276][192]LogModuleManager: Shutting down and abandoning module EditorStyle (70)
[2016.07.16-10.15.51:277][192]LogModuleManager: Shutting down and abandoning module SourceCodeAccess (69)
[2016.07.16-10.15.51:278][192]LogModuleManager: Shutting down and abandoning module HeadMountedDisplay (68)
[2016.07.16-10.15.51:278][192]LogModuleManager: Shutting down and abandoning module XAudio2 (67)
[2016.07.16-10.15.51:278][192]LogModuleManager: Shutting down and abandoning module Networking (65)
[2016.07.16-10.15.51:278][192]LogModuleManager: Shutting down and abandoning module Core (64)
[2016.07.16-10.15.51:278][192]LogModuleManager: Shutting down and abandoning module DirectoryWatcher (63)
[2016.07.16-10.15.51:278][192]LogModuleManager: Shutting down and abandoning module AssetRegistry (62)
[2016.07.16-10.15.51:376][192]LogModuleManager: Shutting down and abandoning module KismetCompiler (61)
[2016.07.16-10.15.51:376][192]LogModuleManager: Shutting down and abandoning module PhysXFormats (60)
[2016.07.16-10.15.51:376][192]LogModuleManager: Shutting down and abandoning module MeshUtilities (59)
[2016.07.16-10.15.51:376][192]LogModuleManager: Shutting down and abandoning module DerivedDataCache (58)
[2016.07.16-10.15.51:802][192]LogDerivedDataCache: Shutdown
[2016.07.16-10.15.51:802][192]LogModuleManager: Shutting down and abandoning module VulkanShaderFormat (57)
[2016.07.16-10.15.51:802][192]LogModuleManager: Shutting down and abandoning module ShaderFormatOpenGL (56)
[2016.07.16-10.15.51:802][192]LogModuleManager: Shutting down and abandoning module ShaderFormatD3D (55)
[2016.07.16-10.15.51:802][192]LogModuleManager: Shutting down and abandoning module MetalShaderFormat (54)
[2016.07.16-10.15.51:802][192]LogModuleManager: Shutting down and abandoning module TextureFormatUncompressed (53)
[2016.07.16-10.15.51:802][192]LogModuleManager: Shutting down and abandoning module TextureFormatPVR (52)
[2016.07.16-10.15.51:802][192]LogModuleManager: Shutting down and abandoning module TextureFormatIntelISPCTexComp (51)
[2016.07.16-10.15.51:802][192]LogModuleManager: Shutting down and abandoning module TextureFormatDXT (50)
[2016.07.16-10.15.51:802][192]LogModuleManager: Shutting down and abandoning module ImageWrapper (49)
[2016.07.16-10.15.51:802][192]LogModuleManager: Shutting down and abandoning module TextureFormatASTC (48)
[2016.07.16-10.15.51:802][192]LogModuleManager: Shutting down and abandoning module TextureFormatAndroid (47)
[2016.07.16-10.15.51:802][192]LogModuleManager: Shutting down and abandoning module AudioFormatOpus (46)
[2016.07.16-10.15.51:802][192]LogModuleManager: Shutting down and abandoning module AudioFormatOgg (45)
[2016.07.16-10.15.51:802][192]LogModuleManager: Shutting down and abandoning module AudioFormatADPCM (44)
[2016.07.16-10.15.51:802][192]LogModuleManager: Shutting down and abandoning module LinuxTargetPlatform (43)
[2016.07.16-10.15.51:802][192]LogModuleManager: Shutting down and abandoning module LinuxServerTargetPlatform (42)
[2016.07.16-10.15.51:802][192]LogModuleManager: Shutting down and abandoning module LinuxNoEditorTargetPlatform (41)
[2016.07.16-10.15.51:802][192]LogModuleManager: Shutting down and abandoning module TVOSTargetPlatform (40)
[2016.07.16-10.15.51:802][192]LogModuleManager: Shutting down and abandoning module Messaging (39)
[2016.07.16-10.15.51:802][192]LogModuleManager: Shutting down and abandoning module IOSTargetPlatform (38)
[2016.07.16-10.15.51:802][192]LogModuleManager: Shutting down and abandoning module HTML5TargetPlatform (37)
[2016.07.16-10.15.51:802][192]LogModuleManager: Shutting down and abandoning module Android_PVRTCTargetPlatform (36)
[2016.07.16-10.15.51:802][192]LogModuleManager: Shutting down and abandoning module Android_MultiTargetPlatform (35)
[2016.07.16-10.15.51:802][192]LogModuleManager: Shutting down and abandoning module Android_ETC2TargetPlatform (34)
[2016.07.16-10.15.51:802][192]LogModuleManager: Shutting down and abandoning module Android_ETC1TargetPlatform (33)
[2016.07.16-10.15.51:802][192]LogModuleManager: Shutting down and abandoning module Android_DXTTargetPlatform (32)
[2016.07.16-10.15.51:802][192]LogModuleManager: Shutting down and abandoning module Android_ATCTargetPlatform (31)
[2016.07.16-10.15.51:802][192]LogModuleManager: Shutting down and abandoning module Android_ASTCTargetPlatform (30)
[2016.07.16-10.15.51:802][192]LogModuleManager: Shutting down and abandoning module AndroidTargetPlatform (29)
[2016.07.16-10.15.51:802][192]LogModuleManager: Shutting down and abandoning module WindowsTargetPlatform (28)
[2016.07.16-10.15.51:802][192]LogModuleManager: Shutting down and abandoning module WindowsServerTargetPlatform (27)
[2016.07.16-10.15.51:802][192]LogModuleManager: Shutting down and abandoning module WindowsNoEditorTargetPlatform (26)
[2016.07.16-10.15.51:802][192]LogModuleManager: Shutting down and abandoning module WindowsClientTargetPlatform (25)
[2016.07.16-10.15.51:802][192]LogModuleManager: Shutting down and abandoning module AllDesktopTargetPlatform (24)
[2016.07.16-10.15.51:802][192]LogModuleManager: Shutting down and abandoning module TargetPlatform (23)
[2016.07.16-10.15.51:802][192]LogModuleManager: Shutting down and abandoning module InputCore (22)
[2016.07.16-10.15.51:802][192]LogModuleManager: Shutting down and abandoning module Settings (21)
[2016.07.16-10.15.51:802][192]LogModuleManager: Shutting down and abandoning module OnlineSubsystem (19)
[2016.07.16-10.15.51:802][192]LogModuleManager: Shutting down and abandoning module HTTP (18)
[2016.07.16-10.15.55:812][192]LogModuleManager: Shutting down and abandoning module XMPP (17)
[2016.07.16-10.15.55:812][192]LogModuleManager: Shutting down and abandoning module OculusRift (16)
[2016.07.16-10.15.55:812][192]LogModuleManager: Shutting down and abandoning module ExampleDeviceProfileSelector (15)
[2016.07.16-10.15.55:812][192]LogModuleManager: Shutting down and abandoning module TextureCompressor (14)
[2016.07.16-10.15.55:812][192]LogModuleManager: Shutting down and abandoning module ShaderCore (13)
[2016.07.16-10.15.55:812][192]LogModuleManager: Shutting down and abandoning module Landscape (12)
[2016.07.16-10.15.55:813][192]LogModuleManager: Shutting down and abandoning module SlateRHIRenderer (11)
[2016.07.16-10.15.55:814][192]LogModuleManager: Shutting down and abandoning module OpenGLDrv (10)
[2016.07.16-10.15.55:814][192]LogModuleManager: Shutting down and abandoning module D3D11RHI (9)
[2016.07.16-10.15.55:814][192]LogModuleManager: Shutting down and abandoning module AnimGraphRuntime (8)
[2016.07.16-10.15.55:814][192]LogModuleManager: Shutting down and abandoning module Renderer (7)
[2016.07.16-10.15.55:814][192]LogModuleManager: Shutting down and abandoning module Engine (6)
[2016.07.16-10.15.55:814][192]LogModuleManager: Shutting down and abandoning module CoreUObject (5)
[2016.07.16-10.15.55:814][192]LogModuleManager: Shutting down and abandoning module NetworkFile (4)
[2016.07.16-10.15.55:814][192]LogModuleManager: Shutting down and abandoning module StreamingFile (3)
[2016.07.16-10.15.55:814][192]LogModuleManager: Shutting down and abandoning module SandboxFile (2)
[2016.07.16-10.15.55:814][192]LogModuleManager: Shutting down and abandoning module PakFile (1)
[2016.07.16-10.15.55:816][192]LogExit: Exiting.
[2016.07.16-10.15.55:817][192]Log file closed, 07/16/16 19:15:55
