Log file open, 07/03/16 21:32:49
LogInit:Display: Running engine for game: steamrumb
LogPlatformFile: Not using cached read wrapper
LogInit:Display: RandInit(-1248028647) SRandInit(-1248028646).
LogTaskGraph: Started task graph with 4 named threads and 7 total threads with 1 sets of task threads.
LogStats: Stats thread started at 0.067440
LogInit: Version: 4.12.4-3028348+++UE4+Release-4.12
LogInit: API Version: 2992821
LogInit: Net Version: 3028348
LogDevObjectVersion: Number of dev versions registered: 13
LogDevObjectVersion:   Dev-Blueprints (B0D832E4-1F89-4F0D-ACCF-7EB736FD4AA2): 3
LogDevObjectVersion:   Dev-Build (E1C64328-A22C-4D53-A36C-8E866417BD8C): 0
LogDevObjectVersion:   Dev-Core (375EC13C-06E4-48FB-B500-84F0262A717E): 1
LogDevObjectVersion:   Dev-Editor (E4B068ED-F494-42E9-A231-DA0B2E46BB41): 2
LogDevObjectVersion:   Dev-Framework (CFFC743F-43B0-4480-9391-14DF171D2073): 6
LogDevObjectVersion:   Dev-Mobile (B02B49B5-BB20-44E9-A304-32B752E40360): 0
LogDevObjectVersion:   Dev-Networking (A4E4105C-59A1-49B5-A7C5-40C4547EDFEE): 0
LogDevObjectVersion:   Dev-Online (39C831C9-5AE6-47DC-9A44-9C173E1C8E7C): 0
LogDevObjectVersion:   Dev-Physics (78F01B33-EBEA-4F98-B9B4-84EACCB95AA2): 0
LogDevObjectVersion:   Dev-Platform (6631380F-2D4D-43E0-8009-CF276956A95A): 0
LogDevObjectVersion:   Dev-Rendering (12F88B9F-8875-4AFC-A67C-D90C383ABD29): 2
LogDevObjectVersion:   Dev-Sequencer (7B5AE74C-D270-4C10-A958-57980B212A5A): 0
LogDevObjectVersion:   Dev-VR (D7296918-1DD6-4BDD-9DE2-64A83CC13884): 0
LogInit: Compiled (64-bit): Jun 27 2016 09:29:04
LogInit: Compiled with Visual C++: 19.00.23026.00
LogInit: Build Configuration: Development
LogInit: Branch Name: ++UE4+Release-4.12
LogInit: Command line:  
LogInit: Base directory: C:/Program Files (x86)/Epic Games/4.12/Engine/Binaries/Win64/
LogInit: Installed Engine Build: 1
LogInit: Using libcurl 7.41.0
LogInit:  - built for x86_64-pc-win32
LogInit:  - supports SSL with WinSSL
LogInit:  - other features:
LogInit:      CURL_VERSION_SSL
LogInit:      CURL_VERSION_IPV6
LogInit:      CURL_VERSION_ASYNCHDNS
LogInit:      CURL_VERSION_LARGEFILE
LogInit:      CURL_VERSION_IDN
LogInit:  CurlRequestOptions (configurable via config and command line):
LogInit:  - bVerifyPeer = true  - Libcurl will verify peer certificate
LogInit:  - bUseHttpProxy = false  - Libcurl will NOT use HTTP proxy
LogInit:  - bDontReuseConnections = false  - Libcurl will reuse connections
LogInit:  - CertBundlePath = nullptr  - Libcurl will use whatever was configured at build time.
LogInit: Presizing for max 8388607 objects, including 0 objects not considered by GC, pre-allocating 0 bytes for permanent pool.
LogInit: Object subsystem initialized
[2016.07.03-12.32.49:259][  0]LogInit: Selected Device Profile: [Windows]
[2016.07.03-12.32.49:259][  0]LogInit: Applying CVar settings loaded from the selected device profile: [Windows]
[2016.07.03-12.32.49:268][  0]LogInit: Computer: MIYAZEMI-01
[2016.07.03-12.32.49:268][  0]LogInit: User: game
[2016.07.03-12.32.49:268][  0]LogInit: CPU Page size=65536, Cores=4
[2016.07.03-12.32.49:268][  0]LogInit: High frequency timer resolution =3.355287 MHz
[2016.07.03-12.32.49:268][  0]LogMemory: Memory total: Physical=16.0GB (16GB approx)
[2016.07.03-12.32.49:268][  0]LogMemory: Platform Memory Stats for Windows
[2016.07.03-12.32.49:268][  0]LogMemory: Process Physical Memory: 190.06 MB used, 190.06 MB peak
[2016.07.03-12.32.49:268][  0]LogMemory: Process Virtual Memory: 195.14 MB used, 195.14 MB peak
[2016.07.03-12.32.49:268][  0]LogMemory: Physical Memory: 6213.93 MB used, 16365.14 MB total
[2016.07.03-12.32.49:268][  0]LogMemory: Virtual Memory: 553.91 MB used, 134217728.00 MB total
[2016.07.03-12.32.49:294][  0]LogTextLocalizationManager: No specific translations for ('ja-JP') exist, so ('ja') translations will be used.
[2016.07.03-12.32.49:363][  0]LogTextLocalizationManager:Warning: Loaded localization resources contain conflicting entries for (Namespace:K2Node, Key:false):
Localization Resource: (C:/Program Files (x86)/Epic Games/4.12/Engine/Content/Localization/EditorTutorials/ja/EditorTutorials.locres) Source String Hash: (816077464) Localized String: (偽)
Localization Resource: (C:/Program Files (x86)/Epic Games/4.12/Engine/Content/Localization/Engine/ja/Engine.locres) Source String Hash: (816077464) Localized String: (false)
[2016.07.03-12.32.49:363][  0]LogTextLocalizationManager:Warning: Loaded localization resources contain conflicting entries for (Namespace:K2Node, Key:true):
Localization Resource: (C:/Program Files (x86)/Epic Games/4.12/Engine/Content/Localization/EditorTutorials/ja/EditorTutorials.locres) Source String Hash: (-942328987) Localized String: (真)
Localization Resource: (C:/Program Files (x86)/Epic Games/4.12/Engine/Content/Localization/Engine/ja/Engine.locres) Source String Hash: (-942328987) Localized String: (true)
[2016.07.03-12.32.49:363][  0]LogTextLocalizationManager:Warning: Loaded localization resources contain conflicting entries for (Namespace:UObjectToolTips, Key:AnimNode_BlendSpacePlayer:bLoop):
Localization Resource: (C:/Program Files (x86)/Epic Games/4.12/Engine/Content/Localization/EditorTutorials/ja/EditorTutorials.locres) Source String Hash: (2133979316) Localized String: (再生が最後まで終わった後、ロープ再生するようにしますか？)
Localization Resource: (C:/Program Files (x86)/Epic Games/4.12/Engine/Content/Localization/ToolTips/ja/ToolTips.locres) Source String Hash: (2133979316) Localized String: (ループが最後まで到達した時に、アニメーションのループを継続するべきか？)
[2016.07.03-12.32.49:363][  0]LogTextLocalizationManager:Warning: Loaded localization resources contain conflicting entries for (Namespace:UObjectToolTips, Key:AnimNode_BlendSpacePlayer:X):
Localization Resource: (C:/Program Files (x86)/Epic Games/4.12/Engine/Content/Localization/EditorTutorials/ja/EditorTutorials.locres) Source String Hash: (2060772590) Localized String: (ブレンドスペースで値を取得するX座標)
Localization Resource: (C:/Program Files (x86)/Epic Games/4.12/Engine/Content/Localization/ToolTips/ja/ToolTips.locres) Source String Hash: (2060772590) Localized String: (ブレンドスペースでサンプリングするX座標)
[2016.07.03-12.32.49:363][  0]LogTextLocalizationManager:Warning: Loaded localization resources contain conflicting entries for (Namespace:UObjectToolTips, Key:AnimNode_BlendSpacePlayer:Y):
Localization Resource: (C:/Program Files (x86)/Epic Games/4.12/Engine/Content/Localization/EditorTutorials/ja/EditorTutorials.locres) Source String Hash: (-1719607538) Localized String: (ブレンドスペースで値を取得するY座標)
Localization Resource: (C:/Program Files (x86)/Epic Games/4.12/Engine/Content/Localization/ToolTips/ja/ToolTips.locres) Source String Hash: (-1719607538) Localized String: (ブレンドスペースでサンプリングするY座標)
[2016.07.03-12.32.49:363][  0]LogTextLocalizationManager:Warning: Loaded localization resources contain conflicting entries for (Namespace:UObjectToolTips, Key:AnimNode_BlendSpacePlayer:Z):
Localization Resource: (C:/Program Files (x86)/Epic Games/4.12/Engine/Content/Localization/EditorTutorials/ja/EditorTutorials.locres) Source String Hash: (1728943471) Localized String: (ブレンドスペースで値を取得するZ座標)
Localization Resource: (C:/Program Files (x86)/Epic Games/4.12/Engine/Content/Localization/ToolTips/ja/ToolTips.locres) Source String Hash: (1728943471) Localized String: (ブレンドスペースでサンプリングするZ座標)
[2016.07.03-12.32.49:363][  0]LogTextLocalizationManager:Warning: Loaded localization resources contain conflicting entries for (Namespace:UObjectToolTips, Key:AnimNode_BlendSpacePlayer:BlendSpace):
Localization Resource: (C:/Program Files (x86)/Epic Games/4.12/Engine/Content/Localization/EditorTutorials/ja/EditorTutorials.locres) Source String Hash: (1599043277) Localized String: (再生するブレンドスペースのアセット)
Localization Resource: (C:/Program Files (x86)/Epic Games/4.12/Engine/Content/Localization/ToolTips/ja/ToolTips.locres) Source String Hash: (1599043277) Localized String: (再生するブレンド空間アセット)
[2016.07.03-12.32.49:363][  0]LogTextLocalizationManager:Warning: Loaded localization resources contain conflicting entries for (Namespace:UObjectToolTips, Key:AnimNode_StateMachine:MaxTransitionsPerFrame):
Localization Resource: (C:/Program Files (x86)/Epic Games/4.12/Engine/Content/Localization/EditorTutorials/ja/EditorTutorials.locres) Source String Hash: (1567650430) Localized String: (このマシーンで1フレームあたりに同時に処理できるトランジションの最大数)
Localization Resource: (C:/Program Files (x86)/Epic Games/4.12/Engine/Content/Localization/ToolTips/ja/ToolTips.locres) Source String Hash: (1567650430) Localized String: (単一フレームでマシーンが「同時」に受け取れる遷移の最大数)
[2016.07.03-12.32.49:363][  0]LogTextLocalizationManager:Warning: Loaded localization resources contain conflicting entries for (Namespace:UObjectToolTips, Key:AnimNode_BlendSpacePlayer:PlayRate):
Localization Resource: (C:/Program Files (x86)/Epic Games/4.12/Engine/Content/Localization/EditorTutorials/ja/EditorTutorials.locres) Source String Hash: (-1274923958) Localized String: (再生速度の倍率です。負の数値も使う事ができます。その場合逆再生になります。)
Localization Resource: (C:/Program Files (x86)/Epic Games/4.12/Engine/Content/Localization/ToolTips/ja/ToolTips.locres) Source String Hash: (-1274923958) Localized String: (再生レート乗数。アニメーションを逆再生する負の値にすることができます。)
[2016.07.03-12.32.49:460][  0]LogD3D11RHI: D3D11 adapters:
[2016.07.03-12.32.49:478][  0]LogD3D11RHI:    0. 'NVIDIA GeForce GTX 970' (Feature Level 11_0)
[2016.07.03-12.32.49:478][  0]LogD3D11RHI:       4007/0/8182 MB DedicatedVideo/DedicatedSystem/SharedSystem, Outputs:1, VendorId:0x10de
[2016.07.03-12.32.49:479][  0]LogD3D11RHI:    1. 'Microsoft Basic Render Driver' (Feature Level 11_0)
[2016.07.03-12.32.49:479][  0]LogD3D11RHI:       0/0/8182 MB DedicatedVideo/DedicatedSystem/SharedSystem, Outputs:0, VendorId:0x1414
[2016.07.03-12.32.49:479][  0]LogD3D11RHI: Chosen D3D11 Adapter: 0
[2016.07.03-12.32.49:482][  0]LogD3D11RHI: Creating new Direct3DDevice
[2016.07.03-12.32.49:482][  0]LogD3D11RHI:     GPU DeviceId: 0x13c2 (for the marketing name, search the web for "GPU Device Id")
[2016.07.03-12.32.49:482][  0]LogWindows: EnumDisplayDevices:
[2016.07.03-12.32.49:482][  0]LogWindows:    0. 'NVIDIA GeForce GTX 970' (P:1 D:1)
[2016.07.03-12.32.49:482][  0]LogWindows:    1. 'NVIDIA GeForce GTX 970' (P:0 D:0)
[2016.07.03-12.32.49:482][  0]LogWindows:    2. 'NVIDIA GeForce GTX 970' (P:0 D:0)
[2016.07.03-12.32.49:482][  0]LogWindows:    3. 'NVIDIA GeForce GTX 970' (P:0 D:0)
[2016.07.03-12.32.49:483][  0]LogWindows: DebugString: FoundDriverCount:4 
[2016.07.03-12.32.49:483][  0]LogD3D11RHI:     Adapter Name: NVIDIA GeForce GTX 970
[2016.07.03-12.32.49:483][  0]LogD3D11RHI:   Driver Version: 365.10 (internal:10.18.13.6510, unified:365.10)
[2016.07.03-12.32.49:483][  0]LogD3D11RHI:      Driver Date: 4-27-2016
[2016.07.03-12.32.49:483][  0]LogRHI: Texture pool is 1361 MB (70% of 1945 MB)
[2016.07.03-12.32.49:493][  0]LogD3D11RHI: Async texture creation enabled
[2016.07.03-12.32.49:502][  0]LogD3D11RHI: GPU Timing Frequency: 1000.000000 (Debug: 2 1)
[2016.07.03-12.32.49:502][  0]LogShaderCompilers: Guid format shader working directory is -18 characters bigger than the processId version (../../../../../../Users/game/Documents/steamrumb/steamrumb 4.12/Intermediate/Shaders/WorkingDirectory/8412/).
[2016.07.03-12.32.49:502][  0]LogShaderCompilers: Cleaned the shader compiler working directory 'C:/Users/game/AppData/Local/Temp/UnrealShaderWorkingDir/3ADFB67348DDDBCBE8F65AA5104A809F/'.
[2016.07.03-12.32.49:502][  0]LogShaderCompilers:Display: Using Local Shader Compiler.
[2016.07.03-12.32.50:327][  0]LogTemp:Display: Loaded TP AllDesktopTargetPlatform
[2016.07.03-12.32.50:334][  0]LogTemp:Display: Loaded TP WindowsClientTargetPlatform
[2016.07.03-12.32.50:342][  0]LogTemp:Display: Loaded TP WindowsNoEditorTargetPlatform
[2016.07.03-12.32.50:349][  0]LogTemp:Display: Loaded TP WindowsServerTargetPlatform
[2016.07.03-12.32.50:357][  0]LogTemp:Display: Loaded TP WindowsTargetPlatform
[2016.07.03-12.32.50:363][  0]LogTemp:Display: Loaded TP AndroidTargetPlatform
[2016.07.03-12.32.50:369][  0]LogTemp:Display: Loaded TP Android_ASTCTargetPlatform
[2016.07.03-12.32.50:375][  0]LogTemp:Display: Loaded TP Android_ATCTargetPlatform
[2016.07.03-12.32.50:382][  0]LogTemp:Display: Loaded TP Android_DXTTargetPlatform
[2016.07.03-12.32.50:387][  0]LogTemp:Display: Loaded TP Android_ETC1TargetPlatform
[2016.07.03-12.32.50:394][  0]LogTemp:Display: Loaded TP Android_ETC2TargetPlatform
[2016.07.03-12.32.50:406][  0]LogTemp:Display: Loaded TP Android_MultiTargetPlatform
[2016.07.03-12.32.50:406][  0]LogTemp:Display: Loaded TP Android_PVRTCTargetPlatform
[2016.07.03-12.32.50:407][  0]LogTemp:Display: Loaded TP HTML5TargetPlatform
[2016.07.03-12.32.50:426][  0]LogTemp:Display: Loaded TP IOSTargetPlatform
[2016.07.03-12.32.50:432][  0]LogTemp:Display: Loaded TP TVOSTargetPlatform
[2016.07.03-12.32.50:438][  0]LogTemp:Display: Loaded TP LinuxNoEditorTargetPlatform
[2016.07.03-12.32.50:444][  0]LogTemp:Display: Loaded TP LinuxServerTargetPlatform
[2016.07.03-12.32.50:451][  0]LogTemp:Display: Loaded TP LinuxTargetPlatform
[2016.07.03-12.32.50:451][  0]LogTargetPlatformManager:Display: Building Assets For Windows
[2016.07.03-12.32.50:508][  0]LogDerivedDataCache:Display: Max Cache Size: 512 MB
[2016.07.03-12.32.50:550][  0]LogDerivedDataCache: Loaded boot cache 0.04s 49MB C:/Users/game/AppData/Local/UnrealEngine/4.12/DerivedDataCache/Boot.ddc.
[2016.07.03-12.32.50:550][  0]LogDerivedDataCache:Display: Loaded Boot cache: C:/Users/game/AppData/Local/UnrealEngine/4.12/DerivedDataCache/Boot.ddc
[2016.07.03-12.32.50:550][  0]LogDerivedDataCache: FDerivedDataBackendGraph:  Pak pak cache file ../../../../../../Users/game/Documents/steamrumb/steamrumb 4.12/DerivedDataCache/DDC.ddp not found, will not use a pak cache.
[2016.07.03-12.32.50:550][  0]LogDerivedDataCache: Unable to find inner node Pak for hierarchical cache Hierarchy.
[2016.07.03-12.32.50:550][  0]LogDerivedDataCache: FDerivedDataBackendGraph:  CompressedPak pak cache file ../../../../../../Users/game/Documents/steamrumb/steamrumb 4.12/DerivedDataCache/Compressed.ddp not found, will not use a pak cache.
[2016.07.03-12.32.50:550][  0]LogDerivedDataCache: Unable to find inner node CompressedPak for hierarchical cache Hierarchy.
[2016.07.03-12.32.50:564][  0]LogDerivedDataCache:Display: Pak cache opened for reading ../../../Engine/DerivedDataCache/Compressed.ddp.
[2016.07.03-12.32.50:576][  0]LogDerivedDataCache: Using Local data cache path C:/Users/game/AppData/Local/UnrealEngine/Common/DerivedDataCache: Writable
[2016.07.03-12.32.50:733][  0]LogInit: Selected Device Profile: [Windows]
[2016.07.03-12.32.50:734][  0]LogContentStreaming: Texture pool size is 0.00 MB
[2016.07.03-12.32.50:865][  0]LogMeshUtilities: No automatic mesh reduction module available
[2016.07.03-12.32.50:865][  0]LogMeshUtilities: No automatic mesh merging module available
[2016.07.03-12.32.50:865][  0]LogMeshUtilities: No distributed automatic mesh merging module available
[2016.07.03-12.32.51:062][  0]LogAssetRegistry: FAssetRegistry took 0.0212 seconds to start up
[2016.07.03-12.32.51:087][  0]LogPackageLocalizationCache: Processed 3 localized package path(s) for 2 prioritized culture(s) in 0.023071 seconds
[2016.07.03-12.32.51:091][  0]LogUObjectArray: 28739 objects as part of root set at end of initial load.
[2016.07.03-12.32.51:091][  0]LogUObjectAllocator: 5855632 out of 0 bytes used by permanent object pool.
[2016.07.03-12.32.51:091][  0]LogUObjectArray: CloseDisregardForGC: 0/0 objects in disregard for GC pool
[2016.07.03-12.32.51:096][  0]LogInit: WinSock: version 1.1 (2.2), MaxSocks=32767, MaxUdp=65467
[2016.07.03-12.32.51:234][  0]LogSlate: SlateFontCache - WITH_FREETYPE: 1, WITH_HARFBUZZ: 1
[2016.07.03-12.32.51:234][  0]LogSlate: SlateFontCache - WITH_FREETYPE: 1, WITH_HARFBUZZ: 1
[2016.07.03-12.32.51:767][  0]LogUdpMessaging: Initializing bridge on interface 0.0.0.0:0 to multicast group 230.0.0.1:6666.
[2016.07.03-12.32.51:944][  0]SourceControl: 情報 ソースコントロールは無効です
[2016.07.03-12.32.51:967][  0]SourceControl: 情報 ソースコントロールは無効です
[2016.07.03-12.32.51:974][  0]SourceControl: 情報 ソースコントロールは無効です
[2016.07.03-12.32.51:981][  0]SourceControl: 情報 ソースコントロールは無効です
[2016.07.03-12.32.52:152][  0]LogEngine: Initializing Engine...
[2016.07.03-12.32.54:409][  0]LogHMD: SteamVR initialized.  Driver: lighthouse  Display: LHR-8F83D948
[2016.07.03-12.32.54:421][  0]LogHMD: SteamVR initialized.  Driver: lighthouse  Display: LHR-8F83D948
[2016.07.03-12.32.54:534][  0]LogAIModule: Creating AISystem for world NewWorld
[2016.07.03-12.32.54:542][  0]LogInit: XAudio2 using 'スピーカー (3- USB Audio Device)' : 2 channels at 44.1 kHz using 16 bits per sample (channel mask 0x3)
[2016.07.03-12.32.54:550][  0]LogInit: FAudioDevice initialized.
[2016.07.03-12.32.54:569][  0]LogDerivedDataCache: Saved boot cache 0.02s 48MB C:/Users/game/AppData/Local/UnrealEngine/4.12/DerivedDataCache/Boot.ddc.
[2016.07.03-12.32.54:578][  0]LogInit: Texture streaming: Enabled
[2016.07.03-12.32.54:599][  0]LogInit: Transaction tracking system initialized
[2016.07.03-12.32.54:616][  0]BlueprintLog: New page: エディタの読み込み
[2016.07.03-12.32.54:668][  0]LocalizationService: 情報 ローカライズのサービスが無効になりました
[2016.07.03-12.32.54:719][  0]LogConsoleResponse:Display: 
[2016.07.03-12.32.54:818][  0]LogCook:Display: Max memory allowance for cook 8192mb
[2016.07.03-12.32.54:818][  0]LogCook:Display: Mobile HDR setting 1
[2016.07.03-12.32.54:895][  0]LogFileCache: Scanning file cache for directory 'C:/Users/game/Documents/steamrumb/steamrumb 4.12/Content/' took 0.01s
[2016.07.03-12.32.54:895][  0]SourceControl: 情報 ソースコントロールは無効です
[2016.07.03-12.32.54:930][  0]LogWindowsTextInputMethodSystem:Display: IME system now activated using TSF (Microsoft IME).
[2016.07.03-12.32.59:897][  0]LogWindowsTextInputMethodSystem:Display: IME system now activated using TSF (Microsoft IME).
[2016.07.03-12.32.59:902][  0]LogWindowsTextInputMethodSystem:Display: IME system now activated using TSF (Microsoft IME).
[2016.07.03-12.32.59:903][  0]Cmd: MAP LOAD FILE="../../../../../../Users/game/Documents/steamrumb/steamrumb 4.12/Content/ThirdPersonBP/Maps/ThirdPersonExampleMap.umap" TEMPLATE=0 SHOWPROGRESS=1 FEATURELEVEL=3
[2016.07.03-12.32.59:904][  0]LightingResults: New page: ライティングのビルド
[2016.07.03-12.32.59:907][  0]MapCheck: New page: マップをチェック
[2016.07.03-12.32.59:907][  0]LightingResults: New page: <何も選択されていません>
[2016.07.03-12.33.00:287][  0]LogTexture:Display: テクスチャをビルド中: HQ_Lightmap2_1 (AutoDXT)
[2016.07.03-12.33.00:453][  0]LogTexture:Display: テクスチャをビルド中: HQ_Lightmap2_2 (AutoDXT)
[2016.07.03-12.33.00:549][  0]LogTexture:Display: テクスチャをビルド中: HQ_Lightmap2_3 (AutoDXT)
[2016.07.03-12.33.00:575][  0]LogTexture:Display: テクスチャをビルド中: HQ_Lightmap2_4 (AutoDXT)
[2016.07.03-12.33.00:603][  0]LogTexture:Display: テクスチャをビルド中: HQ_Lightmap2_5 (AutoDXT)
[2016.07.03-12.33.00:625][  0]LogTexture:Display: テクスチャをビルド中: HQ_Lightmap2_6 (AutoDXT)
[2016.07.03-12.33.00:636][  0]LogTexture:Display: テクスチャをビルド中: LQ_Lightmap_0_1 (DXT1)
[2016.07.03-12.33.00:711][  0]LogTexture:Display: テクスチャをビルド中: LQ_Lightmap_0_2 (DXT1)
[2016.07.03-12.33.00:761][  0]LogTexture:Display: テクスチャをビルド中: LQ_Lightmap_0_3 (DXT1)
[2016.07.03-12.33.00:776][  0]LogTexture:Display: テクスチャをビルド中: LQ_Lightmap_0_4 (DXT1)
[2016.07.03-12.33.00:788][  0]LogTexture:Display: テクスチャをビルド中: LQ_Lightmap_0_5 (DXT1)
[2016.07.03-12.33.00:800][  0]LogTexture:Display: テクスチャをビルド中: LQ_Lightmap_0_6 (DXT1)
[2016.07.03-12.33.00:811][  0]LogTexture:Display: テクスチャをビルド中: SkyOcclusion0_1 (AutoDXT)
[2016.07.03-12.33.00:894][  0]LogTexture:Display: テクスチャをビルド中: SkyOcclusion0_2 (AutoDXT)
[2016.07.03-12.33.00:936][  0]LogTexture:Display: テクスチャをビルド中: SkyOcclusion0_3 (AutoDXT)
[2016.07.03-12.33.00:953][  0]LogTexture:Display: テクスチャをビルド中: SkyOcclusion0_4 (AutoDXT)
[2016.07.03-12.33.00:966][  0]LogTexture:Display: テクスチャをビルド中: SkyOcclusion0_5 (AutoDXT)
[2016.07.03-12.33.00:980][  0]LogTexture:Display: テクスチャをビルド中: SkyOcclusion0_6 (AutoDXT)
[2016.07.03-12.33.01:039][  0]LogAIModule: Creating AISystem for world ThirdPersonExampleMap
[2016.07.03-12.33.01:047][  0]LogEditorServer: Finished looking for orphan Actors (0.000 secs)
[2016.07.03-12.33.01:047][  0]Cmd: MAP CHECKDEP NOCLEARLOG
[2016.07.03-12.33.01:085][  0]MapCheck: 情報 マップチェックが完了: 0 エラー、 0 警告、完了に 38.762ミリ秒かかりました。
[2016.07.03-12.33.01:085][  0]LogFileHelpers: Loading map 'ThirdPersonExampleMap' took 1.183
[2016.07.03-12.33.01:204][  0]LogStats:Warning: MetaData mismatch. Did you assign a stat to two groups? New //STATGROUP_Threads//SplashScreenThread///Thread_1084_0///####STATCAT_Advanced#### old //STATGROUP_Threads//SplashScreenThread///Thread_1364_0///####STATCAT_Advanced####
[2016.07.03-12.33.01:204][  0]LogCollectionManager: Loaded 0 collections in 0.001306 seconds
[2016.07.03-12.33.01:243][  0]LogFileCache: Scanning file cache for directory 'C:/Users/game/Documents/steamrumb/steamrumb 4.12/Saved/Collections/' took 0.01s
[2016.07.03-12.33.01:243][  0]LogFileCache: Scanning file cache for directory 'C:/Users/game/Documents/steamrumb/steamrumb 4.12/Content/Developers/game/Collections/' took 0.01s
[2016.07.03-12.33.01:243][  0]LogFileCache: Scanning file cache for directory 'C:/Users/game/Documents/steamrumb/steamrumb 4.12/Content/Collections/' took 0.01s
[2016.07.03-12.33.01:243][  0]LogCollectionManager: Rebuilt the GUID cache for 0 collections in 0.000003 seconds
[2016.07.03-12.33.01:249][  0]LogContentBrowser: Native class hierarchy populated in 0.0066 seconds. Added 2047 classes and 369 folders.
[2016.07.03-12.33.01:253][  0]LogStats: UGameplayTagsManager::ConstructGameplayTagTree: Construct from data asset -  0.000 s
[2016.07.03-12.33.01:253][  0]LogStats: UGameplayTagsManager::ConstructGameplayTagTree: GameplayTagTreeChangedEvent.Broadcast -  0.000 s
[2016.07.03-12.33.01:253][  0]LogContentBrowser: Native class hierarchy updated for 'GameplayTags' in 0.0003 seconds. Added 12 classes and 0 folders.
[2016.07.03-12.33.01:257][  0]LogContentBrowser: Native class hierarchy updated for 'WidgetCarousel' in 0.0003 seconds. Added 0 classes and 0 folders.
[2016.07.03-12.33.01:291][  0]LogContentBrowser: Native class hierarchy updated for 'AddContentDialog' in 0.0003 seconds. Added 0 classes and 0 folders.
[2016.07.03-12.33.01:294][  0]LogContentBrowser: Native class hierarchy updated for 'SceneOutliner' in 0.0003 seconds. Added 1 classes and 2 folders.
[2016.07.03-12.33.01:372][  0]LogCrashTracker: Crashtracker disabled due to settings.
[2016.07.03-12.33.01:377][  0]LogUObjectGlobals:Warning: オブジェクト 'Class なし.' が見つかりませんでした
[2016.07.03-12.33.01:401][  0]LogContentBrowser: Native class hierarchy updated for 'HierarchicalLODOutliner' in 0.0003 seconds. Added 1 classes and 2 folders.
[2016.07.03-12.33.01:402][  0]LogLoad: Full Startup: 12.78 seconds (BP compile: 0.09 seconds)
[2016.07.03-12.33.01:402][  0]LogExternalProfiler: Found external profiler: VSPerf
[2016.07.03-12.33.01:402][  0]LogExternalProfiler: Using external profiler: VSPerf
[2016.07.03-12.33.01:413][  0]LogOcInput: OculusInput pre-init called
[2016.07.03-12.33.01:431][  0]LogContentStreaming: Texture pool size now 1000 MB
[2016.07.03-12.33.01:572][  0]LogRenderer: Reallocating scene render targets to support 1208x576 (Frame:2).
[2016.07.03-12.33.01:635][  1]LogAssetRegistry: Asset discovery search completed in 10.5947 seconds
[2016.07.03-12.33.01:635][  1]LogCollectionManager: Rebuilt the object cache for 0 collections in 0.000001 seconds (found 0 objects)
[2016.07.03-12.33.01:635][  1]LogCollectionManager: Fixed up redirectors for 0 collections in 0.000020 seconds (updated 0 objects)
[2016.07.03-12.33.03:076][155]LogWindowsTextInputMethodSystem:Display: IME system now activated using TSF (Microsoft IME).
[2016.07.03-12.33.03:773][156]Cmd: QUIT_EDITOR
[2016.07.03-12.33.03:826][156]LogExit: Preparing to exit.
[2016.07.03-12.33.04:903][156]LogExit: Editor shut down
[2016.07.03-12.33.04:903][156]LogExit: Transaction tracking system shut down
[2016.07.03-12.33.05:013][156]LogObj: Freed 0b from 0 cluster array pools.
[2016.07.03-12.33.05:013][156]LogExit: Object subsystem successfully closed.
[2016.07.03-12.33.05:026][156]LogD3D11RHI: Shutdown
[2016.07.03-12.33.05:026][156]LogD3D11RHI: CleanupD3DDevice
[2016.07.03-12.33.05:078][156]LogD3D11RHI: ~FD3D11DynamicRHI
[2016.07.03-12.33.05:089][156]LogModuleManager: Shutting down and abandoning module HierarchicalLODOutliner (213)
[2016.07.03-12.33.05:089][156]LogModuleManager: Shutting down and abandoning module CrashTracker (212)
[2016.07.03-12.33.05:089][156]LogModuleManager: Shutting down and abandoning module SceneOutliner (211)
[2016.07.03-12.33.05:090][156]LogModuleManager: Shutting down and abandoning module WidgetCarousel (210)
[2016.07.03-12.33.05:090][156]LogModuleManager: Shutting down and abandoning module AddContentDialog (209)
[2016.07.03-12.33.05:090][156]LogModuleManager: Shutting down and abandoning module GameplayTags (208)
[2016.07.03-12.33.05:090][156]LogModuleManager: Shutting down and abandoning module EditorWidgets (207)
[2016.07.03-12.33.05:090][156]LogModuleManager: Shutting down and abandoning module CollectionManager (206)
[2016.07.03-12.33.05:090][156]LogModuleManager: Shutting down and abandoning module StatsViewer (205)
[2016.07.03-12.33.05:090][156]LogModuleManager: Shutting down and abandoning module FoliageEdit (204)
[2016.07.03-12.33.05:090][156]LogModuleManager: Shutting down and abandoning module LandscapeEditor (203)
[2016.07.03-12.33.05:091][156]LogModuleManager: Shutting down and abandoning module SceneDepthPickerMode (202)
[2016.07.03-12.33.05:091][156]LogModuleManager: Shutting down and abandoning module ActorPickerMode (201)
[2016.07.03-12.33.05:091][156]LogModuleManager: Shutting down and abandoning module GeometryMode (200)
[2016.07.03-12.33.05:091][156]LogModuleManager: Shutting down and abandoning module TextureAlignMode (199)
[2016.07.03-12.33.05:091][156]LogModuleManager: Shutting down and abandoning module BspMode (198)
[2016.07.03-12.33.05:091][156]LogModuleManager: Shutting down and abandoning module HardwareSurvey (197)
[2016.07.03-12.33.05:091][156]LogModuleManager: Shutting down and abandoning module SequenceRecorderSections (196)
[2016.07.03-12.33.05:091][156]LogModuleManager: Shutting down and abandoning module SequenceRecorder (195)
[2016.07.03-12.33.05:091][156]LogModuleManager: Shutting down and abandoning module AutomationWorker (194)
[2016.07.03-12.33.05:091][156]LogModuleManager: Shutting down and abandoning module MatineeToLevelSequence (193)
[2016.07.03-12.33.05:091][156]LogModuleManager: Shutting down and abandoning module PlacementMode (192)
[2016.07.03-12.33.05:091][156]LogModuleManager: Shutting down and abandoning module LevelSequenceEditor (191)
[2016.07.03-12.33.05:091][156]LogModuleManager: Shutting down and abandoning module CharacterAI (190)
[2016.07.03-12.33.05:091][156]LogModuleManager: Shutting down and abandoning module SmartSnapping (189)
[2016.07.03-12.33.05:091][156]LogModuleManager: Shutting down and abandoning module SessionServices (188)
[2016.07.03-12.33.05:091][156]LogModuleManager: Shutting down and abandoning module ViewportSnapping (187)
[2016.07.03-12.33.05:091][156]LogModuleManager: Shutting down and abandoning module LogVisualizer (186)
[2016.07.03-12.33.05:091][156]LogModuleManager: Shutting down and abandoning module GameProjectGeneration (185)
[2016.07.03-12.33.05:091][156]LogModuleManager: Shutting down and abandoning module IntroTutorials (184)
[2016.07.03-12.33.05:091][156]LogModuleManager: Shutting down and abandoning module EditorLiveStreaming (183)
[2016.07.03-12.33.05:091][156]LogModuleManager: Shutting down and abandoning module IOSPlatformEditor (182)
[2016.07.03-12.33.05:091][156]LogModuleManager: Shutting down and abandoning module HTML5PlatformEditor (181)
[2016.07.03-12.33.05:091][156]LogModuleManager: Shutting down and abandoning module AndroidDeviceDetection (180)
[2016.07.03-12.33.05:698][156]LogModuleManager: Shutting down and abandoning module AndroidPlatformEditor (179)
[2016.07.03-12.33.05:698][156]LogModuleManager: Shutting down and abandoning module IOSRuntimeSettings (178)
[2016.07.03-12.33.05:698][156]LogModuleManager: Shutting down and abandoning module AndroidRuntimeSettings (177)
[2016.07.03-12.33.05:698][156]LogModuleManager: Shutting down and abandoning module MergeActors (176)
[2016.07.03-12.33.05:698][156]LogModuleManager: Shutting down and abandoning module SizeMap (175)
[2016.07.03-12.33.05:698][156]LogModuleManager: Shutting down and abandoning module TreeMap (174)
[2016.07.03-12.33.05:699][156]LogModuleManager: Shutting down and abandoning module ReferenceViewer (173)
[2016.07.03-12.33.05:699][156]LogModuleManager: Shutting down and abandoning module LocalizationService (172)
[2016.07.03-12.33.05:699][156]LogModuleManager: Shutting down and abandoning module LocalizationDashboard (171)
[2016.07.03-12.33.05:699][156]LogModuleManager: Shutting down and abandoning module HardwareTargeting (170)
[2016.07.03-12.33.05:699][156]LogModuleManager: Shutting down and abandoning module DeviceProfileEditor (169)
[2016.07.03-12.33.05:699][156]LogModuleManager: Shutting down and abandoning module UndoHistory (168)
[2016.07.03-12.33.05:699][156]LogModuleManager: Shutting down and abandoning module UserFeedback (167)
[2016.07.03-12.33.05:699][156]LogModuleManager: Shutting down and abandoning module XmlParser (166)
[2016.07.03-12.33.05:699][156]LogModuleManager: Shutting down and abandoning module Blutility (165)
[2016.07.03-12.33.05:699][156]LogModuleManager: Shutting down and abandoning module ProjectTargetPlatformEditor (164)
[2016.07.03-12.33.05:699][156]LogModuleManager: Shutting down and abandoning module ProjectSettingsViewer (163)
[2016.07.03-12.33.05:699][156]LogModuleManager: Shutting down and abandoning module InputBindingEditor (162)
[2016.07.03-12.33.05:699][156]LogModuleManager: Shutting down and abandoning module EditorSettingsViewer (161)
[2016.07.03-12.33.05:699][156]LogModuleManager: Shutting down and abandoning module SettingsEditor (160)
[2016.07.03-12.33.05:699][156]LogModuleManager: Shutting down and abandoning module ProjectLauncher (159)
[2016.07.03-12.33.05:699][156]LogModuleManager: Shutting down and abandoning module SessionFrontend (158)
[2016.07.03-12.33.05:699][156]LogModuleManager: Shutting down and abandoning module ProfilerClient (157)
[2016.07.03-12.33.05:699][156]LogModuleManager: Shutting down and abandoning module TargetDeviceServices (156)
[2016.07.03-12.33.05:699][156]LogModuleManager: Shutting down and abandoning module DeviceManager (155)
[2016.07.03-12.33.05:751][156]LogModuleManager: Shutting down and abandoning module AutomationController (154)
[2016.07.03-12.33.05:751][156]LogModuleManager: Shutting down and abandoning module AutomationWindow (153)
[2016.07.03-12.33.05:751][156]LogModuleManager: Shutting down and abandoning module Layers (152)
[2016.07.03-12.33.05:751][156]LogModuleManager: Shutting down and abandoning module ComponentVisualizers (151)
[2016.07.03-12.33.05:751][156]LogModuleManager: Shutting down and abandoning module DetailCustomizations (150)
[2016.07.03-12.33.05:751][156]LogModuleManager: Shutting down and abandoning module PackagesDialog (149)
[2016.07.03-12.33.05:751][156]LogModuleManager: Shutting down and abandoning module Persona (148)
[2016.07.03-12.33.05:751][156]LogModuleManager: Shutting down and abandoning module Kismet (147)
[2016.07.03-12.33.05:751][156]LogModuleManager: Shutting down and abandoning module GraphEditor (146)
[2016.07.03-12.33.05:751][156]LogModuleManager: Shutting down and abandoning module ClassViewer (145)
[2016.07.03-12.33.05:751][156]LogModuleManager: Shutting down and abandoning module Toolbox (144)
[2016.07.03-12.33.05:751][156]LogModuleManager: Shutting down and abandoning module ModuleUI (143)
[2016.07.03-12.33.05:751][156]LogModuleManager: Shutting down and abandoning module MovieSceneTools (142)
[2016.07.03-12.33.05:751][156]LogModuleManager: Shutting down and abandoning module OutputLog (141)
[2016.07.03-12.33.05:751][156]LogModuleManager: Shutting down and abandoning module GammaUI (140)
[2016.07.03-12.33.05:751][156]LogModuleManager: Shutting down and abandoning module Documentation (139)
[2016.07.03-12.33.05:751][156]LogModuleManager: Shutting down and abandoning module StreamingPauseRendering (138)
[2016.07.03-12.33.05:751][156]LogModuleManager: Shutting down and abandoning module AnalyticsET (137)
[2016.07.03-12.33.05:752][156]LogModuleManager: Shutting down and abandoning module Analytics (136)
[2016.07.03-12.33.05:752][156]LogModuleManager: Shutting down and abandoning module PortalServices (135)
[2016.07.03-12.33.05:752][156]LogModuleManager: Shutting down and abandoning module PortalRpc (134)
[2016.07.03-12.33.05:752][156]LogModuleManager: Shutting down and abandoning module MessagingRpc (133)
[2016.07.03-12.33.05:752][156]LogModuleManager: Shutting down and abandoning module GameplayDebugger (132)
[2016.07.03-12.33.05:752][156]LogModuleManager: Shutting down and abandoning module AITestSuite (131)
[2016.07.03-12.33.05:752][156]LogModuleManager: Shutting down and abandoning module AIModule (130)
[2016.07.03-12.33.05:752][156]LogModuleManager: Shutting down and abandoning module ProfilerService (129)
[2016.07.03-12.33.05:875][156]LogModuleManager: Shutting down and abandoning module TaskGraph (128)
[2016.07.03-12.33.05:875][156]LogModuleManager: Shutting down and abandoning module SlateRemote (127)
[2016.07.03-12.33.05:875][156]LogModuleManager: Shutting down and abandoning module SteamVRController (126)
[2016.07.03-12.33.05:875][156]LogModuleManager: Shutting down and abandoning module SteamVR (125)
[2016.07.03-12.33.05:875][156]LogModuleManager: Shutting down and abandoning module ProceduralMeshComponent (124)
[2016.07.03-12.33.05:875][156]LogModuleManager: Shutting down and abandoning module OculusLibrary (123)
[2016.07.03-12.33.05:875][156]LogModuleManager: Shutting down and abandoning module OculusInput (122)
[2016.07.03-12.33.05:875][156]LogModuleManager: Shutting down and abandoning module CustomMeshComponent (121)
[2016.07.03-12.33.05:875][156]LogModuleManager: Shutting down and abandoning module CableComponent (120)
[2016.07.03-12.33.05:875][156]LogModuleManager: Shutting down and abandoning module ArchVisCharacter (119)
[2016.07.03-12.33.05:875][156]LogModuleManager: Shutting down and abandoning module MediaPlayerEditor (118)
[2016.07.03-12.33.05:875][156]LogModuleManager: Shutting down and abandoning module HTML5Networking (117)
[2016.07.03-12.33.05:875][156]LogModuleManager: Shutting down and abandoning module SuperSearch (116)
[2016.07.03-12.33.05:875][156]LogModuleManager: Shutting down and abandoning module SuperSearchEditor (115)
[2016.07.03-12.33.05:875][156]LogModuleManager: Shutting down and abandoning module SpeedTreeImporter (114)
[2016.07.03-12.33.05:875][156]LogModuleManager: Shutting down and abandoning module PluginBrowser (113)
[2016.07.03-12.33.05:875][156]LogModuleManager: Shutting down and abandoning module EpicSurvey (112)
[2016.07.03-12.33.05:875][156]LogModuleManager: Shutting down and abandoning module DesktopPlatform (111)
[2016.07.03-12.33.05:875][156]LogModuleManager: Shutting down and abandoning module VisualStudioSourceCodeAccess (110)
[2016.07.03-12.33.05:875][156]LogModuleManager: Shutting down and abandoning module UObjectPlugin (109)
[2016.07.03-12.33.05:875][156]LogModuleManager: Shutting down and abandoning module SubversionSourceControl (108)
[2016.07.03-12.33.05:875][156]LogModuleManager: Shutting down and abandoning module PerforceSourceControl (107)
[2016.07.03-12.33.05:875][156]LogModuleManager: Shutting down and abandoning module SourceControl (106)
[2016.07.03-12.33.05:875][156]LogModuleManager: Shutting down and abandoning module GitSourceControl (105)
[2016.07.03-12.33.05:875][156]LogModuleManager: Shutting down and abandoning module LightPropagationVolumeEditor (104)
[2016.07.03-12.33.05:875][156]LogModuleManager: Shutting down and abandoning module PaperTiledImporter (103)
[2016.07.03-12.33.05:875][156]LogModuleManager: Shutting down and abandoning module PaperSpriteSheetImporter (102)
[2016.07.03-12.33.05:875][156]LogModuleManager: Shutting down and abandoning module MeshPaint (101)
[2016.07.03-12.33.05:875][156]LogModuleManager: Shutting down and abandoning module PixelInspectorModule (100)
[2016.07.03-12.33.05:875][156]LogModuleManager: Shutting down and abandoning module HotReload (99)
[2016.07.03-12.33.05:876][156]LogModuleManager: Shutting down and abandoning module MainFrame (98)
[2016.07.03-12.33.05:876][156]LogModuleManager: Shutting down and abandoning module LevelEditor (97)
[2016.07.03-12.33.05:876][156]LogModuleManager: Shutting down and abandoning module ContentBrowser (96)
[2016.07.03-12.33.05:877][156]LogModuleManager: Shutting down and abandoning module Paper2DEditor (95)
[2016.07.03-12.33.05:877][156]LogModuleManager: Shutting down and abandoning module UdpMessaging (94)
[2016.07.03-12.33.05:978][156]LogModuleManager: Shutting down and abandoning module LightPropagationVolumeRuntime (93)
[2016.07.03-12.33.05:978][156]LogModuleManager: Shutting down and abandoning module Paper2D (92)
[2016.07.03-12.33.05:978][156]LogModuleManager: Shutting down and abandoning module WindowsMoviePlayer (91)
[2016.07.03-12.33.05:978][156]LogModuleManager: Shutting down and abandoning module Media (90)
[2016.07.03-12.33.05:978][156]LogModuleManager: Shutting down and abandoning module WmfMedia (89)
[2016.07.03-12.33.05:978][156]LogModuleManager: Shutting down and abandoning module MediaAssets (88)
[2016.07.03-12.33.05:978][156]LogModuleManager: Shutting down and abandoning module GameLiveStreaming (87)
[2016.07.03-12.33.05:978][156]LogModuleManager: Shutting down and abandoning module GameplayTagsEditor (86)
[2016.07.03-12.33.05:978][156]LogModuleManager: Shutting down and abandoning module OnlineBlueprintSupport (85)
[2016.07.03-12.33.05:978][156]LogModuleManager: Shutting down and abandoning module VREditor (84)
[2016.07.03-12.33.05:978][156]LogModuleManager: Shutting down and abandoning module GameplayTasksEditor (83)
[2016.07.03-12.33.05:978][156]LogModuleManager: Shutting down and abandoning module PropertyEditor (82)
[2016.07.03-12.33.05:978][156]LogModuleManager: Shutting down and abandoning module BehaviorTreeEditor (81)
[2016.07.03-12.33.05:978][156]LogModuleManager: Shutting down and abandoning module FunctionalTesting (80)
[2016.07.03-12.33.05:978][156]LogModuleManager: Shutting down and abandoning module CollisionAnalyzer (79)
[2016.07.03-12.33.05:978][156]LogModuleManager: Shutting down and abandoning module Sequencer (78)
[2016.07.03-12.33.05:978][156]LogModuleManager: Shutting down and abandoning module WorkspaceMenuStructure (77)
[2016.07.03-12.33.05:978][156]LogModuleManager: Shutting down and abandoning module MessageLog (76)
[2016.07.03-12.33.05:978][156]LogModuleManager: Shutting down and abandoning module AssetTools (75)
[2016.07.03-12.33.05:978][156]LogModuleManager: Shutting down and abandoning module UMGEditor (74)
[2016.07.03-12.33.05:978][156]LogModuleManager: Shutting down and abandoning module UMG (73)
[2016.07.03-12.33.05:978][156]LogModuleManager: Shutting down and abandoning module SlateReflector (72)
[2016.07.03-12.33.05:978][156]LogModuleManager: Shutting down and abandoning module Slate (71)
[2016.07.03-12.33.05:978][156]LogModuleManager: Shutting down and abandoning module EditorStyle (70)
[2016.07.03-12.33.05:980][156]LogModuleManager: Shutting down and abandoning module SourceCodeAccess (69)
[2016.07.03-12.33.05:980][156]LogModuleManager: Shutting down and abandoning module HeadMountedDisplay (68)
[2016.07.03-12.33.05:980][156]LogModuleManager: Shutting down and abandoning module XAudio2 (67)
[2016.07.03-12.33.05:980][156]LogModuleManager: Shutting down and abandoning module Networking (65)
[2016.07.03-12.33.05:980][156]LogModuleManager: Shutting down and abandoning module Core (64)
[2016.07.03-12.33.05:980][156]LogModuleManager: Shutting down and abandoning module DirectoryWatcher (63)
[2016.07.03-12.33.05:981][156]LogModuleManager: Shutting down and abandoning module AssetRegistry (62)
[2016.07.03-12.33.06:075][156]LogModuleManager: Shutting down and abandoning module KismetCompiler (61)
[2016.07.03-12.33.06:075][156]LogModuleManager: Shutting down and abandoning module PhysXFormats (60)
[2016.07.03-12.33.06:075][156]LogModuleManager: Shutting down and abandoning module MeshUtilities (59)
[2016.07.03-12.33.06:075][156]LogModuleManager: Shutting down and abandoning module DerivedDataCache (58)
[2016.07.03-12.33.06:575][156]LogDerivedDataCache: Shutdown
[2016.07.03-12.33.06:575][156]LogModuleManager: Shutting down and abandoning module VulkanShaderFormat (57)
[2016.07.03-12.33.06:575][156]LogModuleManager: Shutting down and abandoning module ShaderFormatOpenGL (56)
[2016.07.03-12.33.06:575][156]LogModuleManager: Shutting down and abandoning module ShaderFormatD3D (55)
[2016.07.03-12.33.06:575][156]LogModuleManager: Shutting down and abandoning module MetalShaderFormat (54)
[2016.07.03-12.33.06:575][156]LogModuleManager: Shutting down and abandoning module TextureFormatUncompressed (53)
[2016.07.03-12.33.06:575][156]LogModuleManager: Shutting down and abandoning module TextureFormatPVR (52)
[2016.07.03-12.33.06:575][156]LogModuleManager: Shutting down and abandoning module TextureFormatIntelISPCTexComp (51)
[2016.07.03-12.33.06:575][156]LogModuleManager: Shutting down and abandoning module TextureFormatDXT (50)
[2016.07.03-12.33.06:575][156]LogModuleManager: Shutting down and abandoning module ImageWrapper (49)
[2016.07.03-12.33.06:575][156]LogModuleManager: Shutting down and abandoning module TextureFormatASTC (48)
[2016.07.03-12.33.06:575][156]LogModuleManager: Shutting down and abandoning module TextureFormatAndroid (47)
[2016.07.03-12.33.06:575][156]LogModuleManager: Shutting down and abandoning module AudioFormatOpus (46)
[2016.07.03-12.33.06:575][156]LogModuleManager: Shutting down and abandoning module AudioFormatOgg (45)
[2016.07.03-12.33.06:575][156]LogModuleManager: Shutting down and abandoning module AudioFormatADPCM (44)
[2016.07.03-12.33.06:575][156]LogModuleManager: Shutting down and abandoning module LinuxTargetPlatform (43)
[2016.07.03-12.33.06:576][156]LogModuleManager: Shutting down and abandoning module LinuxServerTargetPlatform (42)
[2016.07.03-12.33.06:576][156]LogModuleManager: Shutting down and abandoning module LinuxNoEditorTargetPlatform (41)
[2016.07.03-12.33.06:576][156]LogModuleManager: Shutting down and abandoning module TVOSTargetPlatform (40)
[2016.07.03-12.33.06:576][156]LogModuleManager: Shutting down and abandoning module Messaging (39)
[2016.07.03-12.33.06:576][156]LogModuleManager: Shutting down and abandoning module IOSTargetPlatform (38)
[2016.07.03-12.33.06:576][156]LogModuleManager: Shutting down and abandoning module HTML5TargetPlatform (37)
[2016.07.03-12.33.06:576][156]LogModuleManager: Shutting down and abandoning module Android_PVRTCTargetPlatform (36)
[2016.07.03-12.33.06:576][156]LogModuleManager: Shutting down and abandoning module Android_MultiTargetPlatform (35)
[2016.07.03-12.33.06:576][156]LogModuleManager: Shutting down and abandoning module Android_ETC2TargetPlatform (34)
[2016.07.03-12.33.06:576][156]LogModuleManager: Shutting down and abandoning module Android_ETC1TargetPlatform (33)
[2016.07.03-12.33.06:576][156]LogModuleManager: Shutting down and abandoning module Android_DXTTargetPlatform (32)
[2016.07.03-12.33.06:576][156]LogModuleManager: Shutting down and abandoning module Android_ATCTargetPlatform (31)
[2016.07.03-12.33.06:576][156]LogModuleManager: Shutting down and abandoning module Android_ASTCTargetPlatform (30)
[2016.07.03-12.33.06:576][156]LogModuleManager: Shutting down and abandoning module AndroidTargetPlatform (29)
[2016.07.03-12.33.06:576][156]LogModuleManager: Shutting down and abandoning module WindowsTargetPlatform (28)
[2016.07.03-12.33.06:576][156]LogModuleManager: Shutting down and abandoning module WindowsServerTargetPlatform (27)
[2016.07.03-12.33.06:576][156]LogModuleManager: Shutting down and abandoning module WindowsNoEditorTargetPlatform (26)
[2016.07.03-12.33.06:576][156]LogModuleManager: Shutting down and abandoning module WindowsClientTargetPlatform (25)
[2016.07.03-12.33.06:576][156]LogModuleManager: Shutting down and abandoning module AllDesktopTargetPlatform (24)
[2016.07.03-12.33.06:576][156]LogModuleManager: Shutting down and abandoning module TargetPlatform (23)
[2016.07.03-12.33.06:576][156]LogModuleManager: Shutting down and abandoning module InputCore (22)
[2016.07.03-12.33.06:576][156]LogModuleManager: Shutting down and abandoning module Settings (21)
[2016.07.03-12.33.06:576][156]LogModuleManager: Shutting down and abandoning module OnlineSubsystem (19)
[2016.07.03-12.33.06:576][156]LogModuleManager: Shutting down and abandoning module HTTP (18)
[2016.07.03-12.33.10:584][156]LogModuleManager: Shutting down and abandoning module XMPP (17)
[2016.07.03-12.33.10:584][156]LogModuleManager: Shutting down and abandoning module OculusRift (16)
[2016.07.03-12.33.10:584][156]LogModuleManager: Shutting down and abandoning module ExampleDeviceProfileSelector (15)
[2016.07.03-12.33.10:584][156]LogModuleManager: Shutting down and abandoning module TextureCompressor (14)
[2016.07.03-12.33.10:584][156]LogModuleManager: Shutting down and abandoning module ShaderCore (13)
[2016.07.03-12.33.10:584][156]LogModuleManager: Shutting down and abandoning module Landscape (12)
[2016.07.03-12.33.10:584][156]LogModuleManager: Shutting down and abandoning module SlateRHIRenderer (11)
[2016.07.03-12.33.10:586][156]LogModuleManager: Shutting down and abandoning module OpenGLDrv (10)
[2016.07.03-12.33.10:586][156]LogModuleManager: Shutting down and abandoning module D3D11RHI (9)
[2016.07.03-12.33.10:586][156]LogModuleManager: Shutting down and abandoning module AnimGraphRuntime (8)
[2016.07.03-12.33.10:586][156]LogModuleManager: Shutting down and abandoning module Renderer (7)
[2016.07.03-12.33.10:586][156]LogModuleManager: Shutting down and abandoning module Engine (6)
[2016.07.03-12.33.10:586][156]LogModuleManager: Shutting down and abandoning module CoreUObject (5)
[2016.07.03-12.33.10:586][156]LogModuleManager: Shutting down and abandoning module NetworkFile (4)
[2016.07.03-12.33.10:586][156]LogModuleManager: Shutting down and abandoning module StreamingFile (3)
[2016.07.03-12.33.10:586][156]LogModuleManager: Shutting down and abandoning module SandboxFile (2)
[2016.07.03-12.33.10:586][156]LogModuleManager: Shutting down and abandoning module PakFile (1)
[2016.07.03-12.33.10:587][156]LogExit: Exiting.
[2016.07.03-12.33.10:589][156]Log file closed, 07/03/16 21:33:10
