Log file open, 07/16/16 18:55:00
LogInit:Display: Running engine for game: steamrumb
LogPlatformFile: Not using cached read wrapper
LogInit:Display: RandInit(2012254381) SRandInit(2012254382).
LogTaskGraph: Started task graph with 4 named threads and 7 total threads with 1 sets of task threads.
LogStats: Stats thread started at 0.067622
LogInit: Version: 4.12.5-3039270+++UE4+Release-4.12
LogInit: API Version: 2992821
LogInit: Net Version: 3039270
LogDevObjectVersion: Number of dev versions registered: 13
LogDevObjectVersion:   Dev-Blueprints (B0D832E4-1F89-4F0D-ACCF-7EB736FD4AA2): 3
LogDevObjectVersion:   Dev-Build (E1C64328-A22C-4D53-A36C-8E866417BD8C): 0
LogDevObjectVersion:   Dev-Core (375EC13C-06E4-48FB-B500-84F0262A717E): 1
LogDevObjectVersion:   Dev-Editor (E4B068ED-F494-42E9-A231-DA0B2E46BB41): 2
LogDevObjectVersion:   Dev-Framework (CFFC743F-43B0-4480-9391-14DF171D2073): 6
LogDevObjectVersion:   Dev-Mobile (B02B49B5-BB20-44E9-A304-32B752E40360): 0
LogDevObjectVersion:   Dev-Networking (A4E4105C-59A1-49B5-A7C5-40C4547EDFEE): 0
LogDevObjectVersion:   Dev-Online (39C831C9-5AE6-47DC-9A44-9C173E1C8E7C): 0
LogDevObjectVersion:   Dev-Physics (78F01B33-EBEA-4F98-B9B4-84EACCB95AA2): 0
LogDevObjectVersion:   Dev-Platform (6631380F-2D4D-43E0-8009-CF276956A95A): 0
LogDevObjectVersion:   Dev-Rendering (12F88B9F-8875-4AFC-A67C-D90C383ABD29): 2
LogDevObjectVersion:   Dev-Sequencer (7B5AE74C-D270-4C10-A958-57980B212A5A): 0
LogDevObjectVersion:   Dev-VR (D7296918-1DD6-4BDD-9DE2-64A83CC13884): 0
LogInit: Compiled (64-bit): Jul  6 2016 09:09:46
LogInit: Compiled with Visual C++: 19.00.23026.00
LogInit: Build Configuration: Development
LogInit: Branch Name: ++UE4+Release-4.12
LogInit: Command line:  
LogInit: Base directory: C:/Program Files (x86)/Epic Games/4.12/Engine/Binaries/Win64/
LogInit: Installed Engine Build: 1
LogInit: Using libcurl 7.41.0
LogInit:  - built for x86_64-pc-win32
LogInit:  - supports SSL with WinSSL
LogInit:  - other features:
LogInit:      CURL_VERSION_SSL
LogInit:      CURL_VERSION_IPV6
LogInit:      CURL_VERSION_ASYNCHDNS
LogInit:      CURL_VERSION_LARGEFILE
LogInit:      CURL_VERSION_IDN
LogInit:  CurlRequestOptions (configurable via config and command line):
LogInit:  - bVerifyPeer = true  - Libcurl will verify peer certificate
LogInit:  - bUseHttpProxy = false  - Libcurl will NOT use HTTP proxy
LogInit:  - bDontReuseConnections = false  - Libcurl will reuse connections
LogInit:  - CertBundlePath = nullptr  - Libcurl will use whatever was configured at build time.
LogInit: Presizing for max 8388607 objects, including 0 objects not considered by GC, pre-allocating 0 bytes for permanent pool.
LogInit: Object subsystem initialized
[2016.07.16-09.55.00:196][  0]LogInit: Selected Device Profile: [Windows]
[2016.07.16-09.55.00:196][  0]LogInit: Applying CVar settings loaded from the selected device profile: [Windows]
[2016.07.16-09.55.00:206][  0]LogInit: Computer: MIYAZEMI-01
[2016.07.16-09.55.00:206][  0]LogInit: User: game
[2016.07.16-09.55.00:206][  0]LogInit: CPU Page size=65536, Cores=4
[2016.07.16-09.55.00:206][  0]LogInit: High frequency timer resolution =3.355283 MHz
[2016.07.16-09.55.00:206][  0]LogMemory: Memory total: Physical=16.0GB (16GB approx)
[2016.07.16-09.55.00:206][  0]LogMemory: Platform Memory Stats for Windows
[2016.07.16-09.55.00:206][  0]LogMemory: Process Physical Memory: 190.66 MB used, 190.66 MB peak
[2016.07.16-09.55.00:206][  0]LogMemory: Process Virtual Memory: 195.18 MB used, 195.18 MB peak
[2016.07.16-09.55.00:206][  0]LogMemory: Physical Memory: 4880.73 MB used, 16365.14 MB total
[2016.07.16-09.55.00:206][  0]LogMemory: Virtual Memory: 554.16 MB used, 134217728.00 MB total
[2016.07.16-09.55.00:233][  0]LogTextLocalizationManager: No specific translations for ('ja-JP') exist, so ('ja') translations will be used.
[2016.07.16-09.55.00:298][  0]LogTextLocalizationManager:Warning: Loaded localization resources contain conflicting entries for (Namespace:K2Node, Key:false):
Localization Resource: (C:/Program Files (x86)/Epic Games/4.12/Engine/Content/Localization/EditorTutorials/ja/EditorTutorials.locres) Source String Hash: (816077464) Localized String: (偽)
Localization Resource: (C:/Program Files (x86)/Epic Games/4.12/Engine/Content/Localization/Engine/ja/Engine.locres) Source String Hash: (816077464) Localized String: (false)
[2016.07.16-09.55.00:298][  0]LogTextLocalizationManager:Warning: Loaded localization resources contain conflicting entries for (Namespace:K2Node, Key:true):
Localization Resource: (C:/Program Files (x86)/Epic Games/4.12/Engine/Content/Localization/EditorTutorials/ja/EditorTutorials.locres) Source String Hash: (-942328987) Localized String: (真)
Localization Resource: (C:/Program Files (x86)/Epic Games/4.12/Engine/Content/Localization/Engine/ja/Engine.locres) Source String Hash: (-942328987) Localized String: (true)
[2016.07.16-09.55.00:298][  0]LogTextLocalizationManager:Warning: Loaded localization resources contain conflicting entries for (Namespace:UObjectToolTips, Key:AnimNode_BlendSpacePlayer:bLoop):
Localization Resource: (C:/Program Files (x86)/Epic Games/4.12/Engine/Content/Localization/EditorTutorials/ja/EditorTutorials.locres) Source String Hash: (2133979316) Localized String: (再生が最後まで終わった後、ロープ再生するようにしますか？)
Localization Resource: (C:/Program Files (x86)/Epic Games/4.12/Engine/Content/Localization/ToolTips/ja/ToolTips.locres) Source String Hash: (2133979316) Localized String: (ループが最後まで到達した時に、アニメーションのループを継続するべきか？)
[2016.07.16-09.55.00:298][  0]LogTextLocalizationManager:Warning: Loaded localization resources contain conflicting entries for (Namespace:UObjectToolTips, Key:AnimNode_BlendSpacePlayer:X):
Localization Resource: (C:/Program Files (x86)/Epic Games/4.12/Engine/Content/Localization/EditorTutorials/ja/EditorTutorials.locres) Source String Hash: (2060772590) Localized String: (ブレンドスペースで値を取得するX座標)
Localization Resource: (C:/Program Files (x86)/Epic Games/4.12/Engine/Content/Localization/ToolTips/ja/ToolTips.locres) Source String Hash: (2060772590) Localized String: (ブレンドスペースでサンプリングするX座標)
[2016.07.16-09.55.00:298][  0]LogTextLocalizationManager:Warning: Loaded localization resources contain conflicting entries for (Namespace:UObjectToolTips, Key:AnimNode_BlendSpacePlayer:Y):
Localization Resource: (C:/Program Files (x86)/Epic Games/4.12/Engine/Content/Localization/EditorTutorials/ja/EditorTutorials.locres) Source String Hash: (-1719607538) Localized String: (ブレンドスペースで値を取得するY座標)
Localization Resource: (C:/Program Files (x86)/Epic Games/4.12/Engine/Content/Localization/ToolTips/ja/ToolTips.locres) Source String Hash: (-1719607538) Localized String: (ブレンドスペースでサンプリングするY座標)
[2016.07.16-09.55.00:298][  0]LogTextLocalizationManager:Warning: Loaded localization resources contain conflicting entries for (Namespace:UObjectToolTips, Key:AnimNode_BlendSpacePlayer:Z):
Localization Resource: (C:/Program Files (x86)/Epic Games/4.12/Engine/Content/Localization/EditorTutorials/ja/EditorTutorials.locres) Source String Hash: (1728943471) Localized String: (ブレンドスペースで値を取得するZ座標)
Localization Resource: (C:/Program Files (x86)/Epic Games/4.12/Engine/Content/Localization/ToolTips/ja/ToolTips.locres) Source String Hash: (1728943471) Localized String: (ブレンドスペースでサンプリングするZ座標)
[2016.07.16-09.55.00:298][  0]LogTextLocalizationManager:Warning: Loaded localization resources contain conflicting entries for (Namespace:UObjectToolTips, Key:AnimNode_BlendSpacePlayer:BlendSpace):
Localization Resource: (C:/Program Files (x86)/Epic Games/4.12/Engine/Content/Localization/EditorTutorials/ja/EditorTutorials.locres) Source String Hash: (1599043277) Localized String: (再生するブレンドスペースのアセット)
Localization Resource: (C:/Program Files (x86)/Epic Games/4.12/Engine/Content/Localization/ToolTips/ja/ToolTips.locres) Source String Hash: (1599043277) Localized String: (再生するブレンド空間アセット)
[2016.07.16-09.55.00:298][  0]LogTextLocalizationManager:Warning: Loaded localization resources contain conflicting entries for (Namespace:UObjectToolTips, Key:AnimNode_StateMachine:MaxTransitionsPerFrame):
Localization Resource: (C:/Program Files (x86)/Epic Games/4.12/Engine/Content/Localization/EditorTutorials/ja/EditorTutorials.locres) Source String Hash: (1567650430) Localized String: (このマシーンで1フレームあたりに同時に処理できるトランジションの最大数)
Localization Resource: (C:/Program Files (x86)/Epic Games/4.12/Engine/Content/Localization/ToolTips/ja/ToolTips.locres) Source String Hash: (1567650430) Localized String: (単一フレームでマシーンが「同時」に受け取れる遷移の最大数)
[2016.07.16-09.55.00:298][  0]LogTextLocalizationManager:Warning: Loaded localization resources contain conflicting entries for (Namespace:UObjectToolTips, Key:AnimNode_BlendSpacePlayer:PlayRate):
Localization Resource: (C:/Program Files (x86)/Epic Games/4.12/Engine/Content/Localization/EditorTutorials/ja/EditorTutorials.locres) Source String Hash: (-1274923958) Localized String: (再生速度の倍率です。負の数値も使う事ができます。その場合逆再生になります。)
Localization Resource: (C:/Program Files (x86)/Epic Games/4.12/Engine/Content/Localization/ToolTips/ja/ToolTips.locres) Source String Hash: (-1274923958) Localized String: (再生レート乗数。アニメーションを逆再生する負の値にすることができます。)
[2016.07.16-09.55.00:417][  0]LogD3D11RHI: D3D11 adapters:
[2016.07.16-09.55.00:433][  0]LogD3D11RHI:    0. 'NVIDIA GeForce GTX 970' (Feature Level 11_0)
[2016.07.16-09.55.00:434][  0]LogD3D11RHI:       4007/0/8182 MB DedicatedVideo/DedicatedSystem/SharedSystem, Outputs:1, VendorId:0x10de
[2016.07.16-09.55.00:435][  0]LogD3D11RHI:    1. 'Microsoft Basic Render Driver' (Feature Level 11_0)
[2016.07.16-09.55.00:435][  0]LogD3D11RHI:       0/0/8182 MB DedicatedVideo/DedicatedSystem/SharedSystem, Outputs:0, VendorId:0x1414
[2016.07.16-09.55.00:435][  0]LogD3D11RHI: Chosen D3D11 Adapter: 0
[2016.07.16-09.55.00:437][  0]LogD3D11RHI: Creating new Direct3DDevice
[2016.07.16-09.55.00:437][  0]LogD3D11RHI:     GPU DeviceId: 0x13c2 (for the marketing name, search the web for "GPU Device Id")
[2016.07.16-09.55.00:438][  0]LogWindows: EnumDisplayDevices:
[2016.07.16-09.55.00:438][  0]LogWindows:    0. 'NVIDIA GeForce GTX 970' (P:1 D:1)
[2016.07.16-09.55.00:438][  0]LogWindows:    1. 'NVIDIA GeForce GTX 970' (P:0 D:0)
[2016.07.16-09.55.00:438][  0]LogWindows:    2. 'NVIDIA GeForce GTX 970' (P:0 D:0)
[2016.07.16-09.55.00:438][  0]LogWindows:    3. 'NVIDIA GeForce GTX 970' (P:0 D:0)
[2016.07.16-09.55.00:438][  0]LogWindows: DebugString: FoundDriverCount:4 
[2016.07.16-09.55.00:438][  0]LogD3D11RHI:     Adapter Name: NVIDIA GeForce GTX 970
[2016.07.16-09.55.00:438][  0]LogD3D11RHI:   Driver Version: 365.10 (internal:10.18.13.6510, unified:365.10)
[2016.07.16-09.55.00:438][  0]LogD3D11RHI:      Driver Date: 4-27-2016
[2016.07.16-09.55.00:438][  0]LogRHI: Texture pool is 1361 MB (70% of 1945 MB)
[2016.07.16-09.55.00:448][  0]LogD3D11RHI: Async texture creation enabled
[2016.07.16-09.55.00:457][  0]LogD3D11RHI: GPU Timing Frequency: 1000.000000 (Debug: 2 1)
[2016.07.16-09.55.00:457][  0]LogShaderCompilers: Guid format shader working directory is -18 characters bigger than the processId version (../../../../../../Users/game/Documents/steamrumb/steamrumb 4.12/Intermediate/Shaders/WorkingDirectory/4184/).
[2016.07.16-09.55.00:457][  0]LogShaderCompilers: Cleaned the shader compiler working directory 'C:/Users/game/AppData/Local/Temp/UnrealShaderWorkingDir/3EF267ED457D1EBDD5BB679E62C55DA7/'.
[2016.07.16-09.55.00:457][  0]LogShaderCompilers:Display: Using Local Shader Compiler.
[2016.07.16-09.55.01:265][  0]LogTemp:Display: Loaded TP AllDesktopTargetPlatform
[2016.07.16-09.55.01:273][  0]LogTemp:Display: Loaded TP WindowsClientTargetPlatform
[2016.07.16-09.55.01:281][  0]LogTemp:Display: Loaded TP WindowsNoEditorTargetPlatform
[2016.07.16-09.55.01:288][  0]LogTemp:Display: Loaded TP WindowsServerTargetPlatform
[2016.07.16-09.55.01:296][  0]LogTemp:Display: Loaded TP WindowsTargetPlatform
[2016.07.16-09.55.01:302][  0]LogTemp:Display: Loaded TP AndroidTargetPlatform
[2016.07.16-09.55.01:309][  0]LogTemp:Display: Loaded TP Android_ASTCTargetPlatform
[2016.07.16-09.55.01:315][  0]LogTemp:Display: Loaded TP Android_ATCTargetPlatform
[2016.07.16-09.55.01:321][  0]LogTemp:Display: Loaded TP Android_DXTTargetPlatform
[2016.07.16-09.55.01:327][  0]LogTemp:Display: Loaded TP Android_ETC1TargetPlatform
[2016.07.16-09.55.01:333][  0]LogTemp:Display: Loaded TP Android_ETC2TargetPlatform
[2016.07.16-09.55.01:346][  0]LogTemp:Display: Loaded TP Android_MultiTargetPlatform
[2016.07.16-09.55.01:346][  0]LogTemp:Display: Loaded TP Android_PVRTCTargetPlatform
[2016.07.16-09.55.01:347][  0]LogTemp:Display: Loaded TP HTML5TargetPlatform
[2016.07.16-09.55.01:367][  0]LogTemp:Display: Loaded TP IOSTargetPlatform
[2016.07.16-09.55.01:373][  0]LogTemp:Display: Loaded TP TVOSTargetPlatform
[2016.07.16-09.55.01:379][  0]LogTemp:Display: Loaded TP LinuxNoEditorTargetPlatform
[2016.07.16-09.55.01:385][  0]LogTemp:Display: Loaded TP LinuxServerTargetPlatform
[2016.07.16-09.55.01:391][  0]LogTemp:Display: Loaded TP LinuxTargetPlatform
[2016.07.16-09.55.01:391][  0]LogTargetPlatformManager:Display: Building Assets For Windows
[2016.07.16-09.55.01:452][  0]LogDerivedDataCache:Display: Max Cache Size: 512 MB
[2016.07.16-09.55.01:495][  0]LogDerivedDataCache: Loaded boot cache 0.04s 48MB C:/Users/game/AppData/Local/UnrealEngine/4.12/DerivedDataCache/Boot.ddc.
[2016.07.16-09.55.01:495][  0]LogDerivedDataCache:Display: Loaded Boot cache: C:/Users/game/AppData/Local/UnrealEngine/4.12/DerivedDataCache/Boot.ddc
[2016.07.16-09.55.01:495][  0]LogDerivedDataCache: FDerivedDataBackendGraph:  Pak pak cache file ../../../../../../Users/game/Documents/steamrumb/steamrumb 4.12/DerivedDataCache/DDC.ddp not found, will not use a pak cache.
[2016.07.16-09.55.01:495][  0]LogDerivedDataCache: Unable to find inner node Pak for hierarchical cache Hierarchy.
[2016.07.16-09.55.01:495][  0]LogDerivedDataCache: FDerivedDataBackendGraph:  CompressedPak pak cache file ../../../../../../Users/game/Documents/steamrumb/steamrumb 4.12/DerivedDataCache/Compressed.ddp not found, will not use a pak cache.
[2016.07.16-09.55.01:495][  0]LogDerivedDataCache: Unable to find inner node CompressedPak for hierarchical cache Hierarchy.
[2016.07.16-09.55.01:510][  0]LogDerivedDataCache:Display: Pak cache opened for reading ../../../Engine/DerivedDataCache/Compressed.ddp.
[2016.07.16-09.55.01:521][  0]LogDerivedDataCache: Using Local data cache path C:/Users/game/AppData/Local/UnrealEngine/Common/DerivedDataCache: Writable
[2016.07.16-09.55.01:688][  0]LogInit: Selected Device Profile: [Windows]
[2016.07.16-09.55.01:689][  0]LogContentStreaming: Texture pool size is 0.00 MB
[2016.07.16-09.55.01:824][  0]LogMeshUtilities: No automatic mesh reduction module available
[2016.07.16-09.55.01:824][  0]LogMeshUtilities: No automatic mesh merging module available
[2016.07.16-09.55.01:824][  0]LogMeshUtilities: No distributed automatic mesh merging module available
[2016.07.16-09.55.02:030][  0]LogAssetRegistry: FAssetRegistry took 0.0212 seconds to start up
[2016.07.16-09.55.02:057][  0]LogPackageLocalizationCache: Processed 3 localized package path(s) for 2 prioritized culture(s) in 0.024655 seconds
[2016.07.16-09.55.02:062][  0]LogUObjectArray: 28739 objects as part of root set at end of initial load.
[2016.07.16-09.55.02:062][  0]LogUObjectAllocator: 5855632 out of 0 bytes used by permanent object pool.
[2016.07.16-09.55.02:062][  0]LogUObjectArray: CloseDisregardForGC: 0/0 objects in disregard for GC pool
[2016.07.16-09.55.02:067][  0]LogInit: WinSock: version 1.1 (2.2), MaxSocks=32767, MaxUdp=65467
[2016.07.16-09.55.02:205][  0]LogSlate: SlateFontCache - WITH_FREETYPE: 1, WITH_HARFBUZZ: 1
[2016.07.16-09.55.02:205][  0]LogSlate: SlateFontCache - WITH_FREETYPE: 1, WITH_HARFBUZZ: 1
[2016.07.16-09.55.02:745][  0]LogUdpMessaging: Initializing bridge on interface 0.0.0.0:0 to multicast group 230.0.0.1:6666.
[2016.07.16-09.55.02:925][  0]SourceControl: 情報 ソースコントロールは無効です
[2016.07.16-09.55.02:955][  0]SourceControl: 情報 ソースコントロールは無効です
[2016.07.16-09.55.02:962][  0]SourceControl: 情報 ソースコントロールは無効です
[2016.07.16-09.55.02:969][  0]SourceControl: 情報 ソースコントロールは無効です
[2016.07.16-09.55.03:139][  0]LogEngine: Initializing Engine...
[2016.07.16-09.55.03:153][  0]LogHMD: SteamVR initialized.  Driver: lighthouse  Display: LHR-8F83D948
[2016.07.16-09.55.03:167][  0]LogHMD: SteamVR initialized.  Driver: lighthouse  Display: LHR-8F83D948
[2016.07.16-09.55.03:275][  0]LogAIModule: Creating AISystem for world NewWorld
[2016.07.16-09.55.03:286][  0]LogInit: XAudio2 using 'スピーカー (3- USB Audio Device)' : 2 channels at 44.1 kHz using 16 bits per sample (channel mask 0x3)
[2016.07.16-09.55.03:294][  0]LogInit: FAudioDevice initialized.
[2016.07.16-09.55.03:313][  0]LogDerivedDataCache: Saved boot cache 0.02s 48MB C:/Users/game/AppData/Local/UnrealEngine/4.12/DerivedDataCache/Boot.ddc.
[2016.07.16-09.55.03:320][  0]LogInit: Texture streaming: Enabled
[2016.07.16-09.55.03:343][  0]LogInit: Transaction tracking system initialized
[2016.07.16-09.55.03:360][  0]BlueprintLog: New page: エディタの読み込み
[2016.07.16-09.55.03:418][  0]LocalizationService: 情報 ローカライズのサービスが無効になりました
[2016.07.16-09.55.03:471][  0]LogConsoleResponse:Display: 
[2016.07.16-09.55.03:552][  0]LogCook:Display: Max memory allowance for cook 8192mb
[2016.07.16-09.55.03:552][  0]LogCook:Display: Mobile HDR setting 1
[2016.07.16-09.55.03:631][  0]LogFileCache: Scanning file cache for directory 'C:/Users/game/Documents/steamrumb/steamrumb 4.12/Content/' took 0.03s
[2016.07.16-09.55.03:631][  0]SourceControl: 情報 ソースコントロールは無効です
[2016.07.16-09.55.03:631][  0]Cmd: MAP LOAD FILE="../../../../../../Users/game/Documents/steamrumb/steamrumb 4.12/Content/ThirdPersonBP/Maps/ThirdPersonExampleMap.umap" TEMPLATE=0 SHOWPROGRESS=1 FEATURELEVEL=3
[2016.07.16-09.55.03:632][  0]LightingResults: New page: ライティングのビルド
[2016.07.16-09.55.03:634][  0]MapCheck: New page: マップをチェック
[2016.07.16-09.55.03:634][  0]LightingResults: New page: <何も選択されていません>
[2016.07.16-09.55.04:386][  0]LogAIModule: Creating AISystem for world ThirdPersonExampleMap
[2016.07.16-09.55.04:395][  0]LogEditorServer: Finished looking for orphan Actors (0.000 secs)
[2016.07.16-09.55.04:396][  0]Cmd: MAP CHECKDEP NOCLEARLOG
[2016.07.16-09.55.04:441][  0]MapCheck: 情報 マップチェックが完了: 0 エラー、 0 警告、完了に 45.338ミリ秒かかりました。
[2016.07.16-09.55.04:441][  0]LogFileHelpers: Loading map 'ThirdPersonExampleMap' took 0.809
[2016.07.16-09.55.04:562][  0]LogCollectionManager: Loaded 0 collections in 0.001398 seconds
[2016.07.16-09.55.04:599][  0]LogFileCache: Scanning file cache for directory 'C:/Users/game/Documents/steamrumb/steamrumb 4.12/Saved/Collections/' took 0.01s
[2016.07.16-09.55.04:599][  0]LogFileCache: Scanning file cache for directory 'C:/Users/game/Documents/steamrumb/steamrumb 4.12/Content/Developers/game/Collections/' took 0.01s
[2016.07.16-09.55.04:599][  0]LogFileCache: Scanning file cache for directory 'C:/Users/game/Documents/steamrumb/steamrumb 4.12/Content/Collections/' took 0.01s
[2016.07.16-09.55.04:599][  0]LogCollectionManager: Rebuilt the GUID cache for 0 collections in 0.000002 seconds
[2016.07.16-09.55.04:606][  0]LogContentBrowser: Native class hierarchy populated in 0.0066 seconds. Added 2047 classes and 369 folders.
[2016.07.16-09.55.04:609][  0]LogStats: UGameplayTagsManager::ConstructGameplayTagTree: Construct from data asset -  0.000 s
[2016.07.16-09.55.04:609][  0]LogStats: UGameplayTagsManager::ConstructGameplayTagTree: GameplayTagTreeChangedEvent.Broadcast -  0.000 s
[2016.07.16-09.55.04:610][  0]LogContentBrowser: Native class hierarchy updated for 'GameplayTags' in 0.0004 seconds. Added 12 classes and 0 folders.
[2016.07.16-09.55.04:613][  0]LogContentBrowser: Native class hierarchy updated for 'WidgetCarousel' in 0.0003 seconds. Added 0 classes and 0 folders.
[2016.07.16-09.55.04:650][  0]LogContentBrowser: Native class hierarchy updated for 'AddContentDialog' in 0.0003 seconds. Added 0 classes and 0 folders.
[2016.07.16-09.55.04:654][  0]LogContentBrowser: Native class hierarchy updated for 'SceneOutliner' in 0.0003 seconds. Added 1 classes and 2 folders.
[2016.07.16-09.55.04:703][  0]LogCrashTracker: Crashtracker disabled due to settings.
[2016.07.16-09.55.04:707][  0]LogUObjectGlobals:Warning: オブジェクト 'Class なし.' が見つかりませんでした
[2016.07.16-09.55.04:732][  0]LogContentBrowser: Native class hierarchy updated for 'HierarchicalLODOutliner' in 0.0003 seconds. Added 1 classes and 2 folders.
[2016.07.16-09.55.04:732][  0]LogLoad: Full Startup: 5.18 seconds (BP compile: 0.19 seconds)
[2016.07.16-09.55.04:732][  0]LogExternalProfiler: Found external profiler: VSPerf
[2016.07.16-09.55.04:732][  0]LogExternalProfiler: Using external profiler: VSPerf
[2016.07.16-09.55.04:784][  0]LogWindowsTextInputMethodSystem:Display: IME system now activated using TSF (Microsoft IME).
[2016.07.16-09.55.04:787][  0]LogOcInput: OculusInput pre-init called
[2016.07.16-09.55.04:807][  0]LogContentStreaming: Texture pool size now 700 MB
[2016.07.16-09.55.04:958][  0]LogRenderer: Reallocating scene render targets to support 1208x576 (Frame:2).
[2016.07.16-09.55.05:062][  2]LogAssetRegistry: Asset discovery search completed in 3.0530 seconds
[2016.07.16-09.55.05:062][  2]LogCollectionManager: Rebuilt the object cache for 0 collections in 0.000001 seconds (found 0 objects)
[2016.07.16-09.55.05:062][  2]LogCollectionManager: Fixed up redirectors for 0 collections in 0.000020 seconds (updated 0 objects)
[2016.07.16-09.55.08:653][364]LogContentBrowser: Native class hierarchy updated for 'BlueprintGraph' in 0.0008 seconds. Added 111 classes and 0 folders.
[2016.07.16-09.55.22:516][465]BlueprintLog: New page: parts をコンパイル
[2016.07.16-09.55.22:649][465]BlueprintEditorCompileResults: 情報 [0023.10] Compile of parts successful! [in 132 ms] (/Game/Blueprints/parts.parts)
[2016.07.16-09.55.23:823][593]Cmd: OBJ SAVEPACKAGE PACKAGE="/Game/Blueprints/parts" FILE="../../../../../../Users/game/Documents/steamrumb/steamrumb 4.12/Content/Blueprints/parts.uasset" SILENT=true
[2016.07.16-09.55.23:865][593]LogSavePackage: Save=34.79ms
[2016.07.16-09.55.23:865][593]LogSavePackage: Moving '../../../../../../Users/game/Documents/steamrumb/steamrumb 4.12/Saved/parts6701FD834251977D23BAA7B0786727B0.tmp' to '../../../../../../Users/game/Documents/steamrumb/steamrumb 4.12/Content/Blueprints/parts.uasset'
[2016.07.16-09.55.23:868][593]LogSavePackage:Display: Finished SavePackage ../../../../../../Users/game/Documents/steamrumb/steamrumb 4.12/Content/Blueprints/parts.uasset
[2016.07.16-09.55.31:757][347]LogBlueprintUserMessages: Early PlayInEditor Detection: Level '/Game/ThirdPersonBP/Maps/ThirdPersonExampleMap.ThirdPersonExampleMap:PersistentLevel' has LevelScriptBlueprint '/Game/ThirdPersonBP/Maps/ThirdPersonExampleMap.ThirdPersonExampleMap:PersistentLevel.ThirdPersonExampleMap' with GeneratedClass '/Game/ThirdPersonBP/Maps/ThirdPersonExampleMap.ThirdPersonExampleMap_C' with ClassGeneratedBy '/Game/ThirdPersonBP/Maps/ThirdPersonExampleMap.ThirdPersonExampleMap:PersistentLevel.ThirdPersonExampleMap'
[2016.07.16-09.55.31:757][347]LogPlayLevel: PlayLevel: No blueprints needed recompiling
[2016.07.16-09.55.31:758][347]PIE: New page: PIEセッション: ThirdPersonExampleMap (2016/07/17 3:55:31)
[2016.07.16-09.55.31:758][347]LogPlayLevel: Creating play world package: /Game/ThirdPersonBP/Maps/UEDPIE_0_ThirdPersonExampleMap
[2016.07.16-09.55.31:781][347]LogPlayLevel: PIE: StaticDuplicateObject took: (0.023145s)
[2016.07.16-09.55.31:782][347]LogAIModule: Creating AISystem for world ThirdPersonExampleMap
[2016.07.16-09.55.31:782][347]LogPlayLevel: PIE: World Init took: (0.000916s)
[2016.07.16-09.55.31:782][347]LogPlayLevel: PIE: Created PIE world by copying editor world from /Game/ThirdPersonBP/Maps/ThirdPersonExampleMap.ThirdPersonExampleMap to /Game/ThirdPersonBP/Maps/UEDPIE_0_ThirdPersonExampleMap.ThirdPersonExampleMap (0.024372s)
[2016.07.16-09.55.31:810][347]LogInit: XAudio2 using 'スピーカー (3- USB Audio Device)' : 2 channels at 44.1 kHz using 16 bits per sample (channel mask 0x3)
[2016.07.16-09.55.31:816][347]LogInit: FAudioDevice initialized.
[2016.07.16-09.55.31:876][347]LogWorld: Game class is 'BP_stiranGameMode_C'
[2016.07.16-09.55.31:883][347]LogWorld: Bringing World /Game/ThirdPersonBP/Maps/UEDPIE_0_ThirdPersonExampleMap.ThirdPersonExampleMap up for play (max tick rate 0) at 2016.07.16-18.55.31
[2016.07.16-09.55.31:885][347]LogWorld: Bringing up level for play took: 0.007423
[2016.07.16-09.55.31:889][347]LogContentBrowser: Native class hierarchy updated for 'MovieSceneCapture' in 0.0004 seconds. Added 11 classes and 0 folders.
[2016.07.16-09.55.31:892][347]PIE: 情報 /Game/ThirdPersonBP/Maps/UEDPIE_0_ThirdPersonExampleMap -0.636のプレイ イン エディタの開始時間
[2016.07.16-09.55.31:892][347]LogBlueprintUserMessages: Late PlayInEditor Detection: Level '/Game/ThirdPersonBP/Maps/ThirdPersonExampleMap.ThirdPersonExampleMap:PersistentLevel' has LevelScriptBlueprint '/Game/ThirdPersonBP/Maps/ThirdPersonExampleMap.ThirdPersonExampleMap:PersistentLevel.ThirdPersonExampleMap' with GeneratedClass '/Game/ThirdPersonBP/Maps/ThirdPersonExampleMap.ThirdPersonExampleMap_C' with ClassGeneratedBy '/Game/ThirdPersonBP/Maps/ThirdPersonExampleMap.ThirdPersonExampleMap:PersistentLevel.ThirdPersonExampleMap'
[2016.07.16-09.55.31:964][348]LogRenderer: Reallocating scene render targets to support 1692x804 (Frame:2061).
[2016.07.16-09.55.46:301][670]LogBlueprintUserMessages: Early EndPlayMap Detection: Level '/Game/ThirdPersonBP/Maps/ThirdPersonExampleMap.ThirdPersonExampleMap:PersistentLevel' has LevelScriptBlueprint '/Game/ThirdPersonBP/Maps/ThirdPersonExampleMap.ThirdPersonExampleMap:PersistentLevel.ThirdPersonExampleMap' with GeneratedClass '/Game/ThirdPersonBP/Maps/ThirdPersonExampleMap.ThirdPersonExampleMap_C' with ClassGeneratedBy '/Game/ThirdPersonBP/Maps/ThirdPersonExampleMap.ThirdPersonExampleMap:PersistentLevel.ThirdPersonExampleMap'
[2016.07.16-09.55.46:336][670]LogBlueprintUserMessages: Late EndPlayMap Detection: Level '/Game/ThirdPersonBP/Maps/ThirdPersonExampleMap.ThirdPersonExampleMap:PersistentLevel' has LevelScriptBlueprint '/Game/ThirdPersonBP/Maps/ThirdPersonExampleMap.ThirdPersonExampleMap:PersistentLevel.ThirdPersonExampleMap' with GeneratedClass '/Game/ThirdPersonBP/Maps/ThirdPersonExampleMap.ThirdPersonExampleMap_C' with ClassGeneratedBy '/Game/ThirdPersonBP/Maps/ThirdPersonExampleMap.ThirdPersonExampleMap:PersistentLevel.ThirdPersonExampleMap'
[2016.07.16-09.56.02:432][118]LogBlueprintUserMessages: Early PlayInEditor Detection: Level '/Game/ThirdPersonBP/Maps/ThirdPersonExampleMap.ThirdPersonExampleMap:PersistentLevel' has LevelScriptBlueprint '/Game/ThirdPersonBP/Maps/ThirdPersonExampleMap.ThirdPersonExampleMap:PersistentLevel.ThirdPersonExampleMap' with GeneratedClass '/Game/ThirdPersonBP/Maps/ThirdPersonExampleMap.ThirdPersonExampleMap_C' with ClassGeneratedBy '/Game/ThirdPersonBP/Maps/ThirdPersonExampleMap.ThirdPersonExampleMap:PersistentLevel.ThirdPersonExampleMap'
[2016.07.16-09.56.02:432][118]LogPlayLevel: PlayLevel: No blueprints needed recompiling
[2016.07.16-09.56.02:432][118]PIE: New page: PIEセッション: ThirdPersonExampleMap (2016/07/17 3:56:02)
[2016.07.16-09.56.02:432][118]LogPlayLevel: Creating play world package: /Game/ThirdPersonBP/Maps/UEDPIE_0_ThirdPersonExampleMap
[2016.07.16-09.56.02:451][118]LogPlayLevel: PIE: StaticDuplicateObject took: (0.018433s)
[2016.07.16-09.56.02:452][118]LogAIModule: Creating AISystem for world ThirdPersonExampleMap
[2016.07.16-09.56.02:452][118]LogPlayLevel: PIE: World Init took: (0.000994s)
[2016.07.16-09.56.02:452][118]LogPlayLevel: PIE: Created PIE world by copying editor world from /Game/ThirdPersonBP/Maps/ThirdPersonExampleMap.ThirdPersonExampleMap to /Game/ThirdPersonBP/Maps/UEDPIE_0_ThirdPersonExampleMap.ThirdPersonExampleMap (0.019721s)
[2016.07.16-09.56.02:481][118]LogInit: XAudio2 using 'スピーカー (3- USB Audio Device)' : 2 channels at 44.1 kHz using 16 bits per sample (channel mask 0x3)
[2016.07.16-09.56.02:487][118]LogInit: FAudioDevice initialized.
[2016.07.16-09.56.02:537][118]LogWorld: Game class is 'BP_stiranGameMode_C'
[2016.07.16-09.56.02:543][118]LogWorld: Bringing World /Game/ThirdPersonBP/Maps/UEDPIE_0_ThirdPersonExampleMap.ThirdPersonExampleMap up for play (max tick rate 0) at 2016.07.16-18.56.02
[2016.07.16-09.56.02:545][118]LogWorld: Bringing up level for play took: 0.007276
[2016.07.16-09.56.02:549][118]PIE: 情報 /Game/ThirdPersonBP/Maps/UEDPIE_0_ThirdPersonExampleMap 0.021のプレイ イン エディタの開始時間
[2016.07.16-09.56.02:549][118]LogBlueprintUserMessages: Late PlayInEditor Detection: Level '/Game/ThirdPersonBP/Maps/ThirdPersonExampleMap.ThirdPersonExampleMap:PersistentLevel' has LevelScriptBlueprint '/Game/ThirdPersonBP/Maps/ThirdPersonExampleMap.ThirdPersonExampleMap:PersistentLevel.ThirdPersonExampleMap' with GeneratedClass '/Game/ThirdPersonBP/Maps/ThirdPersonExampleMap.ThirdPersonExampleMap_C' with ClassGeneratedBy '/Game/ThirdPersonBP/Maps/ThirdPersonExampleMap.ThirdPersonExampleMap:PersistentLevel.ThirdPersonExampleMap'
[2016.07.16-09.56.06:229][451]LogCharacterMovement: AIchara3 is stuck and failed to move! Velocity: X=165.603 Y=364.109 Z=0.000 Location: X=-835.788 Y=357.578 Z=211.503 Normal: X=-0.692 Y=-0.580 Z=-0.429 PenetrationDepth:0.061 Actor:AIchara4 Component:CharacterMesh0 BoneName:foot_l
[2016.07.16-09.56.10:915][915]LogBlueprintUserMessages: Early EndPlayMap Detection: Level '/Game/ThirdPersonBP/Maps/ThirdPersonExampleMap.ThirdPersonExampleMap:PersistentLevel' has LevelScriptBlueprint '/Game/ThirdPersonBP/Maps/ThirdPersonExampleMap.ThirdPersonExampleMap:PersistentLevel.ThirdPersonExampleMap' with GeneratedClass '/Game/ThirdPersonBP/Maps/ThirdPersonExampleMap.ThirdPersonExampleMap_C' with ClassGeneratedBy '/Game/ThirdPersonBP/Maps/ThirdPersonExampleMap.ThirdPersonExampleMap:PersistentLevel.ThirdPersonExampleMap'
[2016.07.16-09.56.10:945][915]LogBlueprintUserMessages: Late EndPlayMap Detection: Level '/Game/ThirdPersonBP/Maps/ThirdPersonExampleMap.ThirdPersonExampleMap:PersistentLevel' has LevelScriptBlueprint '/Game/ThirdPersonBP/Maps/ThirdPersonExampleMap.ThirdPersonExampleMap:PersistentLevel.ThirdPersonExampleMap' with GeneratedClass '/Game/ThirdPersonBP/Maps/ThirdPersonExampleMap.ThirdPersonExampleMap_C' with ClassGeneratedBy '/Game/ThirdPersonBP/Maps/ThirdPersonExampleMap.ThirdPersonExampleMap:PersistentLevel.ThirdPersonExampleMap'
[2016.07.16-09.56.39:034][ 83]BlueprintLog: New page: parts をコンパイル
[2016.07.16-09.56.39:153][ 83]BlueprintEditorCompileResults: 情報 [0099.61] Compile of parts successful! [in 119 ms] (/Game/Blueprints/parts.parts)
[2016.07.16-09.56.40:113][153]LogBlueprintUserMessages: Early PlayInEditor Detection: Level '/Game/ThirdPersonBP/Maps/ThirdPersonExampleMap.ThirdPersonExampleMap:PersistentLevel' has LevelScriptBlueprint '/Game/ThirdPersonBP/Maps/ThirdPersonExampleMap.ThirdPersonExampleMap:PersistentLevel.ThirdPersonExampleMap' with GeneratedClass '/Game/ThirdPersonBP/Maps/ThirdPersonExampleMap.ThirdPersonExampleMap_C' with ClassGeneratedBy '/Game/ThirdPersonBP/Maps/ThirdPersonExampleMap.ThirdPersonExampleMap:PersistentLevel.ThirdPersonExampleMap'
[2016.07.16-09.56.40:113][153]LogPlayLevel: PlayLevel: No blueprints needed recompiling
[2016.07.16-09.56.40:113][153]PIE: New page: PIEセッション: ThirdPersonExampleMap (2016/07/17 3:56:40)
[2016.07.16-09.56.40:113][153]LogPlayLevel: Creating play world package: /Game/ThirdPersonBP/Maps/UEDPIE_0_ThirdPersonExampleMap
[2016.07.16-09.56.40:133][153]LogPlayLevel: PIE: StaticDuplicateObject took: (0.019760s)
[2016.07.16-09.56.40:133][153]LogAIModule: Creating AISystem for world ThirdPersonExampleMap
[2016.07.16-09.56.40:134][153]LogPlayLevel: PIE: World Init took: (0.000837s)
[2016.07.16-09.56.40:134][153]LogPlayLevel: PIE: Created PIE world by copying editor world from /Game/ThirdPersonBP/Maps/ThirdPersonExampleMap.ThirdPersonExampleMap to /Game/ThirdPersonBP/Maps/UEDPIE_0_ThirdPersonExampleMap.ThirdPersonExampleMap (0.020838s)
[2016.07.16-09.56.40:162][153]LogInit: XAudio2 using 'スピーカー (3- USB Audio Device)' : 2 channels at 44.1 kHz using 16 bits per sample (channel mask 0x3)
[2016.07.16-09.56.40:168][153]LogInit: FAudioDevice initialized.
[2016.07.16-09.56.40:213][153]LogWorld: Game class is 'BP_stiranGameMode_C'
[2016.07.16-09.56.40:219][153]LogWorld: Bringing World /Game/ThirdPersonBP/Maps/UEDPIE_0_ThirdPersonExampleMap.ThirdPersonExampleMap up for play (max tick rate 0) at 2016.07.16-18.56.40
[2016.07.16-09.56.40:221][153]LogWorld: Bringing up level for play took: 0.007749
[2016.07.16-09.56.40:225][153]PIE: 情報 /Game/ThirdPersonBP/Maps/UEDPIE_0_ThirdPersonExampleMap -0.303のプレイ イン エディタの開始時間
[2016.07.16-09.56.40:225][153]LogBlueprintUserMessages: Late PlayInEditor Detection: Level '/Game/ThirdPersonBP/Maps/ThirdPersonExampleMap.ThirdPersonExampleMap:PersistentLevel' has LevelScriptBlueprint '/Game/ThirdPersonBP/Maps/ThirdPersonExampleMap.ThirdPersonExampleMap:PersistentLevel.ThirdPersonExampleMap' with GeneratedClass '/Game/ThirdPersonBP/Maps/ThirdPersonExampleMap.ThirdPersonExampleMap_C' with ClassGeneratedBy '/Game/ThirdPersonBP/Maps/ThirdPersonExampleMap.ThirdPersonExampleMap:PersistentLevel.ThirdPersonExampleMap'
[2016.07.16-09.56.51:147][  4]LogBlueprintUserMessages: Early EndPlayMap Detection: Level '/Game/ThirdPersonBP/Maps/ThirdPersonExampleMap.ThirdPersonExampleMap:PersistentLevel' has LevelScriptBlueprint '/Game/ThirdPersonBP/Maps/ThirdPersonExampleMap.ThirdPersonExampleMap:PersistentLevel.ThirdPersonExampleMap' with GeneratedClass '/Game/ThirdPersonBP/Maps/ThirdPersonExampleMap.ThirdPersonExampleMap_C' with ClassGeneratedBy '/Game/ThirdPersonBP/Maps/ThirdPersonExampleMap.ThirdPersonExampleMap:PersistentLevel.ThirdPersonExampleMap'
[2016.07.16-09.56.51:181][  4]LogBlueprintUserMessages: Late EndPlayMap Detection: Level '/Game/ThirdPersonBP/Maps/ThirdPersonExampleMap.ThirdPersonExampleMap:PersistentLevel' has LevelScriptBlueprint '/Game/ThirdPersonBP/Maps/ThirdPersonExampleMap.ThirdPersonExampleMap:PersistentLevel.ThirdPersonExampleMap' with GeneratedClass '/Game/ThirdPersonBP/Maps/ThirdPersonExampleMap.ThirdPersonExampleMap_C' with ClassGeneratedBy '/Game/ThirdPersonBP/Maps/ThirdPersonExampleMap.ThirdPersonExampleMap:PersistentLevel.ThirdPersonExampleMap'
[2016.07.16-09.57.06:723][246]LogBlueprintUserMessages: Early PlayInEditor Detection: Level '/Game/ThirdPersonBP/Maps/ThirdPersonExampleMap.ThirdPersonExampleMap:PersistentLevel' has LevelScriptBlueprint '/Game/ThirdPersonBP/Maps/ThirdPersonExampleMap.ThirdPersonExampleMap:PersistentLevel.ThirdPersonExampleMap' with GeneratedClass '/Game/ThirdPersonBP/Maps/ThirdPersonExampleMap.ThirdPersonExampleMap_C' with ClassGeneratedBy '/Game/ThirdPersonBP/Maps/ThirdPersonExampleMap.ThirdPersonExampleMap:PersistentLevel.ThirdPersonExampleMap'
[2016.07.16-09.57.06:723][246]BlueprintLog: New page: Pre-Play auto-recompile
[2016.07.16-09.57.06:737][246]LogPlayLevel: [PlayLevel] Compiling parts before play...
[2016.07.16-09.57.06:822][246]LogPlayLevel: PlayLevel: Blueprint regeneration took 98 ms (3 blueprints)
[2016.07.16-09.57.06:827][246]LogPlayLevel: [PlayLevel] Compiling AIchara before play...
[2016.07.16-09.57.06:931][246]LogPlayLevel: PlayLevel: Blueprint regeneration took 208 ms (4 blueprints)
[2016.07.16-09.57.06:932][246]LogPlayLevel: [PlayLevel] Compiling Mixamo_Maria before play...
[2016.07.16-09.57.06:997][246]LogPlayLevel: PlayLevel: Blueprint regeneration took 274 ms (4 blueprints)
[2016.07.16-09.57.06:998][246]LogPlayLevel: [PlayLevel] Compiling AIBP before play...
[2016.07.16-09.57.07:075][246]LogPlayLevel: PlayLevel: Blueprint regeneration took 352 ms (4 blueprints)
[2016.07.16-09.57.07:092][246]PIE: New page: PIEセッション: ThirdPersonExampleMap (2016/07/17 3:57:07)
[2016.07.16-09.57.07:092][246]LogPlayLevel: Creating play world package: /Game/ThirdPersonBP/Maps/UEDPIE_0_ThirdPersonExampleMap
[2016.07.16-09.57.07:109][246]LogPlayLevel: PIE: StaticDuplicateObject took: (0.016881s)
[2016.07.16-09.57.07:110][246]LogAIModule: Creating AISystem for world ThirdPersonExampleMap
[2016.07.16-09.57.07:110][246]LogPlayLevel: PIE: World Init took: (0.000922s)
[2016.07.16-09.57.07:110][246]LogPlayLevel: PIE: Created PIE world by copying editor world from /Game/ThirdPersonBP/Maps/ThirdPersonExampleMap.ThirdPersonExampleMap to /Game/ThirdPersonBP/Maps/UEDPIE_0_ThirdPersonExampleMap.ThirdPersonExampleMap (0.018105s)
[2016.07.16-09.57.07:137][246]LogInit: XAudio2 using 'スピーカー (3- USB Audio Device)' : 2 channels at 44.1 kHz using 16 bits per sample (channel mask 0x3)
[2016.07.16-09.57.07:143][246]LogInit: FAudioDevice initialized.
[2016.07.16-09.57.07:190][246]LogWorld: Game class is 'BP_stiranGameMode_C'
[2016.07.16-09.57.07:196][246]LogWorld: Bringing World /Game/ThirdPersonBP/Maps/UEDPIE_0_ThirdPersonExampleMap.ThirdPersonExampleMap up for play (max tick rate 0) at 2016.07.16-18.57.07
[2016.07.16-09.57.07:199][246]LogWorld: Bringing up level for play took: 0.007537
[2016.07.16-09.57.07:202][246]PIE: 情報 /Game/ThirdPersonBP/Maps/UEDPIE_0_ThirdPersonExampleMap 0.674のプレイ イン エディタの開始時間
[2016.07.16-09.57.07:202][246]LogBlueprintUserMessages: Late PlayInEditor Detection: Level '/Game/ThirdPersonBP/Maps/ThirdPersonExampleMap.ThirdPersonExampleMap:PersistentLevel' has LevelScriptBlueprint '/Game/ThirdPersonBP/Maps/ThirdPersonExampleMap.ThirdPersonExampleMap:PersistentLevel.ThirdPersonExampleMap' with GeneratedClass '/Game/ThirdPersonBP/Maps/ThirdPersonExampleMap.ThirdPersonExampleMap_C' with ClassGeneratedBy '/Game/ThirdPersonBP/Maps/ThirdPersonExampleMap.ThirdPersonExampleMap:PersistentLevel.ThirdPersonExampleMap'
[2016.07.16-09.57.16:783][984]LogBlueprintUserMessages: Early EndPlayMap Detection: Level '/Game/ThirdPersonBP/Maps/ThirdPersonExampleMap.ThirdPersonExampleMap:PersistentLevel' has LevelScriptBlueprint '/Game/ThirdPersonBP/Maps/ThirdPersonExampleMap.ThirdPersonExampleMap:PersistentLevel.ThirdPersonExampleMap' with GeneratedClass '/Game/ThirdPersonBP/Maps/ThirdPersonExampleMap.ThirdPersonExampleMap_C' with ClassGeneratedBy '/Game/ThirdPersonBP/Maps/ThirdPersonExampleMap.ThirdPersonExampleMap:PersistentLevel.ThirdPersonExampleMap'
[2016.07.16-09.57.16:822][984]LogBlueprintUserMessages: Late EndPlayMap Detection: Level '/Game/ThirdPersonBP/Maps/ThirdPersonExampleMap.ThirdPersonExampleMap:PersistentLevel' has LevelScriptBlueprint '/Game/ThirdPersonBP/Maps/ThirdPersonExampleMap.ThirdPersonExampleMap:PersistentLevel.ThirdPersonExampleMap' with GeneratedClass '/Game/ThirdPersonBP/Maps/ThirdPersonExampleMap.ThirdPersonExampleMap_C' with ClassGeneratedBy '/Game/ThirdPersonBP/Maps/ThirdPersonExampleMap.ThirdPersonExampleMap:PersistentLevel.ThirdPersonExampleMap'
[2016.07.16-09.57.23:269][501]BlueprintLog: New page: parts をコンパイル
[2016.07.16-09.57.23:367][501]BlueprintEditorCompileResults: 情報 [0143.82] Compile of parts successful! [in 98 ms] (/Game/Blueprints/parts.parts)
[2016.07.16-09.57.24:123][564]LogBlueprintUserMessages: Early PlayInEditor Detection: Level '/Game/ThirdPersonBP/Maps/ThirdPersonExampleMap.ThirdPersonExampleMap:PersistentLevel' has LevelScriptBlueprint '/Game/ThirdPersonBP/Maps/ThirdPersonExampleMap.ThirdPersonExampleMap:PersistentLevel.ThirdPersonExampleMap' with GeneratedClass '/Game/ThirdPersonBP/Maps/ThirdPersonExampleMap.ThirdPersonExampleMap_C' with ClassGeneratedBy '/Game/ThirdPersonBP/Maps/ThirdPersonExampleMap.ThirdPersonExampleMap:PersistentLevel.ThirdPersonExampleMap'
[2016.07.16-09.57.24:123][564]LogPlayLevel: PlayLevel: No blueprints needed recompiling
[2016.07.16-09.57.24:123][564]PIE: New page: PIEセッション: ThirdPersonExampleMap (2016/07/17 3:57:24)
[2016.07.16-09.57.24:123][564]LogPlayLevel: Creating play world package: /Game/ThirdPersonBP/Maps/UEDPIE_0_ThirdPersonExampleMap
[2016.07.16-09.57.24:141][564]LogPlayLevel: PIE: StaticDuplicateObject took: (0.017767s)
[2016.07.16-09.57.24:142][564]LogAIModule: Creating AISystem for world ThirdPersonExampleMap
[2016.07.16-09.57.24:142][564]LogPlayLevel: PIE: World Init took: (0.001077s)
[2016.07.16-09.57.24:142][564]LogPlayLevel: PIE: Created PIE world by copying editor world from /Game/ThirdPersonBP/Maps/ThirdPersonExampleMap.ThirdPersonExampleMap to /Game/ThirdPersonBP/Maps/UEDPIE_0_ThirdPersonExampleMap.ThirdPersonExampleMap (0.019179s)
[2016.07.16-09.57.24:168][564]LogInit: XAudio2 using 'スピーカー (3- USB Audio Device)' : 2 channels at 44.1 kHz using 16 bits per sample (channel mask 0x3)
[2016.07.16-09.57.24:174][564]LogInit: FAudioDevice initialized.
[2016.07.16-09.57.24:220][564]LogWorld: Game class is 'BP_stiranGameMode_C'
[2016.07.16-09.57.24:226][564]LogWorld: Bringing World /Game/ThirdPersonBP/Maps/UEDPIE_0_ThirdPersonExampleMap.ThirdPersonExampleMap up for play (max tick rate 0) at 2016.07.16-18.57.24
[2016.07.16-09.57.24:228][564]LogWorld: Bringing up level for play took: 0.007749
[2016.07.16-09.57.24:232][564]PIE: 情報 /Game/ThirdPersonBP/Maps/UEDPIE_0_ThirdPersonExampleMap -0.296のプレイ イン エディタの開始時間
[2016.07.16-09.57.24:232][564]LogBlueprintUserMessages: Late PlayInEditor Detection: Level '/Game/ThirdPersonBP/Maps/ThirdPersonExampleMap.ThirdPersonExampleMap:PersistentLevel' has LevelScriptBlueprint '/Game/ThirdPersonBP/Maps/ThirdPersonExampleMap.ThirdPersonExampleMap:PersistentLevel.ThirdPersonExampleMap' with GeneratedClass '/Game/ThirdPersonBP/Maps/ThirdPersonExampleMap.ThirdPersonExampleMap_C' with ClassGeneratedBy '/Game/ThirdPersonBP/Maps/ThirdPersonExampleMap.ThirdPersonExampleMap:PersistentLevel.ThirdPersonExampleMap'
[2016.07.16-09.57.28:289][894]LogCharacterMovement: Mixamo_Maria_C_0 is stuck and failed to move! Velocity: X=-0.088 Y=-29.028 Z=0.000 Location: X=-708.731 Y=534.155 Z=226.526 Normal: X=0.275 Y=0.586 Z=-0.762 PenetrationDepth:2.996 Actor:AIchara4 Component:CharacterMesh0 BoneName:hand_r
[2016.07.16-09.57.28:301][895]LogCharacterMovement: Mixamo_Maria_C_0 is stuck and failed to move! Velocity: X=-0.103 Y=-33.922 Z=0.000 Location: X=-708.682 Y=534.265 Z=226.360 Normal: X=0.232 Y=0.527 Z=-0.817 PenetrationDepth:0.958 Actor:AIchara4 Component:CharacterMesh0 BoneName:hand_r
[2016.07.16-09.57.33:023][309]LogBlueprintUserMessages: Early EndPlayMap Detection: Level '/Game/ThirdPersonBP/Maps/ThirdPersonExampleMap.ThirdPersonExampleMap:PersistentLevel' has LevelScriptBlueprint '/Game/ThirdPersonBP/Maps/ThirdPersonExampleMap.ThirdPersonExampleMap:PersistentLevel.ThirdPersonExampleMap' with GeneratedClass '/Game/ThirdPersonBP/Maps/ThirdPersonExampleMap.ThirdPersonExampleMap_C' with ClassGeneratedBy '/Game/ThirdPersonBP/Maps/ThirdPersonExampleMap.ThirdPersonExampleMap:PersistentLevel.ThirdPersonExampleMap'
[2016.07.16-09.57.33:060][309]LogBlueprintUserMessages: Late EndPlayMap Detection: Level '/Game/ThirdPersonBP/Maps/ThirdPersonExampleMap.ThirdPersonExampleMap:PersistentLevel' has LevelScriptBlueprint '/Game/ThirdPersonBP/Maps/ThirdPersonExampleMap.ThirdPersonExampleMap:PersistentLevel.ThirdPersonExampleMap' with GeneratedClass '/Game/ThirdPersonBP/Maps/ThirdPersonExampleMap.ThirdPersonExampleMap_C' with ClassGeneratedBy '/Game/ThirdPersonBP/Maps/ThirdPersonExampleMap.ThirdPersonExampleMap:PersistentLevel.ThirdPersonExampleMap'
[2016.07.16-09.59.09:020][608]BlueprintLog: New page: parts をコンパイル
[2016.07.16-09.59.09:128][608]BlueprintEditorCompileResults: 情報 [0249.58] Compile of parts successful! [in 107 ms] (/Game/Blueprints/parts.parts)
[2016.07.16-09.59.10:957][741]LogBlueprintUserMessages: Early PlayInEditor Detection: Level '/Game/ThirdPersonBP/Maps/ThirdPersonExampleMap.ThirdPersonExampleMap:PersistentLevel' has LevelScriptBlueprint '/Game/ThirdPersonBP/Maps/ThirdPersonExampleMap.ThirdPersonExampleMap:PersistentLevel.ThirdPersonExampleMap' with GeneratedClass '/Game/ThirdPersonBP/Maps/ThirdPersonExampleMap.ThirdPersonExampleMap_C' with ClassGeneratedBy '/Game/ThirdPersonBP/Maps/ThirdPersonExampleMap.ThirdPersonExampleMap:PersistentLevel.ThirdPersonExampleMap'
[2016.07.16-09.59.10:957][741]LogPlayLevel: PlayLevel: No blueprints needed recompiling
[2016.07.16-09.59.10:957][741]PIE: New page: PIEセッション: ThirdPersonExampleMap (2016/07/17 3:59:10)
[2016.07.16-09.59.10:957][741]LogPlayLevel: Creating play world package: /Game/ThirdPersonBP/Maps/UEDPIE_0_ThirdPersonExampleMap
[2016.07.16-09.59.10:975][741]LogPlayLevel: PIE: StaticDuplicateObject took: (0.019184s)
[2016.07.16-09.59.10:977][741]LogAIModule: Creating AISystem for world ThirdPersonExampleMap
[2016.07.16-09.59.10:977][741]LogPlayLevel: PIE: World Init took: (0.001033s)
[2016.07.16-09.59.10:978][741]LogPlayLevel: PIE: Created PIE world by copying editor world from /Game/ThirdPersonBP/Maps/ThirdPersonExampleMap.ThirdPersonExampleMap to /Game/ThirdPersonBP/Maps/UEDPIE_0_ThirdPersonExampleMap.ThirdPersonExampleMap (0.020462s)
[2016.07.16-09.59.11:004][741]LogInit: XAudio2 using 'スピーカー (3- USB Audio Device)' : 2 channels at 44.1 kHz using 16 bits per sample (channel mask 0x3)
[2016.07.16-09.59.11:010][741]LogInit: FAudioDevice initialized.
[2016.07.16-09.59.11:055][741]LogWorld: Game class is 'BP_stiranGameMode_C'
[2016.07.16-09.59.11:061][741]LogWorld: Bringing World /Game/ThirdPersonBP/Maps/UEDPIE_0_ThirdPersonExampleMap.ThirdPersonExampleMap up for play (max tick rate 0) at 2016.07.16-18.59.11
[2016.07.16-09.59.11:063][741]LogWorld: Bringing up level for play took: 0.007562
[2016.07.16-09.59.11:067][741]PIE: 情報 /Game/ThirdPersonBP/Maps/UEDPIE_0_ThirdPersonExampleMap 0.539のプレイ イン エディタの開始時間
[2016.07.16-09.59.11:067][741]LogBlueprintUserMessages: Late PlayInEditor Detection: Level '/Game/ThirdPersonBP/Maps/ThirdPersonExampleMap.ThirdPersonExampleMap:PersistentLevel' has LevelScriptBlueprint '/Game/ThirdPersonBP/Maps/ThirdPersonExampleMap.ThirdPersonExampleMap:PersistentLevel.ThirdPersonExampleMap' with GeneratedClass '/Game/ThirdPersonBP/Maps/ThirdPersonExampleMap.ThirdPersonExampleMap_C' with ClassGeneratedBy '/Game/ThirdPersonBP/Maps/ThirdPersonExampleMap.ThirdPersonExampleMap:PersistentLevel.ThirdPersonExampleMap'
[2016.07.16-09.59.20:625][571]LogBlueprintUserMessages: Early EndPlayMap Detection: Level '/Game/ThirdPersonBP/Maps/ThirdPersonExampleMap.ThirdPersonExampleMap:PersistentLevel' has LevelScriptBlueprint '/Game/ThirdPersonBP/Maps/ThirdPersonExampleMap.ThirdPersonExampleMap:PersistentLevel.ThirdPersonExampleMap' with GeneratedClass '/Game/ThirdPersonBP/Maps/ThirdPersonExampleMap.ThirdPersonExampleMap_C' with ClassGeneratedBy '/Game/ThirdPersonBP/Maps/ThirdPersonExampleMap.ThirdPersonExampleMap:PersistentLevel.ThirdPersonExampleMap'
[2016.07.16-09.59.20:662][571]LogBlueprintUserMessages: Late EndPlayMap Detection: Level '/Game/ThirdPersonBP/Maps/ThirdPersonExampleMap.ThirdPersonExampleMap:PersistentLevel' has LevelScriptBlueprint '/Game/ThirdPersonBP/Maps/ThirdPersonExampleMap.ThirdPersonExampleMap:PersistentLevel.ThirdPersonExampleMap' with GeneratedClass '/Game/ThirdPersonBP/Maps/ThirdPersonExampleMap.ThirdPersonExampleMap_C' with ClassGeneratedBy '/Game/ThirdPersonBP/Maps/ThirdPersonExampleMap.ThirdPersonExampleMap:PersistentLevel.ThirdPersonExampleMap'
[2016.07.16-09.59.21:544][650]LogBlueprintUserMessages: Early PlayInEditor Detection: Level '/Game/ThirdPersonBP/Maps/ThirdPersonExampleMap.ThirdPersonExampleMap:PersistentLevel' has LevelScriptBlueprint '/Game/ThirdPersonBP/Maps/ThirdPersonExampleMap.ThirdPersonExampleMap:PersistentLevel.ThirdPersonExampleMap' with GeneratedClass '/Game/ThirdPersonBP/Maps/ThirdPersonExampleMap.ThirdPersonExampleMap_C' with ClassGeneratedBy '/Game/ThirdPersonBP/Maps/ThirdPersonExampleMap.ThirdPersonExampleMap:PersistentLevel.ThirdPersonExampleMap'
[2016.07.16-09.59.21:544][650]LogPlayLevel: PlayLevel: No blueprints needed recompiling
[2016.07.16-09.59.21:544][650]PIE: New page: PIEセッション: ThirdPersonExampleMap (2016/07/17 3:59:21)
[2016.07.16-09.59.21:544][650]LogPlayLevel: Creating play world package: /Game/ThirdPersonBP/Maps/UEDPIE_0_ThirdPersonExampleMap
[2016.07.16-09.59.21:564][650]LogPlayLevel: PIE: StaticDuplicateObject took: (0.019606s)
[2016.07.16-09.59.21:565][650]LogAIModule: Creating AISystem for world ThirdPersonExampleMap
[2016.07.16-09.59.21:565][650]LogPlayLevel: PIE: World Init took: (0.000924s)
[2016.07.16-09.59.21:565][650]LogPlayLevel: PIE: Created PIE world by copying editor world from /Game/ThirdPersonBP/Maps/ThirdPersonExampleMap.ThirdPersonExampleMap to /Game/ThirdPersonBP/Maps/UEDPIE_0_ThirdPersonExampleMap.ThirdPersonExampleMap (0.020803s)
[2016.07.16-09.59.21:592][650]LogInit: XAudio2 using 'スピーカー (3- USB Audio Device)' : 2 channels at 44.1 kHz using 16 bits per sample (channel mask 0x3)
[2016.07.16-09.59.21:601][650]LogInit: FAudioDevice initialized.
[2016.07.16-09.59.21:652][650]LogWorld: Game class is 'BP_stiranGameMode_C'
[2016.07.16-09.59.21:658][650]LogWorld: Bringing World /Game/ThirdPersonBP/Maps/UEDPIE_0_ThirdPersonExampleMap.ThirdPersonExampleMap up for play (max tick rate 0) at 2016.07.16-18.59.21
[2016.07.16-09.59.21:661][650]LogWorld: Bringing up level for play took: 0.007864
[2016.07.16-09.59.21:664][650]PIE: 情報 /Game/ThirdPersonBP/Maps/UEDPIE_0_ThirdPersonExampleMap -0.864のプレイ イン エディタの開始時間
[2016.07.16-09.59.21:664][650]LogBlueprintUserMessages: Late PlayInEditor Detection: Level '/Game/ThirdPersonBP/Maps/ThirdPersonExampleMap.ThirdPersonExampleMap:PersistentLevel' has LevelScriptBlueprint '/Game/ThirdPersonBP/Maps/ThirdPersonExampleMap.ThirdPersonExampleMap:PersistentLevel.ThirdPersonExampleMap' with GeneratedClass '/Game/ThirdPersonBP/Maps/ThirdPersonExampleMap.ThirdPersonExampleMap_C' with ClassGeneratedBy '/Game/ThirdPersonBP/Maps/ThirdPersonExampleMap.ThirdPersonExampleMap:PersistentLevel.ThirdPersonExampleMap'
[2016.07.16-09.59.28:893][296]LogBlueprintUserMessages: Early EndPlayMap Detection: Level '/Game/ThirdPersonBP/Maps/ThirdPersonExampleMap.ThirdPersonExampleMap:PersistentLevel' has LevelScriptBlueprint '/Game/ThirdPersonBP/Maps/ThirdPersonExampleMap.ThirdPersonExampleMap:PersistentLevel.ThirdPersonExampleMap' with GeneratedClass '/Game/ThirdPersonBP/Maps/ThirdPersonExampleMap.ThirdPersonExampleMap_C' with ClassGeneratedBy '/Game/ThirdPersonBP/Maps/ThirdPersonExampleMap.ThirdPersonExampleMap:PersistentLevel.ThirdPersonExampleMap'
[2016.07.16-09.59.28:927][296]LogBlueprintUserMessages: Late EndPlayMap Detection: Level '/Game/ThirdPersonBP/Maps/ThirdPersonExampleMap.ThirdPersonExampleMap:PersistentLevel' has LevelScriptBlueprint '/Game/ThirdPersonBP/Maps/ThirdPersonExampleMap.ThirdPersonExampleMap:PersistentLevel.ThirdPersonExampleMap' with GeneratedClass '/Game/ThirdPersonBP/Maps/ThirdPersonExampleMap.ThirdPersonExampleMap_C' with ClassGeneratedBy '/Game/ThirdPersonBP/Maps/ThirdPersonExampleMap.ThirdPersonExampleMap:PersistentLevel.ThirdPersonExampleMap'
[2016.07.16-09.59.50:758][306]BlueprintLog: New page: parts をコンパイル
[2016.07.16-09.59.50:862][306]BlueprintEditorCompileResults: 情報 [0291.31] Compile of parts successful! [in 104 ms] (/Game/Blueprints/parts.parts)
[2016.07.16-09.59.52:625][440]LogBlueprintUserMessages: Early PlayInEditor Detection: Level '/Game/ThirdPersonBP/Maps/ThirdPersonExampleMap.ThirdPersonExampleMap:PersistentLevel' has LevelScriptBlueprint '/Game/ThirdPersonBP/Maps/ThirdPersonExampleMap.ThirdPersonExampleMap:PersistentLevel.ThirdPersonExampleMap' with GeneratedClass '/Game/ThirdPersonBP/Maps/ThirdPersonExampleMap.ThirdPersonExampleMap_C' with ClassGeneratedBy '/Game/ThirdPersonBP/Maps/ThirdPersonExampleMap.ThirdPersonExampleMap:PersistentLevel.ThirdPersonExampleMap'
[2016.07.16-09.59.52:625][440]LogPlayLevel: PlayLevel: No blueprints needed recompiling
[2016.07.16-09.59.52:625][440]PIE: New page: PIEセッション: ThirdPersonExampleMap (2016/07/17 3:59:52)
[2016.07.16-09.59.52:625][440]LogPlayLevel: Creating play world package: /Game/ThirdPersonBP/Maps/UEDPIE_0_ThirdPersonExampleMap
[2016.07.16-09.59.52:645][440]LogPlayLevel: PIE: StaticDuplicateObject took: (0.019100s)
[2016.07.16-09.59.52:645][440]LogAIModule: Creating AISystem for world ThirdPersonExampleMap
[2016.07.16-09.59.52:646][440]LogPlayLevel: PIE: World Init took: (0.000862s)
[2016.07.16-09.59.52:646][440]LogPlayLevel: PIE: Created PIE world by copying editor world from /Game/ThirdPersonBP/Maps/ThirdPersonExampleMap.ThirdPersonExampleMap to /Game/ThirdPersonBP/Maps/UEDPIE_0_ThirdPersonExampleMap.ThirdPersonExampleMap (0.020217s)
[2016.07.16-09.59.52:675][440]LogInit: XAudio2 using 'スピーカー (3- USB Audio Device)' : 2 channels at 44.1 kHz using 16 bits per sample (channel mask 0x3)
[2016.07.16-09.59.52:680][440]LogInit: FAudioDevice initialized.
[2016.07.16-09.59.52:726][440]LogWorld: Game class is 'BP_stiranGameMode_C'
[2016.07.16-09.59.52:732][440]LogWorld: Bringing World /Game/ThirdPersonBP/Maps/UEDPIE_0_ThirdPersonExampleMap.ThirdPersonExampleMap up for play (max tick rate 0) at 2016.07.16-18.59.52
[2016.07.16-09.59.52:734][440]LogWorld: Bringing up level for play took: 0.007400
[2016.07.16-09.59.52:738][440]PIE: 情報 /Game/ThirdPersonBP/Maps/UEDPIE_0_ThirdPersonExampleMap 0.21のプレイ イン エディタの開始時間
[2016.07.16-09.59.52:738][440]LogBlueprintUserMessages: Late PlayInEditor Detection: Level '/Game/ThirdPersonBP/Maps/ThirdPersonExampleMap.ThirdPersonExampleMap:PersistentLevel' has LevelScriptBlueprint '/Game/ThirdPersonBP/Maps/ThirdPersonExampleMap.ThirdPersonExampleMap:PersistentLevel.ThirdPersonExampleMap' with GeneratedClass '/Game/ThirdPersonBP/Maps/ThirdPersonExampleMap.ThirdPersonExampleMap_C' with ClassGeneratedBy '/Game/ThirdPersonBP/Maps/ThirdPersonExampleMap.ThirdPersonExampleMap:PersistentLevel.ThirdPersonExampleMap'
[2016.07.16-10.00.01:414][262]LogBlueprintUserMessages: Early EndPlayMap Detection: Level '/Game/ThirdPersonBP/Maps/ThirdPersonExampleMap.ThirdPersonExampleMap:PersistentLevel' has LevelScriptBlueprint '/Game/ThirdPersonBP/Maps/ThirdPersonExampleMap.ThirdPersonExampleMap:PersistentLevel.ThirdPersonExampleMap' with GeneratedClass '/Game/ThirdPersonBP/Maps/ThirdPersonExampleMap.ThirdPersonExampleMap_C' with ClassGeneratedBy '/Game/ThirdPersonBP/Maps/ThirdPersonExampleMap.ThirdPersonExampleMap:PersistentLevel.ThirdPersonExampleMap'
[2016.07.16-10.00.01:452][262]LogBlueprintUserMessages: Late EndPlayMap Detection: Level '/Game/ThirdPersonBP/Maps/ThirdPersonExampleMap.ThirdPersonExampleMap:PersistentLevel' has LevelScriptBlueprint '/Game/ThirdPersonBP/Maps/ThirdPersonExampleMap.ThirdPersonExampleMap:PersistentLevel.ThirdPersonExampleMap' with GeneratedClass '/Game/ThirdPersonBP/Maps/ThirdPersonExampleMap.ThirdPersonExampleMap_C' with ClassGeneratedBy '/Game/ThirdPersonBP/Maps/ThirdPersonExampleMap.ThirdPersonExampleMap:PersistentLevel.ThirdPersonExampleMap'
[2016.07.16-10.01.27:101][733]LogWindows: Windows GetLastError: この操作を正しく終了しました。 (0)
[2016.07.16-10.01.34:838][395]BlueprintLog: New page: AIchara をコンパイル
[2016.07.16-10.01.35:712][395]LogCrashTracker: 


[2016.07.16-10.01.35:712][395]LogCrashTracker: 


[2016.07.16-10.01.35:712][395]LogWindows:Error: === Critical error: ===
Assertion failed: SharedThis.Get() == this [File:D:\Build\++UE4+Release-4.12+Compile\Sync\Engine\Source\Runtime\Core\Public\Templates\SharedPointer.h] [Line: 1093] 





