Log file open, 07/16/16 18:53:25
LogInit:Display: Running engine for game: steamrumb
LogPlatformFile: Not using cached read wrapper
LogInit:Display: RandInit(1694061426) SRandInit(1694061427).
LogTaskGraph: Started task graph with 4 named threads and 7 total threads with 1 sets of task threads.
LogStats: Stats thread started at 0.070625
LogInit: Version: 4.12.5-3039270+++UE4+Release-4.12
LogInit: API Version: 2992821
LogInit: Net Version: 3039270
LogDevObjectVersion: Number of dev versions registered: 13
LogDevObjectVersion:   Dev-Blueprints (B0D832E4-1F89-4F0D-ACCF-7EB736FD4AA2): 3
LogDevObjectVersion:   Dev-Build (E1C64328-A22C-4D53-A36C-8E866417BD8C): 0
LogDevObjectVersion:   Dev-Core (375EC13C-06E4-48FB-B500-84F0262A717E): 1
LogDevObjectVersion:   Dev-Editor (E4B068ED-F494-42E9-A231-DA0B2E46BB41): 2
LogDevObjectVersion:   Dev-Framework (CFFC743F-43B0-4480-9391-14DF171D2073): 6
LogDevObjectVersion:   Dev-Mobile (B02B49B5-BB20-44E9-A304-32B752E40360): 0
LogDevObjectVersion:   Dev-Networking (A4E4105C-59A1-49B5-A7C5-40C4547EDFEE): 0
LogDevObjectVersion:   Dev-Online (39C831C9-5AE6-47DC-9A44-9C173E1C8E7C): 0
LogDevObjectVersion:   Dev-Physics (78F01B33-EBEA-4F98-B9B4-84EACCB95AA2): 0
LogDevObjectVersion:   Dev-Platform (6631380F-2D4D-43E0-8009-CF276956A95A): 0
LogDevObjectVersion:   Dev-Rendering (12F88B9F-8875-4AFC-A67C-D90C383ABD29): 2
LogDevObjectVersion:   Dev-Sequencer (7B5AE74C-D270-4C10-A958-57980B212A5A): 0
LogDevObjectVersion:   Dev-VR (D7296918-1DD6-4BDD-9DE2-64A83CC13884): 0
LogInit: Compiled (64-bit): Jul  6 2016 09:09:46
LogInit: Compiled with Visual C++: 19.00.23026.00
LogInit: Build Configuration: Development
LogInit: Branch Name: ++UE4+Release-4.12
LogInit: Command line:  
LogInit: Base directory: C:/Program Files (x86)/Epic Games/4.12/Engine/Binaries/Win64/
LogInit: Installed Engine Build: 1
LogInit: Using libcurl 7.41.0
LogInit:  - built for x86_64-pc-win32
LogInit:  - supports SSL with WinSSL
LogInit:  - other features:
LogInit:      CURL_VERSION_SSL
LogInit:      CURL_VERSION_IPV6
LogInit:      CURL_VERSION_ASYNCHDNS
LogInit:      CURL_VERSION_LARGEFILE
LogInit:      CURL_VERSION_IDN
LogInit:  CurlRequestOptions (configurable via config and command line):
LogInit:  - bVerifyPeer = true  - Libcurl will verify peer certificate
LogInit:  - bUseHttpProxy = false  - Libcurl will NOT use HTTP proxy
LogInit:  - bDontReuseConnections = false  - Libcurl will reuse connections
LogInit:  - CertBundlePath = nullptr  - Libcurl will use whatever was configured at build time.
LogInit: Presizing for max 8388607 objects, including 0 objects not considered by GC, pre-allocating 0 bytes for permanent pool.
LogInit: Object subsystem initialized
[2016.07.16-09.53.25:370][  0]LogInit: Selected Device Profile: [Windows]
[2016.07.16-09.53.25:370][  0]LogInit: Applying CVar settings loaded from the selected device profile: [Windows]
[2016.07.16-09.53.25:381][  0]LogInit: Computer: MIYAZEMI-01
[2016.07.16-09.53.25:381][  0]LogInit: User: game
[2016.07.16-09.53.25:381][  0]LogInit: CPU Page size=65536, Cores=4
[2016.07.16-09.53.25:381][  0]LogInit: High frequency timer resolution =3.355283 MHz
[2016.07.16-09.53.25:381][  0]LogMemory: Memory total: Physical=16.0GB (16GB approx)
[2016.07.16-09.53.25:381][  0]LogMemory: Platform Memory Stats for Windows
[2016.07.16-09.53.25:381][  0]LogMemory: Process Physical Memory: 190.59 MB used, 190.59 MB peak
[2016.07.16-09.53.25:381][  0]LogMemory: Process Virtual Memory: 195.19 MB used, 195.19 MB peak
[2016.07.16-09.53.25:381][  0]LogMemory: Physical Memory: 4782.78 MB used, 16365.14 MB total
[2016.07.16-09.53.25:381][  0]LogMemory: Virtual Memory: 554.16 MB used, 134217728.00 MB total
[2016.07.16-09.53.25:409][  0]LogTextLocalizationManager: No specific translations for ('ja-JP') exist, so ('ja') translations will be used.
[2016.07.16-09.53.25:473][  0]LogTextLocalizationManager:Warning: Loaded localization resources contain conflicting entries for (Namespace:K2Node, Key:false):
Localization Resource: (C:/Program Files (x86)/Epic Games/4.12/Engine/Content/Localization/EditorTutorials/ja/EditorTutorials.locres) Source String Hash: (816077464) Localized String: (偽)
Localization Resource: (C:/Program Files (x86)/Epic Games/4.12/Engine/Content/Localization/Engine/ja/Engine.locres) Source String Hash: (816077464) Localized String: (false)
[2016.07.16-09.53.25:473][  0]LogTextLocalizationManager:Warning: Loaded localization resources contain conflicting entries for (Namespace:K2Node, Key:true):
Localization Resource: (C:/Program Files (x86)/Epic Games/4.12/Engine/Content/Localization/EditorTutorials/ja/EditorTutorials.locres) Source String Hash: (-942328987) Localized String: (真)
Localization Resource: (C:/Program Files (x86)/Epic Games/4.12/Engine/Content/Localization/Engine/ja/Engine.locres) Source String Hash: (-942328987) Localized String: (true)
[2016.07.16-09.53.25:474][  0]LogTextLocalizationManager:Warning: Loaded localization resources contain conflicting entries for (Namespace:UObjectToolTips, Key:AnimNode_BlendSpacePlayer:bLoop):
Localization Resource: (C:/Program Files (x86)/Epic Games/4.12/Engine/Content/Localization/EditorTutorials/ja/EditorTutorials.locres) Source String Hash: (2133979316) Localized String: (再生が最後まで終わった後、ロープ再生するようにしますか？)
Localization Resource: (C:/Program Files (x86)/Epic Games/4.12/Engine/Content/Localization/ToolTips/ja/ToolTips.locres) Source String Hash: (2133979316) Localized String: (ループが最後まで到達した時に、アニメーションのループを継続するべきか？)
[2016.07.16-09.53.25:474][  0]LogTextLocalizationManager:Warning: Loaded localization resources contain conflicting entries for (Namespace:UObjectToolTips, Key:AnimNode_BlendSpacePlayer:X):
Localization Resource: (C:/Program Files (x86)/Epic Games/4.12/Engine/Content/Localization/EditorTutorials/ja/EditorTutorials.locres) Source String Hash: (2060772590) Localized String: (ブレンドスペースで値を取得するX座標)
Localization Resource: (C:/Program Files (x86)/Epic Games/4.12/Engine/Content/Localization/ToolTips/ja/ToolTips.locres) Source String Hash: (2060772590) Localized String: (ブレンドスペースでサンプリングするX座標)
[2016.07.16-09.53.25:474][  0]LogTextLocalizationManager:Warning: Loaded localization resources contain conflicting entries for (Namespace:UObjectToolTips, Key:AnimNode_BlendSpacePlayer:Y):
Localization Resource: (C:/Program Files (x86)/Epic Games/4.12/Engine/Content/Localization/EditorTutorials/ja/EditorTutorials.locres) Source String Hash: (-1719607538) Localized String: (ブレンドスペースで値を取得するY座標)
Localization Resource: (C:/Program Files (x86)/Epic Games/4.12/Engine/Content/Localization/ToolTips/ja/ToolTips.locres) Source String Hash: (-1719607538) Localized String: (ブレンドスペースでサンプリングするY座標)
[2016.07.16-09.53.25:474][  0]LogTextLocalizationManager:Warning: Loaded localization resources contain conflicting entries for (Namespace:UObjectToolTips, Key:AnimNode_BlendSpacePlayer:Z):
Localization Resource: (C:/Program Files (x86)/Epic Games/4.12/Engine/Content/Localization/EditorTutorials/ja/EditorTutorials.locres) Source String Hash: (1728943471) Localized String: (ブレンドスペースで値を取得するZ座標)
Localization Resource: (C:/Program Files (x86)/Epic Games/4.12/Engine/Content/Localization/ToolTips/ja/ToolTips.locres) Source String Hash: (1728943471) Localized String: (ブレンドスペースでサンプリングするZ座標)
[2016.07.16-09.53.25:474][  0]LogTextLocalizationManager:Warning: Loaded localization resources contain conflicting entries for (Namespace:UObjectToolTips, Key:AnimNode_BlendSpacePlayer:BlendSpace):
Localization Resource: (C:/Program Files (x86)/Epic Games/4.12/Engine/Content/Localization/EditorTutorials/ja/EditorTutorials.locres) Source String Hash: (1599043277) Localized String: (再生するブレンドスペースのアセット)
Localization Resource: (C:/Program Files (x86)/Epic Games/4.12/Engine/Content/Localization/ToolTips/ja/ToolTips.locres) Source String Hash: (1599043277) Localized String: (再生するブレンド空間アセット)
[2016.07.16-09.53.25:474][  0]LogTextLocalizationManager:Warning: Loaded localization resources contain conflicting entries for (Namespace:UObjectToolTips, Key:AnimNode_StateMachine:MaxTransitionsPerFrame):
Localization Resource: (C:/Program Files (x86)/Epic Games/4.12/Engine/Content/Localization/EditorTutorials/ja/EditorTutorials.locres) Source String Hash: (1567650430) Localized String: (このマシーンで1フレームあたりに同時に処理できるトランジションの最大数)
Localization Resource: (C:/Program Files (x86)/Epic Games/4.12/Engine/Content/Localization/ToolTips/ja/ToolTips.locres) Source String Hash: (1567650430) Localized String: (単一フレームでマシーンが「同時」に受け取れる遷移の最大数)
[2016.07.16-09.53.25:474][  0]LogTextLocalizationManager:Warning: Loaded localization resources contain conflicting entries for (Namespace:UObjectToolTips, Key:AnimNode_BlendSpacePlayer:PlayRate):
Localization Resource: (C:/Program Files (x86)/Epic Games/4.12/Engine/Content/Localization/EditorTutorials/ja/EditorTutorials.locres) Source String Hash: (-1274923958) Localized String: (再生速度の倍率です。負の数値も使う事ができます。その場合逆再生になります。)
Localization Resource: (C:/Program Files (x86)/Epic Games/4.12/Engine/Content/Localization/ToolTips/ja/ToolTips.locres) Source String Hash: (-1274923958) Localized String: (再生レート乗数。アニメーションを逆再生する負の値にすることができます。)
[2016.07.16-09.53.25:589][  0]LogD3D11RHI: D3D11 adapters:
[2016.07.16-09.53.25:605][  0]LogD3D11RHI:    0. 'NVIDIA GeForce GTX 970' (Feature Level 11_0)
[2016.07.16-09.53.25:605][  0]LogD3D11RHI:       4007/0/8182 MB DedicatedVideo/DedicatedSystem/SharedSystem, Outputs:1, VendorId:0x10de
[2016.07.16-09.53.25:606][  0]LogD3D11RHI:    1. 'Microsoft Basic Render Driver' (Feature Level 11_0)
[2016.07.16-09.53.25:606][  0]LogD3D11RHI:       0/0/8182 MB DedicatedVideo/DedicatedSystem/SharedSystem, Outputs:0, VendorId:0x1414
[2016.07.16-09.53.25:606][  0]LogD3D11RHI: Chosen D3D11 Adapter: 0
[2016.07.16-09.53.25:610][  0]LogD3D11RHI: Creating new Direct3DDevice
[2016.07.16-09.53.25:610][  0]LogD3D11RHI:     GPU DeviceId: 0x13c2 (for the marketing name, search the web for "GPU Device Id")
[2016.07.16-09.53.25:610][  0]LogWindows: EnumDisplayDevices:
[2016.07.16-09.53.25:610][  0]LogWindows:    0. 'NVIDIA GeForce GTX 970' (P:1 D:1)
[2016.07.16-09.53.25:610][  0]LogWindows:    1. 'NVIDIA GeForce GTX 970' (P:0 D:0)
[2016.07.16-09.53.25:610][  0]LogWindows:    2. 'NVIDIA GeForce GTX 970' (P:0 D:0)
[2016.07.16-09.53.25:610][  0]LogWindows:    3. 'NVIDIA GeForce GTX 970' (P:0 D:0)
[2016.07.16-09.53.25:610][  0]LogWindows: DebugString: FoundDriverCount:4 
[2016.07.16-09.53.25:610][  0]LogD3D11RHI:     Adapter Name: NVIDIA GeForce GTX 970
[2016.07.16-09.53.25:610][  0]LogD3D11RHI:   Driver Version: 365.10 (internal:10.18.13.6510, unified:365.10)
[2016.07.16-09.53.25:610][  0]LogD3D11RHI:      Driver Date: 4-27-2016
[2016.07.16-09.53.25:610][  0]LogRHI: Texture pool is 1361 MB (70% of 1945 MB)
[2016.07.16-09.53.25:620][  0]LogD3D11RHI: Async texture creation enabled
[2016.07.16-09.53.25:629][  0]LogD3D11RHI: GPU Timing Frequency: 1000.000000 (Debug: 2 1)
[2016.07.16-09.53.25:629][  0]LogShaderCompilers: Guid format shader working directory is -19 characters bigger than the processId version (../../../../../../Users/game/Documents/steamrumb/steamrumb 4.12/Intermediate/Shaders/WorkingDirectory/10656/).
[2016.07.16-09.53.25:630][  0]LogShaderCompilers: Cleaned the shader compiler working directory 'C:/Users/game/AppData/Local/Temp/UnrealShaderWorkingDir/3220DAAE4151A4A987FEA4B2D5DF2407/'.
[2016.07.16-09.53.25:630][  0]LogShaderCompilers:Display: Using Local Shader Compiler.
[2016.07.16-09.53.26:951][  0]LogTemp:Display: Loaded TP AllDesktopTargetPlatform
[2016.07.16-09.53.26:959][  0]LogTemp:Display: Loaded TP WindowsClientTargetPlatform
[2016.07.16-09.53.26:967][  0]LogTemp:Display: Loaded TP WindowsNoEditorTargetPlatform
[2016.07.16-09.53.26:974][  0]LogTemp:Display: Loaded TP WindowsServerTargetPlatform
[2016.07.16-09.53.26:982][  0]LogTemp:Display: Loaded TP WindowsTargetPlatform
[2016.07.16-09.53.26:988][  0]LogTemp:Display: Loaded TP AndroidTargetPlatform
[2016.07.16-09.53.26:994][  0]LogTemp:Display: Loaded TP Android_ASTCTargetPlatform
[2016.07.16-09.53.27:001][  0]LogTemp:Display: Loaded TP Android_ATCTargetPlatform
[2016.07.16-09.53.27:007][  0]LogTemp:Display: Loaded TP Android_DXTTargetPlatform
[2016.07.16-09.53.27:013][  0]LogTemp:Display: Loaded TP Android_ETC1TargetPlatform
[2016.07.16-09.53.27:019][  0]LogTemp:Display: Loaded TP Android_ETC2TargetPlatform
[2016.07.16-09.53.27:032][  0]LogTemp:Display: Loaded TP Android_MultiTargetPlatform
[2016.07.16-09.53.27:032][  0]LogTemp:Display: Loaded TP Android_PVRTCTargetPlatform
[2016.07.16-09.53.27:032][  0]LogTemp:Display: Loaded TP HTML5TargetPlatform
[2016.07.16-09.53.27:051][  0]LogTemp:Display: Loaded TP IOSTargetPlatform
[2016.07.16-09.53.27:057][  0]LogTemp:Display: Loaded TP TVOSTargetPlatform
[2016.07.16-09.53.27:064][  0]LogTemp:Display: Loaded TP LinuxNoEditorTargetPlatform
[2016.07.16-09.53.27:070][  0]LogTemp:Display: Loaded TP LinuxServerTargetPlatform
[2016.07.16-09.53.27:077][  0]LogTemp:Display: Loaded TP LinuxTargetPlatform
[2016.07.16-09.53.27:077][  0]LogTargetPlatformManager:Display: Building Assets For Windows
[2016.07.16-09.53.27:136][  0]LogDerivedDataCache:Display: Max Cache Size: 512 MB
[2016.07.16-09.53.27:189][  0]LogDerivedDataCache: Loaded boot cache 0.05s 78MB C:/Users/game/AppData/Local/UnrealEngine/4.12/DerivedDataCache/Boot.ddc.
[2016.07.16-09.53.27:189][  0]LogDerivedDataCache:Display: Loaded Boot cache: C:/Users/game/AppData/Local/UnrealEngine/4.12/DerivedDataCache/Boot.ddc
[2016.07.16-09.53.27:189][  0]LogDerivedDataCache: FDerivedDataBackendGraph:  Pak pak cache file ../../../../../../Users/game/Documents/steamrumb/steamrumb 4.12/DerivedDataCache/DDC.ddp not found, will not use a pak cache.
[2016.07.16-09.53.27:189][  0]LogDerivedDataCache: Unable to find inner node Pak for hierarchical cache Hierarchy.
[2016.07.16-09.53.27:189][  0]LogDerivedDataCache: FDerivedDataBackendGraph:  CompressedPak pak cache file ../../../../../../Users/game/Documents/steamrumb/steamrumb 4.12/DerivedDataCache/Compressed.ddp not found, will not use a pak cache.
[2016.07.16-09.53.27:189][  0]LogDerivedDataCache: Unable to find inner node CompressedPak for hierarchical cache Hierarchy.
[2016.07.16-09.53.27:203][  0]LogDerivedDataCache:Display: Pak cache opened for reading ../../../Engine/DerivedDataCache/Compressed.ddp.
[2016.07.16-09.53.27:215][  0]LogDerivedDataCache: Using Local data cache path C:/Users/game/AppData/Local/UnrealEngine/Common/DerivedDataCache: Writable
[2016.07.16-09.53.27:374][  0]LogInit: Selected Device Profile: [Windows]
[2016.07.16-09.53.27:374][  0]LogContentStreaming: Texture pool size is 0.00 MB
[2016.07.16-09.53.27:507][  0]LogMeshUtilities: No automatic mesh reduction module available
[2016.07.16-09.53.27:507][  0]LogMeshUtilities: No automatic mesh merging module available
[2016.07.16-09.53.27:507][  0]LogMeshUtilities: No distributed automatic mesh merging module available
[2016.07.16-09.53.27:704][  0]LogAssetRegistry: FAssetRegistry took 0.0211 seconds to start up
[2016.07.16-09.53.27:728][  0]LogPackageLocalizationCache: Processed 3 localized package path(s) for 2 prioritized culture(s) in 0.021931 seconds
[2016.07.16-09.53.27:733][  0]LogUObjectArray: 28739 objects as part of root set at end of initial load.
[2016.07.16-09.53.27:733][  0]LogUObjectAllocator: 5855632 out of 0 bytes used by permanent object pool.
[2016.07.16-09.53.27:733][  0]LogUObjectArray: CloseDisregardForGC: 0/0 objects in disregard for GC pool
[2016.07.16-09.53.27:739][  0]LogInit: WinSock: version 1.1 (2.2), MaxSocks=32767, MaxUdp=65467
[2016.07.16-09.53.27:878][  0]LogSlate: SlateFontCache - WITH_FREETYPE: 1, WITH_HARFBUZZ: 1
[2016.07.16-09.53.27:878][  0]LogSlate: SlateFontCache - WITH_FREETYPE: 1, WITH_HARFBUZZ: 1
[2016.07.16-09.53.28:422][  0]LogUdpMessaging: Initializing bridge on interface 0.0.0.0:0 to multicast group 230.0.0.1:6666.
[2016.07.16-09.53.28:600][  0]SourceControl: 情報 ソースコントロールは無効です
[2016.07.16-09.53.28:629][  0]SourceControl: 情報 ソースコントロールは無効です
[2016.07.16-09.53.28:638][  0]SourceControl: 情報 ソースコントロールは無効です
[2016.07.16-09.53.28:646][  0]SourceControl: 情報 ソースコントロールは無効です
[2016.07.16-09.53.28:812][  0]LogEngine: Initializing Engine...
[2016.07.16-09.53.28:823][  0]LogHMD: SteamVR initialized.  Driver: lighthouse  Display: LHR-8F83D948
[2016.07.16-09.53.28:836][  0]LogHMD: SteamVR initialized.  Driver: lighthouse  Display: LHR-8F83D948
[2016.07.16-09.53.28:945][  0]LogAIModule: Creating AISystem for world NewWorld
[2016.07.16-09.53.28:956][  0]LogInit: XAudio2 using 'スピーカー (3- USB Audio Device)' : 2 channels at 44.1 kHz using 16 bits per sample (channel mask 0x3)
[2016.07.16-09.53.28:963][  0]LogInit: FAudioDevice initialized.
[2016.07.16-09.53.28:986][  0]LogDerivedDataCache: Saved boot cache 0.02s 48MB C:/Users/game/AppData/Local/UnrealEngine/4.12/DerivedDataCache/Boot.ddc.
[2016.07.16-09.53.28:994][  0]LogInit: Texture streaming: Enabled
[2016.07.16-09.53.29:015][  0]LogInit: Transaction tracking system initialized
[2016.07.16-09.53.29:033][  0]BlueprintLog: New page: エディタの読み込み
[2016.07.16-09.53.29:088][  0]LocalizationService: 情報 ローカライズのサービスが無効になりました
[2016.07.16-09.53.29:141][  0]LogConsoleResponse:Display: 
[2016.07.16-09.53.29:228][  0]LogCook:Display: Max memory allowance for cook 8192mb
[2016.07.16-09.53.29:228][  0]LogCook:Display: Mobile HDR setting 1
[2016.07.16-09.53.29:309][  0]LogFileCache: Scanning file cache for directory 'C:/Users/game/Documents/steamrumb/steamrumb 4.12/Content/' took 0.03s
[2016.07.16-09.53.29:309][  0]SourceControl: 情報 ソースコントロールは無効です
[2016.07.16-09.53.29:379][  0]LogWindowsTextInputMethodSystem:Display: IME system now activated using TSF (Microsoft IME).
[2016.07.16-09.53.33:557][  0]LogWindowsTextInputMethodSystem:Display: IME system now activated using TSF (Microsoft IME).
[2016.07.16-09.53.33:565][  0]LogWindowsTextInputMethodSystem:Display: IME system now activated using TSF (Microsoft IME).
[2016.07.16-09.53.34:877][  0]LogWindowsTextInputMethodSystem:Display: IME system now activated using TSF (Microsoft IME).
[2016.07.16-09.53.34:915][  0]LogWindowsTextInputMethodSystem:Display: IME system now activated using TSF (Microsoft IME).
[2016.07.16-09.53.34:916][  0]Cmd: MAP LOAD FILE="../../../../../../Users/game/Documents/steamrumb/steamrumb 4.12/Content/ThirdPersonBP/Maps/ThirdPersonExampleMap.umap" TEMPLATE=0 SHOWPROGRESS=1 FEATURELEVEL=3
[2016.07.16-09.53.34:917][  0]LightingResults: New page: ライティングのビルド
[2016.07.16-09.53.34:920][  0]MapCheck: New page: マップをチェック
[2016.07.16-09.53.34:920][  0]LightingResults: New page: <何も選択されていません>
[2016.07.16-09.53.35:689][  0]LogAIModule: Creating AISystem for world ThirdPersonExampleMap
[2016.07.16-09.53.35:699][  0]LogEditorServer: Finished looking for orphan Actors (0.000 secs)
[2016.07.16-09.53.35:699][  0]Cmd: MAP CHECKDEP NOCLEARLOG
[2016.07.16-09.53.35:751][  0]MapCheck: 情報 マップチェックが完了: 0 エラー、 0 警告、完了に 50.921ミリ秒かかりました。
[2016.07.16-09.53.35:751][  0]LogFileHelpers: Loading map 'ThirdPersonExampleMap' took 0.834
[2016.07.16-09.53.35:832][  0]LogStats:Warning: MetaData mismatch. Did you assign a stat to two groups? New //STATGROUP_Threads//SplashScreenThread///Thread_1c48_0///####STATCAT_Advanced#### old //STATGROUP_Threads//SplashScreenThread///Thread_a64_0///####STATCAT_Advanced####
[2016.07.16-09.53.35:832][  0]LogCollectionManager: Loaded 0 collections in 0.001521 seconds
[2016.07.16-09.53.35:871][  0]LogFileCache: Scanning file cache for directory 'C:/Users/game/Documents/steamrumb/steamrumb 4.12/Saved/Collections/' took 0.01s
[2016.07.16-09.53.35:871][  0]LogFileCache: Scanning file cache for directory 'C:/Users/game/Documents/steamrumb/steamrumb 4.12/Content/Developers/game/Collections/' took 0.01s
[2016.07.16-09.53.35:871][  0]LogFileCache: Scanning file cache for directory 'C:/Users/game/Documents/steamrumb/steamrumb 4.12/Content/Collections/' took 0.01s
[2016.07.16-09.53.35:871][  0]LogCollectionManager: Rebuilt the GUID cache for 0 collections in 0.000002 seconds
[2016.07.16-09.53.35:878][  0]LogContentBrowser: Native class hierarchy populated in 0.0073 seconds. Added 2047 classes and 369 folders.
[2016.07.16-09.53.35:882][  0]LogStats: UGameplayTagsManager::ConstructGameplayTagTree: Construct from data asset -  0.000 s
[2016.07.16-09.53.35:882][  0]LogStats: UGameplayTagsManager::ConstructGameplayTagTree: GameplayTagTreeChangedEvent.Broadcast -  0.000 s
[2016.07.16-09.53.35:882][  0]LogContentBrowser: Native class hierarchy updated for 'GameplayTags' in 0.0004 seconds. Added 12 classes and 0 folders.
[2016.07.16-09.53.35:886][  0]LogContentBrowser: Native class hierarchy updated for 'WidgetCarousel' in 0.0003 seconds. Added 0 classes and 0 folders.
[2016.07.16-09.53.35:920][  0]LogContentBrowser: Native class hierarchy updated for 'AddContentDialog' in 0.0003 seconds. Added 0 classes and 0 folders.
[2016.07.16-09.53.35:924][  0]LogContentBrowser: Native class hierarchy updated for 'SceneOutliner' in 0.0003 seconds. Added 1 classes and 2 folders.
[2016.07.16-09.53.36:008][  0]LogCrashTracker: Crashtracker disabled due to settings.
[2016.07.16-09.53.36:012][  0]LogUObjectGlobals:Warning: オブジェクト 'Class なし.' が見つかりませんでした
[2016.07.16-09.53.36:037][  0]LogContentBrowser: Native class hierarchy updated for 'HierarchicalLODOutliner' in 0.0003 seconds. Added 1 classes and 2 folders.
[2016.07.16-09.53.36:037][  0]LogLoad: Full Startup: 11.33 seconds (BP compile: 0.20 seconds)
[2016.07.16-09.53.36:037][  0]LogExternalProfiler: Found external profiler: VSPerf
[2016.07.16-09.53.36:037][  0]LogExternalProfiler: Using external profiler: VSPerf
[2016.07.16-09.53.36:049][  0]LogOcInput: OculusInput pre-init called
[2016.07.16-09.53.36:067][  0]LogContentStreaming: Texture pool size now 700 MB
[2016.07.16-09.53.36:208][  0]LogRenderer: Reallocating scene render targets to support 1208x576 (Frame:2).
[2016.07.16-09.53.36:314][  2]LogAssetRegistry: Asset discovery search completed in 8.6306 seconds
[2016.07.16-09.53.36:314][  2]LogCollectionManager: Rebuilt the object cache for 0 collections in 0.000001 seconds (found 0 objects)
[2016.07.16-09.53.36:314][  2]LogCollectionManager: Fixed up redirectors for 0 collections in 0.000020 seconds (updated 0 objects)
[2016.07.16-09.53.50:436][620]LogContentBrowser: Native class hierarchy updated for 'BlueprintGraph' in 0.0006 seconds. Added 111 classes and 0 folders.
[2016.07.16-09.54.07:209][163]LogWindows: Windows GetLastError: この操作を正しく終了しました。 (0)
[2016.07.16-09.54.50:573][790]Cmd: OBJ SAVEPACKAGE PACKAGE="/Game/Blueprints/parts" FILE="../../../../../../Users/game/Documents/steamrumb/steamrumb 4.12/Content/Blueprints/parts.uasset" SILENT=true
[2016.07.16-09.54.50:627][790]LogSavePackage: Save=40.63ms
[2016.07.16-09.54.50:627][790]LogSavePackage: Moving '../../../../../../Users/game/Documents/steamrumb/steamrumb 4.12/Saved/parts3D53B8D540B673A9F952C6B694E864CB.tmp' to '../../../../../../Users/game/Documents/steamrumb/steamrumb 4.12/Content/Blueprints/parts.uasset'
[2016.07.16-09.54.50:631][790]LogSavePackage:Display: Finished SavePackage ../../../../../../Users/game/Documents/steamrumb/steamrumb 4.12/Content/Blueprints/parts.uasset
[2016.07.16-09.54.51:348][863]BlueprintLog: New page: parts をコンパイル
[2016.07.16-09.54.51:862][863]LogCrashTracker: 


[2016.07.16-09.54.51:862][863]LogCrashTracker: 


[2016.07.16-09.54.51:862][863]LogWindows:Error: === Critical error: ===
Assertion failed: SharedThis.Get() == this [File:D:\Build\++UE4+Release-4.12+Compile\Sync\Engine\Source\Runtime\Core\Public\Templates\SharedPointer.h] [Line: 1093] 





